[ 2016-04-17T19:27:32+08:00 ] ::1 /things/test
INFO: [ app_init ] --START--
INFO: Run Behavior\BuildLiteBehavior [ RunTime:0.000031s ]
INFO: [ app_init ] --END-- [ RunTime:0.000906s ]
INFO: [ app_begin ] --START--
INFO: Run Behavior\ReadHtmlCacheBehavior [ RunTime:0.011762s ]
INFO: [ app_begin ] --END-- [ RunTime:0.011915s ]
SQL: SHOW COLUMNS FROM `things_goods` [ RunTime:0.0042s ]
SQL: SELECT * FROM `things_goods` WHERE ( url_id="by7gively07fpdev" )  [ RunTime:0.0004s ]
INFO: [ app_end ] --START--
INFO: Run Behavior\ShowPageTraceBehavior [ RunTime:0.023072s ]
INFO: [ app_end ] --END-- [ RunTime:0.023259s ]

[ 2016-04-17T19:27:35+08:00 ] ::1 /things/test
INFO: [ app_init ] --START--
INFO: Run Behavior\BuildLiteBehavior [ RunTime:0.000052s ]
INFO: [ app_init ] --END-- [ RunTime:0.001694s ]
INFO: [ app_begin ] --START--
INFO: Run Behavior\ReadHtmlCacheBehavior [ RunTime:0.001946s ]
INFO: [ app_begin ] --END-- [ RunTime:0.002171s ]
SQL: SHOW COLUMNS FROM `things_goods` [ RunTime:0.0045s ]
SQL: SELECT * FROM `things_goods` WHERE ( url_id="by7gively07fpdev" )  [ RunTime:0.0006s ]
INFO: [ app_end ] --START--
INFO: Run Behavior\ShowPageTraceBehavior [ RunTime:0.001801s ]
INFO: [ app_end ] --END-- [ RunTime:0.001969s ]

[ 2016-04-17T19:31:02+08:00 ] ::1 /things/code/index?id=by7gively07fpdesv
INFO: [ app_init ] --START--
INFO: Run Behavior\BuildLiteBehavior [ RunTime:0.000029s ]
INFO: [ app_init ] --END-- [ RunTime:0.000712s ]
INFO: [ app_begin ] --START--
INFO: Run Behavior\ReadHtmlCacheBehavior [ RunTime:0.001435s ]
INFO: [ app_begin ] --END-- [ RunTime:0.001639s ]
NOTIC: [2048] Declaration of Home\Controller\CodeController::show() should be compatible with Think\Controller::show($content, $charset = '', $contentType = '', $prefix = '') E:\wamp\www\things\things\Home\Controller\CodeController.class.php 第 71 行.
SQL: SHOW COLUMNS FROM `things_goods` [ RunTime:0.0041s ]
SQL: SELECT * FROM `things_goods` WHERE ( url_id="by7gively07fpdesv" )  [ RunTime:0.0005s ]

[ 2016-04-17T19:31:09+08:00 ] ::1 /things/code/index?id=by7gively07fpdesv
INFO: [ app_init ] --START--
INFO: Run Behavior\BuildLiteBehavior [ RunTime:0.000029s ]
INFO: [ app_init ] --END-- [ RunTime:0.000925s ]
INFO: [ app_begin ] --START--
INFO: Run Behavior\ReadHtmlCacheBehavior [ RunTime:0.000927s ]
INFO: [ app_begin ] --END-- [ RunTime:0.001040s ]
NOTIC: [2048] Declaration of Home\Controller\CodeController::show() should be compatible with Think\Controller::show($content, $charset = '', $contentType = '', $prefix = '') E:\wamp\www\things\things\Home\Controller\CodeController.class.php 第 71 行.
SQL: SHOW COLUMNS FROM `things_goods` [ RunTime:0.0046s ]
SQL: SELECT * FROM `things_goods` WHERE ( url_id="by7gively07fpdesv" )  [ RunTime:0.0004s ]

[ 2016-04-17T19:31:24+08:00 ] ::1 /things/code/index?id=by7gively07fpdev
INFO: [ app_init ] --START--
INFO: Run Behavior\BuildLiteBehavior [ RunTime:0.000027s ]
INFO: [ app_init ] --END-- [ RunTime:0.000697s ]
INFO: [ app_begin ] --START--
INFO: Run Behavior\ReadHtmlCacheBehavior [ RunTime:0.000830s ]
INFO: [ app_begin ] --END-- [ RunTime:0.000937s ]
NOTIC: [2048] Declaration of Home\Controller\CodeController::show() should be compatible with Think\Controller::show($content, $charset = '', $contentType = '', $prefix = '') E:\wamp\www\things\things\Home\Controller\CodeController.class.php 第 71 行.
SQL: SHOW COLUMNS FROM `things_goods` [ RunTime:0.0038s ]
SQL: SELECT * FROM `things_goods` WHERE ( url_id="by7gively07fpdev" )  [ RunTime:0.0004s ]
NOTIC: [8] A session had already been started - ignoring session_start() E:\wamp\www\things\things\Home\Controller\CodeController.class.php 第 11 行.
SQL: SELECT `username` FROM `things_goods` WHERE ( url_id="by7gively07fpdev" ) LIMIT 1   [ RunTime:0.0005s ]
SQL: SHOW COLUMNS FROM `things_swap` [ RunTime:0.0038s ]
SQL: INSERT INTO `things_swap` (`goods_id`,`username`,`time`) VALUES ('1','0','2016-04-17 19:31:24') [ RunTime:0.0564s ]
INFO: [ app_end ] --START--
INFO: Run Behavior\ShowPageTraceBehavior [ RunTime:0.001140s ]
INFO: [ app_end ] --END-- [ RunTime:0.001247s ]

[ 2016-04-17T19:32:18+08:00 ] ::1 /things/IndexJson/login
INFO: [ app_init ] --START--
INFO: Run Behavior\BuildLiteBehavior [ RunTime:0.000028s ]
INFO: [ app_init ] --END-- [ RunTime:0.000824s ]
INFO: [ app_begin ] --START--
INFO: Run Behavior\ReadHtmlCacheBehavior [ RunTime:0.000895s ]
INFO: [ app_begin ] --END-- [ RunTime:0.000999s ]
SQL: SHOW COLUMNS FROM `things_user` [ RunTime:0.0039s ]
SQL: SELECT * FROM `things_user` WHERE ( username="biao" )  [ RunTime:0.0004s ]
NOTIC: [8] A session had already been started - ignoring session_start() E:\wamp\www\things\things\Home\Controller\IndexJsonController.class.php 第 54 行.
INFO: [ app_end ] --START--
INFO: Run Behavior\ShowPageTraceBehavior [ RunTime:0.001084s ]
INFO: [ app_end ] --END-- [ RunTime:0.001188s ]

[ 2016-04-17T19:32:30+08:00 ] ::1 /things/code/show?id=by7gively07fpdev
INFO: [ app_init ] --START--
INFO: Run Behavior\BuildLiteBehavior [ RunTime:0.000030s ]
INFO: [ app_init ] --END-- [ RunTime:0.001177s ]
INFO: [ app_begin ] --START--
INFO: Run Behavior\ReadHtmlCacheBehavior [ RunTime:0.001719s ]
INFO: [ app_begin ] --END-- [ RunTime:0.001858s ]
NOTIC: [2048] Declaration of Home\Controller\CodeController::show() should be compatible with Think\Controller::show($content, $charset = '', $contentType = '', $prefix = '') E:\wamp\www\things\things\Home\Controller\CodeController.class.php 第 71 行.
NOTIC: [8] A session had already been started - ignoring session_start() E:\wamp\www\things\things\Home\Controller\CodeController.class.php 第 38 行.
SQL: SHOW COLUMNS FROM `things_goods` [ RunTime:0.0039s ]
SQL: SELECT * FROM `things_goods` WHERE ( url_id="by7gively07fpdev" )  [ RunTime:0.0003s ]
INFO: [ view_parse ] --START--
INFO: [ template_filter ] --START--
INFO: Run Behavior\ContentReplaceBehavior [ RunTime:0.000071s ]
INFO: [ template_filter ] --END-- [ RunTime:0.000191s ]
INFO: Run Behavior\ParseTemplateBehavior [ RunTime:0.040478s ]
INFO: [ view_parse ] --END-- [ RunTime:0.040614s ]
INFO: [ view_filter ] --START--
INFO: Run Behavior\WriteHtmlCacheBehavior [ RunTime:0.017300s ]
INFO: [ view_filter ] --END-- [ RunTime:0.017456s ]
INFO: [ app_end ] --START--
INFO: Run Behavior\ShowPageTraceBehavior [ RunTime:0.001811s ]
INFO: [ app_end ] --END-- [ RunTime:0.001923s ]

[ 2016-04-17T19:32:47+08:00 ] ::1 /things/code/index?id=by7gively07fpdesv
INFO: [ app_init ] --START--
INFO: Run Behavior\BuildLiteBehavior [ RunTime:0.000027s ]
INFO: [ app_init ] --END-- [ RunTime:0.000824s ]
INFO: [ app_begin ] --START--
INFO: Run Behavior\ReadHtmlCacheBehavior [ RunTime:0.001524s ]
INFO: [ app_begin ] --END-- [ RunTime:0.001642s ]
NOTIC: [2048] Declaration of Home\Controller\CodeController::show() should be compatible with Think\Controller::show($content, $charset = '', $contentType = '', $prefix = '') E:\wamp\www\things\things\Home\Controller\CodeController.class.php 第 71 行.
SQL: SHOW COLUMNS FROM `things_goods` [ RunTime:0.0038s ]
SQL: SELECT * FROM `things_goods` WHERE ( url_id="by7gively07fpdesv" )  [ RunTime:0.0004s ]

[ 2016-04-17T19:32:50+08:00 ] ::1 /things/code/index?id=by7gively07fpdesv
INFO: [ app_init ] --START--
INFO: Run Behavior\BuildLiteBehavior [ RunTime:0.000029s ]
INFO: [ app_init ] --END-- [ RunTime:0.000856s ]
INFO: [ app_begin ] --START--
INFO: Run Behavior\ReadHtmlCacheBehavior [ RunTime:0.001487s ]
INFO: [ app_begin ] --END-- [ RunTime:0.001599s ]
NOTIC: [2048] Declaration of Home\Controller\CodeController::show() should be compatible with Think\Controller::show($content, $charset = '', $contentType = '', $prefix = '') E:\wamp\www\things\things\Home\Controller\CodeController.class.php 第 71 行.
SQL: SHOW COLUMNS FROM `things_goods` [ RunTime:0.0047s ]
SQL: SELECT * FROM `things_goods` WHERE ( url_id="by7gively07fpdesv" )  [ RunTime:0.0004s ]

[ 2016-04-17T19:32:54+08:00 ] ::1 /things/code/index?id=by7gively07fpdev
INFO: [ app_init ] --START--
INFO: Run Behavior\BuildLiteBehavior [ RunTime:0.000030s ]
INFO: [ app_init ] --END-- [ RunTime:0.001088s ]
INFO: [ app_begin ] --START--
INFO: Run Behavior\ReadHtmlCacheBehavior [ RunTime:0.001648s ]
INFO: [ app_begin ] --END-- [ RunTime:0.001813s ]
NOTIC: [2048] Declaration of Home\Controller\CodeController::show() should be compatible with Think\Controller::show($content, $charset = '', $contentType = '', $prefix = '') E:\wamp\www\things\things\Home\Controller\CodeController.class.php 第 71 行.
SQL: SHOW COLUMNS FROM `things_goods` [ RunTime:0.0038s ]
SQL: SELECT * FROM `things_goods` WHERE ( url_id="by7gively07fpdev" )  [ RunTime:0.0004s ]
NOTIC: [8] A session had already been started - ignoring session_start() E:\wamp\www\things\things\Home\Controller\CodeController.class.php 第 11 行.
SQL: SELECT `username` FROM `things_goods` WHERE ( url_id="by7gively07fpdev" ) LIMIT 1   [ RunTime:0.0003s ]
SQL: SHOW COLUMNS FROM `things_swap` [ RunTime:0.0040s ]
SQL: INSERT INTO `things_swap` (`goods_id`,`username`,`time`) VALUES ('1','biao','2016-04-17 19:32:54') [ RunTime:0.0337s ]
INFO: [ app_end ] --START--
INFO: Run Behavior\ShowPageTraceBehavior [ RunTime:0.001624s ]
INFO: [ app_end ] --END-- [ RunTime:0.001737s ]

[ 2016-04-17T19:33:09+08:00 ] ::1 /things/code/show?id=by7gively07fpdev
INFO: [ app_init ] --START--
INFO: Run Behavior\BuildLiteBehavior [ RunTime:0.000027s ]
INFO: [ app_init ] --END-- [ RunTime:0.000824s ]
INFO: [ app_begin ] --START--
INFO: Run Behavior\ReadHtmlCacheBehavior [ RunTime:0.001528s ]
INFO: [ app_begin ] --END-- [ RunTime:0.001654s ]
NOTIC: [2048] Declaration of Home\Controller\CodeController::show() should be compatible with Think\Controller::show($content, $charset = '', $contentType = '', $prefix = '') E:\wamp\www\things\things\Home\Controller\CodeController.class.php 第 71 行.
NOTIC: [8] A session had already been started - ignoring session_start() E:\wamp\www\things\things\Home\Controller\CodeController.class.php 第 38 行.
SQL: SHOW COLUMNS FROM `things_goods` [ RunTime:0.0040s ]
SQL: SELECT * FROM `things_goods` WHERE ( url_id="by7gively07fpdev" )  [ RunTime:0.0003s ]
INFO: [ view_parse ] --START--
INFO: [ template_filter ] --START--
INFO: Run Behavior\ContentReplaceBehavior [ RunTime:0.000076s ]
INFO: [ template_filter ] --END-- [ RunTime:0.000204s ]
INFO: Run Behavior\ParseTemplateBehavior [ RunTime:0.010471s ]
INFO: [ view_parse ] --END-- [ RunTime:0.010617s ]
INFO: [ view_filter ] --START--
INFO: Run Behavior\WriteHtmlCacheBehavior [ RunTime:0.001253s ]
INFO: [ view_filter ] --END-- [ RunTime:0.001370s ]
INFO: [ app_end ] --START--
INFO: Run Behavior\ShowPageTraceBehavior [ RunTime:0.001460s ]
INFO: [ app_end ] --END-- [ RunTime:0.001560s ]

[ 2016-04-17T19:33:09+08:00 ] ::1 /things/code/show?id=by7gively07fpdev
INFO: [ app_init ] --START--
INFO: Run Behavior\BuildLiteBehavior [ RunTime:0.000027s ]
INFO: [ app_init ] --END-- [ RunTime:0.000804s ]
INFO: [ app_begin ] --START--
INFO: Run Behavior\ReadHtmlCacheBehavior [ RunTime:0.001443s ]
INFO: [ app_begin ] --END-- [ RunTime:0.001552s ]
NOTIC: [2048] Declaration of Home\Controller\CodeController::show() should be compatible with Think\Controller::show($content, $charset = '', $contentType = '', $prefix = '') E:\wamp\www\things\things\Home\Controller\CodeController.class.php 第 71 行.
NOTIC: [8] A session had already been started - ignoring session_start() E:\wamp\www\things\things\Home\Controller\CodeController.class.php 第 38 行.
SQL: SHOW COLUMNS FROM `things_goods` [ RunTime:0.0038s ]
SQL: SELECT * FROM `things_goods` WHERE ( url_id="by7gively07fpdev" )  [ RunTime:0.0003s ]
INFO: [ view_parse ] --START--
INFO: [ template_filter ] --START--
INFO: Run Behavior\ContentReplaceBehavior [ RunTime:0.000070s ]
INFO: [ template_filter ] --END-- [ RunTime:0.000195s ]
INFO: Run Behavior\ParseTemplateBehavior [ RunTime:0.010732s ]
INFO: [ view_parse ] --END-- [ RunTime:0.010854s ]
INFO: [ view_filter ] --START--
INFO: Run Behavior\WriteHtmlCacheBehavior [ RunTime:0.001196s ]
INFO: [ view_filter ] --END-- [ RunTime:0.001304s ]
INFO: [ app_end ] --START--
INFO: Run Behavior\ShowPageTraceBehavior [ RunTime:0.001538s ]
INFO: [ app_end ] --END-- [ RunTime:0.001640s ]

[ 2016-04-17T19:33:09+08:00 ] ::1 /things/code/show?id=by7gively07fpdev
INFO: [ app_init ] --START--
INFO: Run Behavior\BuildLiteBehavior [ RunTime:0.000027s ]
INFO: [ app_init ] --END-- [ RunTime:0.000890s ]
INFO: [ app_begin ] --START--
INFO: Run Behavior\ReadHtmlCacheBehavior [ RunTime:0.001759s ]
INFO: [ app_begin ] --END-- [ RunTime:0.001885s ]
NOTIC: [2048] Declaration of Home\Controller\CodeController::show() should be compatible with Think\Controller::show($content, $charset = '', $contentType = '', $prefix = '') E:\wamp\www\things\things\Home\Controller\CodeController.class.php 第 71 行.
NOTIC: [8] A session had already been started - ignoring session_start() E:\wamp\www\things\things\Home\Controller\CodeController.class.php 第 38 行.
SQL: SHOW COLUMNS FROM `things_goods` [ RunTime:0.0038s ]
SQL: SELECT * FROM `things_goods` WHERE ( url_id="by7gively07fpdev" )  [ RunTime:0.0004s ]
INFO: [ view_parse ] --START--
INFO: [ template_filter ] --START--
INFO: Run Behavior\ContentReplaceBehavior [ RunTime:0.000074s ]
INFO: [ template_filter ] --END-- [ RunTime:0.000227s ]
INFO: Run Behavior\ParseTemplateBehavior [ RunTime:0.010817s ]
INFO: [ view_parse ] --END-- [ RunTime:0.010950s ]
INFO: [ view_filter ] --START--
INFO: Run Behavior\WriteHtmlCacheBehavior [ RunTime:0.001417s ]
INFO: [ view_filter ] --END-- [ RunTime:0.001523s ]
INFO: [ app_end ] --START--
INFO: Run Behavior\ShowPageTraceBehavior [ RunTime:0.001476s ]
INFO: [ app_end ] --END-- [ RunTime:0.001578s ]

[ 2016-04-17T19:39:23+08:00 ] ::1 /things/code/index?id=by7gively07fpdesv
INFO: [ app_init ] --START--
INFO: Run Behavior\BuildLiteBehavior [ RunTime:0.000028s ]
INFO: [ app_init ] --END-- [ RunTime:0.000835s ]
INFO: [ app_begin ] --START--
INFO: Run Behavior\ReadHtmlCacheBehavior [ RunTime:0.001625s ]
INFO: [ app_begin ] --END-- [ RunTime:0.001807s ]
NOTIC: [2048] Declaration of Home\Controller\CodeController::show() should be compatible with Think\Controller::show($content, $charset = '', $contentType = '', $prefix = '') E:\wamp\www\things\things\Home\Controller\CodeController.class.php 第 71 行.
SQL: SHOW COLUMNS FROM `things_goods` [ RunTime:0.0038s ]
SQL: SELECT * FROM `things_goods` WHERE ( url_id="by7gively07fpdesv" )  [ RunTime:0.0004s ]

[ 2016-04-17T19:39:26+08:00 ] ::1 /things/code/index?id=by7gively07fpdesv
INFO: [ app_init ] --START--
INFO: Run Behavior\BuildLiteBehavior [ RunTime:0.000030s ]
INFO: [ app_init ] --END-- [ RunTime:0.000867s ]
INFO: [ app_begin ] --START--
INFO: Run Behavior\ReadHtmlCacheBehavior [ RunTime:0.001520s ]
INFO: [ app_begin ] --END-- [ RunTime:0.001645s ]
NOTIC: [2048] Declaration of Home\Controller\CodeController::show() should be compatible with Think\Controller::show($content, $charset = '', $contentType = '', $prefix = '') E:\wamp\www\things\things\Home\Controller\CodeController.class.php 第 71 行.
SQL: SHOW COLUMNS FROM `things_goods` [ RunTime:0.0037s ]
SQL: SELECT * FROM `things_goods` WHERE ( url_id="by7gively07fpdesv" )  [ RunTime:0.0004s ]

[ 2016-04-17T19:39:39+08:00 ] ::1 /things/code/show?id=by7gively07fpdev
INFO: [ app_init ] --START--
INFO: Run Behavior\BuildLiteBehavior [ RunTime:0.000028s ]
INFO: [ app_init ] --END-- [ RunTime:0.000850s ]
INFO: [ app_begin ] --START--
INFO: Run Behavior\ReadHtmlCacheBehavior [ RunTime:0.001724s ]
INFO: [ app_begin ] --END-- [ RunTime:0.002004s ]
NOTIC: [2048] Declaration of Home\Controller\CodeController::show() should be compatible with Think\Controller::show($content, $charset = '', $contentType = '', $prefix = '') E:\wamp\www\things\things\Home\Controller\CodeController.class.php 第 71 行.
NOTIC: [8] A session had already been started - ignoring session_start() E:\wamp\www\things\things\Home\Controller\CodeController.class.php 第 38 行.
SQL: SHOW COLUMNS FROM `things_goods` [ RunTime:0.0037s ]
SQL: SELECT * FROM `things_goods` WHERE ( url_id="by7gively07fpdev" )  [ RunTime:0.0004s ]
INFO: [ view_parse ] --START--
INFO: [ template_filter ] --START--
INFO: Run Behavior\ContentReplaceBehavior [ RunTime:0.000100s ]
INFO: [ template_filter ] --END-- [ RunTime:0.000223s ]
INFO: Run Behavior\ParseTemplateBehavior [ RunTime:0.010522s ]
INFO: [ view_parse ] --END-- [ RunTime:0.010642s ]
INFO: [ view_filter ] --START--
INFO: Run Behavior\WriteHtmlCacheBehavior [ RunTime:0.001152s ]
INFO: [ view_filter ] --END-- [ RunTime:0.001253s ]
INFO: [ app_end ] --START--
INFO: Run Behavior\ShowPageTraceBehavior [ RunTime:0.001408s ]
INFO: [ app_end ] --END-- [ RunTime:0.001514s ]

[ 2016-04-17T19:39:51+08:00 ] ::1 /things/code/index?id=by7gively07fpdesv
INFO: [ app_init ] --START--
INFO: Run Behavior\BuildLiteBehavior [ RunTime:0.000036s ]
INFO: [ app_init ] --END-- [ RunTime:0.000858s ]
INFO: [ app_begin ] --START--
INFO: Run Behavior\ReadHtmlCacheBehavior [ RunTime:0.001862s ]
INFO: [ app_begin ] --END-- [ RunTime:0.002038s ]
NOTIC: [2048] Declaration of Home\Controller\CodeController::show() should be compatible with Think\Controller::show($content, $charset = '', $contentType = '', $prefix = '') E:\wamp\www\things\things\Home\Controller\CodeController.class.php 第 71 行.
SQL: SHOW COLUMNS FROM `things_goods` [ RunTime:0.0038s ]
SQL: SELECT * FROM `things_goods` WHERE ( url_id="by7gively07fpdesv" )  [ RunTime:0.0004s ]

[ 2016-04-17T19:39:58+08:00 ] ::1 /things/code/index?id=by7gively07fpdev
INFO: [ app_init ] --START--
INFO: Run Behavior\BuildLiteBehavior [ RunTime:0.000028s ]
INFO: [ app_init ] --END-- [ RunTime:0.000872s ]
INFO: [ app_begin ] --START--
INFO: Run Behavior\ReadHtmlCacheBehavior [ RunTime:0.001533s ]
INFO: [ app_begin ] --END-- [ RunTime:0.001698s ]
NOTIC: [2048] Declaration of Home\Controller\CodeController::show() should be compatible with Think\Controller::show($content, $charset = '', $contentType = '', $prefix = '') E:\wamp\www\things\things\Home\Controller\CodeController.class.php 第 71 行.
SQL: SHOW COLUMNS FROM `things_goods` [ RunTime:0.0050s ]
SQL: SELECT * FROM `things_goods` WHERE ( url_id="by7gively07fpdev" )  [ RunTime:0.0005s ]
NOTIC: [8] A session had already been started - ignoring session_start() E:\wamp\www\things\things\Home\Controller\CodeController.class.php 第 11 行.
SQL: SELECT `username` FROM `things_goods` WHERE ( url_id="by7gively07fpdev" ) LIMIT 1   [ RunTime:0.0004s ]
SQL: SHOW COLUMNS FROM `things_swap` [ RunTime:0.0038s ]
SQL: INSERT INTO `things_swap` (`goods_id`,`username`,`time`) VALUES ('1','biao','2016-04-17 19:39:57') [ RunTime:0.0450s ]
INFO: [ app_end ] --START--
INFO: Run Behavior\ShowPageTraceBehavior [ RunTime:0.001510s ]
INFO: [ app_end ] --END-- [ RunTime:0.001618s ]

[ 2016-04-17T19:39:58+08:00 ] ::1 /things/code/show?id=by7gively07fpdev
INFO: [ app_init ] --START--
INFO: Run Behavior\BuildLiteBehavior [ RunTime:0.000027s ]
INFO: [ app_init ] --END-- [ RunTime:0.000802s ]
INFO: [ app_begin ] --START--
INFO: Run Behavior\ReadHtmlCacheBehavior [ RunTime:0.001329s ]
INFO: [ app_begin ] --END-- [ RunTime:0.001440s ]
NOTIC: [2048] Declaration of Home\Controller\CodeController::show() should be compatible with Think\Controller::show($content, $charset = '', $contentType = '', $prefix = '') E:\wamp\www\things\things\Home\Controller\CodeController.class.php 第 71 行.
NOTIC: [8] A session had already been started - ignoring session_start() E:\wamp\www\things\things\Home\Controller\CodeController.class.php 第 38 行.
SQL: SHOW COLUMNS FROM `things_goods` [ RunTime:0.0038s ]
SQL: SELECT * FROM `things_goods` WHERE ( url_id="by7gively07fpdev" )  [ RunTime:0.0004s ]
INFO: [ view_parse ] --START--
INFO: [ template_filter ] --START--
INFO: Run Behavior\ContentReplaceBehavior [ RunTime:0.000071s ]
INFO: [ template_filter ] --END-- [ RunTime:0.000183s ]
INFO: Run Behavior\ParseTemplateBehavior [ RunTime:0.009852s ]
INFO: [ view_parse ] --END-- [ RunTime:0.009963s ]
INFO: [ view_filter ] --START--
INFO: Run Behavior\WriteHtmlCacheBehavior [ RunTime:0.001039s ]
INFO: [ view_filter ] --END-- [ RunTime:0.001132s ]
INFO: [ app_end ] --START--
INFO: Run Behavior\ShowPageTraceBehavior [ RunTime:0.001653s ]
INFO: [ app_end ] --END-- [ RunTime:0.001767s ]

[ 2016-04-17T19:53:03+08:00 ] ::1 /things/code/index?id=by7gively07fpdesv
INFO: [ app_init ] --START--
INFO: Run Behavior\BuildLiteBehavior [ RunTime:0.000029s ]
INFO: [ app_init ] --END-- [ RunTime:0.000949s ]
INFO: [ app_begin ] --START--
INFO: Run Behavior\ReadHtmlCacheBehavior [ RunTime:0.001575s ]
INFO: [ app_begin ] --END-- [ RunTime:0.001709s ]
NOTIC: [2048] Declaration of Home\Controller\CodeController::show() should be compatible with Think\Controller::show($content, $charset = '', $contentType = '', $prefix = '') E:\wamp\www\things\things\Home\Controller\CodeController.class.php 第 72 行.
SQL: SHOW COLUMNS FROM `things_goods` [ RunTime:0.0041s ]
SQL: SELECT * FROM `things_goods` WHERE ( url_id="by7gively07fpdesv" )  [ RunTime:0.0004s ]

[ 2016-04-17T19:53:09+08:00 ] ::1 /things/code/index?id=by7gively07fpdesv
INFO: [ app_init ] --START--
INFO: Run Behavior\BuildLiteBehavior [ RunTime:0.000028s ]
INFO: [ app_init ] --END-- [ RunTime:0.000827s ]
INFO: [ app_begin ] --START--
INFO: Run Behavior\ReadHtmlCacheBehavior [ RunTime:0.001481s ]
INFO: [ app_begin ] --END-- [ RunTime:0.001599s ]
NOTIC: [2048] Declaration of Home\Controller\CodeController::show() should be compatible with Think\Controller::show($content, $charset = '', $contentType = '', $prefix = '') E:\wamp\www\things\things\Home\Controller\CodeController.class.php 第 72 行.
SQL: SHOW COLUMNS FROM `things_goods` [ RunTime:0.0041s ]
SQL: SELECT * FROM `things_goods` WHERE ( url_id="by7gively07fpdesv" )  [ RunTime:0.0010s ]

[ 2016-04-17T19:53:34+08:00 ] ::1 /things/code/index?id=by7gively07fpdev
INFO: [ app_init ] --START--
INFO: Run Behavior\BuildLiteBehavior [ RunTime:0.000028s ]
INFO: [ app_init ] --END-- [ RunTime:0.000712s ]
INFO: [ app_begin ] --START--
INFO: Run Behavior\ReadHtmlCacheBehavior [ RunTime:0.001075s ]
INFO: [ app_begin ] --END-- [ RunTime:0.001197s ]
NOTIC: [2048] Declaration of Home\Controller\CodeController::show() should be compatible with Think\Controller::show($content, $charset = '', $contentType = '', $prefix = '') E:\wamp\www\things\things\Home\Controller\CodeController.class.php 第 72 行.
SQL: SHOW COLUMNS FROM `things_goods` [ RunTime:0.0046s ]
SQL: SELECT * FROM `things_goods` WHERE ( url_id="by7gively07fpdev" )  [ RunTime:0.0004s ]
NOTIC: [8] A session had already been started - ignoring session_start() E:\wamp\www\things\things\Home\Controller\CodeController.class.php 第 11 行.
SQL: SHOW COLUMNS FROM `things_swap` [ RunTime:0.0037s ]
SQL: INSERT INTO `things_swap` (`goods_id`,`master`,`username`,`time`) VALUES ('1','admin','biao','2016-04-17 19:53:34') [ RunTime:0.0773s ]
INFO: [ app_end ] --START--
INFO: Run Behavior\ShowPageTraceBehavior [ RunTime:0.002259s ]
INFO: [ app_end ] --END-- [ RunTime:0.002487s ]

[ 2016-04-17T19:53:34+08:00 ] ::1 /things/code/show?id=by7gively07fpdev
INFO: [ app_init ] --START--
INFO: Run Behavior\BuildLiteBehavior [ RunTime:0.000033s ]
INFO: [ app_init ] --END-- [ RunTime:0.001059s ]
INFO: [ app_begin ] --START--
INFO: Run Behavior\ReadHtmlCacheBehavior [ RunTime:0.001027s ]
INFO: [ app_begin ] --END-- [ RunTime:0.001172s ]
NOTIC: [2048] Declaration of Home\Controller\CodeController::show() should be compatible with Think\Controller::show($content, $charset = '', $contentType = '', $prefix = '') E:\wamp\www\things\things\Home\Controller\CodeController.class.php 第 72 行.
NOTIC: [8] A session had already been started - ignoring session_start() E:\wamp\www\things\things\Home\Controller\CodeController.class.php 第 39 行.
SQL: SHOW COLUMNS FROM `things_goods` [ RunTime:0.0042s ]
SQL: SELECT * FROM `things_goods` WHERE ( url_id="by7gively07fpdev" )  [ RunTime:0.0004s ]
INFO: [ view_parse ] --START--
INFO: [ template_filter ] --START--
INFO: Run Behavior\ContentReplaceBehavior [ RunTime:0.000070s ]
INFO: [ template_filter ] --END-- [ RunTime:0.000186s ]
INFO: Run Behavior\ParseTemplateBehavior [ RunTime:0.009417s ]
INFO: [ view_parse ] --END-- [ RunTime:0.009548s ]
INFO: [ view_filter ] --START--
INFO: Run Behavior\WriteHtmlCacheBehavior [ RunTime:0.000670s ]
INFO: [ view_filter ] --END-- [ RunTime:0.000777s ]
INFO: [ app_end ] --START--
INFO: Run Behavior\ShowPageTraceBehavior [ RunTime:0.000918s ]
INFO: [ app_end ] --END-- [ RunTime:0.001018s ]

[ 2016-04-17T20:17:50+08:00 ] ::1 /things/message/my_swap
INFO: [ app_init ] --START--
INFO: Run Behavior\BuildLiteBehavior [ RunTime:0.000028s ]
INFO: [ app_init ] --END-- [ RunTime:0.000692s ]
INFO: [ app_begin ] --START--
INFO: Run Behavior\ReadHtmlCacheBehavior [ RunTime:0.002013s ]
INFO: [ app_begin ] --END-- [ RunTime:0.002286s ]
INFO: [ view_parse ] --START--
INFO: [ template_filter ] --START--
INFO: Run Behavior\ContentReplaceBehavior [ RunTime:0.000076s ]
INFO: [ template_filter ] --END-- [ RunTime:0.000194s ]
INFO: Run Behavior\ParseTemplateBehavior [ RunTime:0.009419s ]
INFO: [ view_parse ] --END-- [ RunTime:0.009545s ]
INFO: [ view_filter ] --START--
INFO: Run Behavior\WriteHtmlCacheBehavior [ RunTime:0.000571s ]
INFO: [ view_filter ] --END-- [ RunTime:0.000671s ]
INFO: [ app_end ] --START--
INFO: Run Behavior\ShowPageTraceBehavior [ RunTime:0.000879s ]
INFO: [ app_end ] --END-- [ RunTime:0.000981s ]

[ 2016-04-17T20:18:00+08:00 ] ::1 /things/message/my_swap
INFO: [ app_init ] --START--
INFO: Run Behavior\BuildLiteBehavior [ RunTime:0.000028s ]
INFO: [ app_init ] --END-- [ RunTime:0.000743s ]
INFO: [ app_begin ] --START--
INFO: Run Behavior\ReadHtmlCacheBehavior [ RunTime:0.000926s ]
INFO: [ app_begin ] --END-- [ RunTime:0.001049s ]
INFO: [ view_parse ] --START--
INFO: [ template_filter ] --START--
INFO: Run Behavior\ContentReplaceBehavior [ RunTime:0.000075s ]
INFO: [ template_filter ] --END-- [ RunTime:0.000191s ]
INFO: Run Behavior\ParseTemplateBehavior [ RunTime:0.010111s ]
INFO: [ view_parse ] --END-- [ RunTime:0.010252s ]
INFO: [ view_filter ] --START--
INFO: Run Behavior\WriteHtmlCacheBehavior [ RunTime:0.000599s ]
INFO: [ view_filter ] --END-- [ RunTime:0.000698s ]
INFO: [ app_end ] --START--
INFO: Run Behavior\ShowPageTraceBehavior [ RunTime:0.000970s ]
INFO: [ app_end ] --END-- [ RunTime:0.001071s ]

[ 2016-04-17T20:18:01+08:00 ] ::1 /things/message/my_swap
INFO: [ app_init ] --START--
INFO: Run Behavior\BuildLiteBehavior [ RunTime:0.000031s ]
INFO: [ app_init ] --END-- [ RunTime:0.001007s ]
INFO: [ app_begin ] --START--
INFO: Run Behavior\ReadHtmlCacheBehavior [ RunTime:0.001058s ]
INFO: [ app_begin ] --END-- [ RunTime:0.001214s ]
INFO: [ view_parse ] --START--
INFO: [ template_filter ] --START--
INFO: Run Behavior\ContentReplaceBehavior [ RunTime:0.000082s ]
INFO: [ template_filter ] --END-- [ RunTime:0.000217s ]
INFO: Run Behavior\ParseTemplateBehavior [ RunTime:0.010695s ]
INFO: [ view_parse ] --END-- [ RunTime:0.010856s ]
INFO: [ view_filter ] --START--
INFO: Run Behavior\WriteHtmlCacheBehavior [ RunTime:0.000690s ]
INFO: [ view_filter ] --END-- [ RunTime:0.000806s ]
INFO: [ app_end ] --START--
INFO: Run Behavior\ShowPageTraceBehavior [ RunTime:0.001240s ]
INFO: [ app_end ] --END-- [ RunTime:0.001380s ]

[ 2016-04-17T20:18:13+08:00 ] ::1 /things/message/my_swap
INFO: [ app_init ] --START--
INFO: Run Behavior\BuildLiteBehavior [ RunTime:0.000030s ]
INFO: [ app_init ] --END-- [ RunTime:0.000914s ]
INFO: [ app_begin ] --START--
INFO: Run Behavior\ReadHtmlCacheBehavior [ RunTime:0.000928s ]
INFO: [ app_begin ] --END-- [ RunTime:0.001039s ]
INFO: [ view_parse ] --START--
INFO: [ template_filter ] --START--
INFO: Run Behavior\ContentReplaceBehavior [ RunTime:0.000082s ]
INFO: [ template_filter ] --END-- [ RunTime:0.000212s ]
INFO: Run Behavior\ParseTemplateBehavior [ RunTime:0.012383s ]
INFO: [ view_parse ] --END-- [ RunTime:0.012515s ]
INFO: [ view_filter ] --START--
INFO: Run Behavior\WriteHtmlCacheBehavior [ RunTime:0.000601s ]
INFO: [ view_filter ] --END-- [ RunTime:0.000702s ]
INFO: [ app_end ] --START--
INFO: Run Behavior\ShowPageTraceBehavior [ RunTime:0.000957s ]
INFO: [ app_end ] --END-- [ RunTime:0.001066s ]

[ 2016-04-17T20:18:14+08:00 ] ::1 /things/message/my_swap
INFO: [ app_init ] --START--
INFO: Run Behavior\BuildLiteBehavior [ RunTime:0.000027s ]
INFO: [ app_init ] --END-- [ RunTime:0.000752s ]
INFO: [ app_begin ] --START--
INFO: Run Behavior\ReadHtmlCacheBehavior [ RunTime:0.000907s ]
INFO: [ app_begin ] --END-- [ RunTime:0.001016s ]
INFO: [ view_parse ] --START--
INFO: [ template_filter ] --START--
INFO: Run Behavior\ContentReplaceBehavior [ RunTime:0.000077s ]
INFO: [ template_filter ] --END-- [ RunTime:0.000195s ]
INFO: Run Behavior\ParseTemplateBehavior [ RunTime:0.009996s ]
INFO: [ view_parse ] --END-- [ RunTime:0.010117s ]
INFO: [ view_filter ] --START--
INFO: Run Behavior\WriteHtmlCacheBehavior [ RunTime:0.000580s ]
INFO: [ view_filter ] --END-- [ RunTime:0.000681s ]
INFO: [ app_end ] --START--
INFO: Run Behavior\ShowPageTraceBehavior [ RunTime:0.000873s ]
INFO: [ app_end ] --END-- [ RunTime:0.000976s ]

[ 2016-04-17T20:18:14+08:00 ] ::1 /things/message/my_swap
INFO: [ app_init ] --START--
INFO: Run Behavior\BuildLiteBehavior [ RunTime:0.000032s ]
INFO: [ app_init ] --END-- [ RunTime:0.001051s ]
INFO: [ app_begin ] --START--
INFO: Run Behavior\ReadHtmlCacheBehavior [ RunTime:0.001256s ]
INFO: [ app_begin ] --END-- [ RunTime:0.001435s ]
INFO: [ view_parse ] --START--
INFO: [ template_filter ] --START--
INFO: Run Behavior\ContentReplaceBehavior [ RunTime:0.000087s ]
INFO: [ template_filter ] --END-- [ RunTime:0.000249s ]
INFO: Run Behavior\ParseTemplateBehavior [ RunTime:0.011269s ]
INFO: [ view_parse ] --END-- [ RunTime:0.011402s ]
INFO: [ view_filter ] --START--
INFO: Run Behavior\WriteHtmlCacheBehavior [ RunTime:0.000765s ]
INFO: [ view_filter ] --END-- [ RunTime:0.000880s ]
INFO: [ app_end ] --START--
INFO: Run Behavior\ShowPageTraceBehavior [ RunTime:0.001127s ]
INFO: [ app_end ] --END-- [ RunTime:0.001242s ]

[ 2016-04-17T20:18:14+08:00 ] ::1 /things/message/my_swap
INFO: [ app_init ] --START--
INFO: Run Behavior\BuildLiteBehavior [ RunTime:0.000027s ]
INFO: [ app_init ] --END-- [ RunTime:0.000700s ]
INFO: [ app_begin ] --START--
INFO: Run Behavior\ReadHtmlCacheBehavior [ RunTime:0.001005s ]
INFO: [ app_begin ] --END-- [ RunTime:0.001155s ]
INFO: [ view_parse ] --START--
INFO: [ template_filter ] --START--
INFO: Run Behavior\ContentReplaceBehavior [ RunTime:0.000076s ]
INFO: [ template_filter ] --END-- [ RunTime:0.000197s ]
INFO: Run Behavior\ParseTemplateBehavior [ RunTime:0.009485s ]
INFO: [ view_parse ] --END-- [ RunTime:0.009629s ]
INFO: [ view_filter ] --START--
INFO: Run Behavior\WriteHtmlCacheBehavior [ RunTime:0.000627s ]
INFO: [ view_filter ] --END-- [ RunTime:0.000725s ]
INFO: [ app_end ] --START--
INFO: Run Behavior\ShowPageTraceBehavior [ RunTime:0.000882s ]
INFO: [ app_end ] --END-- [ RunTime:0.000986s ]

[ 2016-04-17T20:18:14+08:00 ] ::1 /things/message/my_swap
INFO: [ app_init ] --START--
INFO: Run Behavior\BuildLiteBehavior [ RunTime:0.000028s ]
INFO: [ app_init ] --END-- [ RunTime:0.000822s ]
INFO: [ app_begin ] --START--
INFO: Run Behavior\ReadHtmlCacheBehavior [ RunTime:0.001174s ]
INFO: [ app_begin ] --END-- [ RunTime:0.001339s ]
INFO: [ view_parse ] --START--
INFO: [ template_filter ] --START--
INFO: Run Behavior\ContentReplaceBehavior [ RunTime:0.000074s ]
INFO: [ template_filter ] --END-- [ RunTime:0.000188s ]
INFO: Run Behavior\ParseTemplateBehavior [ RunTime:0.010002s ]
INFO: [ view_parse ] --END-- [ RunTime:0.010234s ]
INFO: [ view_filter ] --START--
INFO: Run Behavior\WriteHtmlCacheBehavior [ RunTime:0.000724s ]
INFO: [ view_filter ] --END-- [ RunTime:0.000843s ]
INFO: [ app_end ] --START--
INFO: Run Behavior\ShowPageTraceBehavior [ RunTime:0.001062s ]
INFO: [ app_end ] --END-- [ RunTime:0.001166s ]

[ 2016-04-17T20:18:15+08:00 ] ::1 /things/message/my_swap
INFO: [ app_init ] --START--
INFO: Run Behavior\BuildLiteBehavior [ RunTime:0.000026s ]
INFO: [ app_init ] --END-- [ RunTime:0.000677s ]
INFO: [ app_begin ] --START--
INFO: Run Behavior\ReadHtmlCacheBehavior [ RunTime:0.000835s ]
INFO: [ app_begin ] --END-- [ RunTime:0.000943s ]
INFO: [ view_parse ] --START--
INFO: [ template_filter ] --START--
INFO: Run Behavior\ContentReplaceBehavior [ RunTime:0.000117s ]
INFO: [ template_filter ] --END-- [ RunTime:0.000378s ]
INFO: Run Behavior\ParseTemplateBehavior [ RunTime:0.010193s ]
INFO: [ view_parse ] --END-- [ RunTime:0.010314s ]
INFO: [ view_filter ] --START--
INFO: Run Behavior\WriteHtmlCacheBehavior [ RunTime:0.000696s ]
INFO: [ view_filter ] --END-- [ RunTime:0.000799s ]
INFO: [ app_end ] --START--
INFO: Run Behavior\ShowPageTraceBehavior [ RunTime:0.000884s ]
INFO: [ app_end ] --END-- [ RunTime:0.000984s ]

[ 2016-04-17T20:18:15+08:00 ] ::1 /things/message/my_swap
INFO: [ app_init ] --START--
INFO: Run Behavior\BuildLiteBehavior [ RunTime:0.000064s ]
INFO: [ app_init ] --END-- [ RunTime:0.001283s ]
INFO: [ app_begin ] --START--
INFO: Run Behavior\ReadHtmlCacheBehavior [ RunTime:0.000839s ]
INFO: [ app_begin ] --END-- [ RunTime:0.000948s ]
INFO: [ view_parse ] --START--
INFO: [ template_filter ] --START--
INFO: Run Behavior\ContentReplaceBehavior [ RunTime:0.000077s ]
INFO: [ template_filter ] --END-- [ RunTime:0.000197s ]
INFO: Run Behavior\ParseTemplateBehavior [ RunTime:0.010006s ]
INFO: [ view_parse ] --END-- [ RunTime:0.010121s ]
INFO: [ view_filter ] --START--
INFO: Run Behavior\WriteHtmlCacheBehavior [ RunTime:0.000629s ]
INFO: [ view_filter ] --END-- [ RunTime:0.000855s ]
INFO: [ app_end ] --START--
INFO: Run Behavior\ShowPageTraceBehavior [ RunTime:0.000976s ]
INFO: [ app_end ] --END-- [ RunTime:0.001081s ]

[ 2016-04-17T20:18:15+08:00 ] ::1 /things/message/my_swap
INFO: [ app_init ] --START--
INFO: Run Behavior\BuildLiteBehavior [ RunTime:0.000028s ]
INFO: [ app_init ] --END-- [ RunTime:0.000728s ]
INFO: [ app_begin ] --START--
INFO: Run Behavior\ReadHtmlCacheBehavior [ RunTime:0.000910s ]
INFO: [ app_begin ] --END-- [ RunTime:0.001043s ]
INFO: [ view_parse ] --START--
INFO: [ template_filter ] --START--
INFO: Run Behavior\ContentReplaceBehavior [ RunTime:0.000075s ]
INFO: [ template_filter ] --END-- [ RunTime:0.000186s ]
INFO: Run Behavior\ParseTemplateBehavior [ RunTime:0.008905s ]
INFO: [ view_parse ] --END-- [ RunTime:0.009027s ]
INFO: [ view_filter ] --START--
INFO: Run Behavior\WriteHtmlCacheBehavior [ RunTime:0.000605s ]
INFO: [ view_filter ] --END-- [ RunTime:0.000706s ]
INFO: [ app_end ] --START--
INFO: Run Behavior\ShowPageTraceBehavior [ RunTime:0.000881s ]
INFO: [ app_end ] --END-- [ RunTime:0.000982s ]

[ 2016-04-17T20:18:15+08:00 ] ::1 /things/message/my_swap
INFO: [ app_init ] --START--
INFO: Run Behavior\BuildLiteBehavior [ RunTime:0.000027s ]
INFO: [ app_init ] --END-- [ RunTime:0.000695s ]
INFO: [ app_begin ] --START--
INFO: Run Behavior\ReadHtmlCacheBehavior [ RunTime:0.000910s ]
INFO: [ app_begin ] --END-- [ RunTime:0.001088s ]
INFO: [ view_parse ] --START--
INFO: [ template_filter ] --START--
INFO: Run Behavior\ContentReplaceBehavior [ RunTime:0.000076s ]
INFO: [ template_filter ] --END-- [ RunTime:0.000193s ]
INFO: Run Behavior\ParseTemplateBehavior [ RunTime:0.009523s ]
INFO: [ view_parse ] --END-- [ RunTime:0.009659s ]
INFO: [ view_filter ] --START--
INFO: Run Behavior\WriteHtmlCacheBehavior [ RunTime:0.000727s ]
INFO: [ view_filter ] --END-- [ RunTime:0.000832s ]
INFO: [ app_end ] --START--
INFO: Run Behavior\ShowPageTraceBehavior [ RunTime:0.001032s ]
INFO: [ app_end ] --END-- [ RunTime:0.001136s ]

[ 2016-04-17T20:18:15+08:00 ] ::1 /things/message/my_swap
INFO: [ app_init ] --START--
INFO: Run Behavior\BuildLiteBehavior [ RunTime:0.000034s ]
INFO: [ app_init ] --END-- [ RunTime:0.000706s ]
INFO: [ app_begin ] --START--
INFO: Run Behavior\ReadHtmlCacheBehavior [ RunTime:0.000982s ]
INFO: [ app_begin ] --END-- [ RunTime:0.001120s ]
INFO: [ view_parse ] --START--
INFO: [ template_filter ] --START--
INFO: Run Behavior\ContentReplaceBehavior [ RunTime:0.000075s ]
INFO: [ template_filter ] --END-- [ RunTime:0.000189s ]
INFO: Run Behavior\ParseTemplateBehavior [ RunTime:0.008857s ]
INFO: [ view_parse ] --END-- [ RunTime:0.008990s ]
INFO: [ view_filter ] --START--
INFO: Run Behavior\WriteHtmlCacheBehavior [ RunTime:0.000858s ]
INFO: [ view_filter ] --END-- [ RunTime:0.000978s ]
INFO: [ app_end ] --START--
INFO: Run Behavior\ShowPageTraceBehavior [ RunTime:0.000889s ]
INFO: [ app_end ] --END-- [ RunTime:0.000989s ]

[ 2016-04-17T20:18:16+08:00 ] ::1 /things/message/my_swap
INFO: [ app_init ] --START--
INFO: Run Behavior\BuildLiteBehavior [ RunTime:0.000027s ]
INFO: [ app_init ] --END-- [ RunTime:0.000708s ]
INFO: [ app_begin ] --START--
INFO: Run Behavior\ReadHtmlCacheBehavior [ RunTime:0.000876s ]
INFO: [ app_begin ] --END-- [ RunTime:0.001002s ]
INFO: [ view_parse ] --START--
INFO: [ template_filter ] --START--
INFO: Run Behavior\ContentReplaceBehavior [ RunTime:0.000075s ]
INFO: [ template_filter ] --END-- [ RunTime:0.000187s ]
INFO: Run Behavior\ParseTemplateBehavior [ RunTime:0.008822s ]
INFO: [ view_parse ] --END-- [ RunTime:0.008946s ]
INFO: [ view_filter ] --START--
INFO: Run Behavior\WriteHtmlCacheBehavior [ RunTime:0.000692s ]
INFO: [ view_filter ] --END-- [ RunTime:0.000796s ]
INFO: [ app_end ] --START--
INFO: Run Behavior\ShowPageTraceBehavior [ RunTime:0.001124s ]
INFO: [ app_end ] --END-- [ RunTime:0.001284s ]

[ 2016-04-17T20:18:16+08:00 ] ::1 /things/message/my_swap
INFO: [ app_init ] --START--
INFO: Run Behavior\BuildLiteBehavior [ RunTime:0.000030s ]
INFO: [ app_init ] --END-- [ RunTime:0.001187s ]
INFO: [ app_begin ] --START--
INFO: Run Behavior\ReadHtmlCacheBehavior [ RunTime:0.000863s ]
INFO: [ app_begin ] --END-- [ RunTime:0.000976s ]
INFO: [ view_parse ] --START--
INFO: [ template_filter ] --START--
INFO: Run Behavior\ContentReplaceBehavior [ RunTime:0.000075s ]
INFO: [ template_filter ] --END-- [ RunTime:0.000188s ]
INFO: Run Behavior\ParseTemplateBehavior [ RunTime:0.009437s ]
INFO: [ view_parse ] --END-- [ RunTime:0.009572s ]
INFO: [ view_filter ] --START--
INFO: Run Behavior\WriteHtmlCacheBehavior [ RunTime:0.000682s ]
INFO: [ view_filter ] --END-- [ RunTime:0.000793s ]
INFO: [ app_end ] --START--
INFO: Run Behavior\ShowPageTraceBehavior [ RunTime:0.000987s ]
INFO: [ app_end ] --END-- [ RunTime:0.001094s ]

[ 2016-04-17T20:18:16+08:00 ] ::1 /things/message/my_swap
INFO: [ app_init ] --START--
INFO: Run Behavior\BuildLiteBehavior [ RunTime:0.000028s ]
INFO: [ app_init ] --END-- [ RunTime:0.000696s ]
INFO: [ app_begin ] --START--
INFO: Run Behavior\ReadHtmlCacheBehavior [ RunTime:0.000851s ]
INFO: [ app_begin ] --END-- [ RunTime:0.000963s ]
INFO: [ view_parse ] --START--
INFO: [ template_filter ] --START--
INFO: Run Behavior\ContentReplaceBehavior [ RunTime:0.000083s ]
INFO: [ template_filter ] --END-- [ RunTime:0.000200s ]
INFO: Run Behavior\ParseTemplateBehavior [ RunTime:0.009539s ]
INFO: [ view_parse ] --END-- [ RunTime:0.009686s ]
INFO: [ view_filter ] --START--
INFO: Run Behavior\WriteHtmlCacheBehavior [ RunTime:0.000566s ]
INFO: [ view_filter ] --END-- [ RunTime:0.000666s ]
INFO: [ app_end ] --START--
INFO: Run Behavior\ShowPageTraceBehavior [ RunTime:0.000870s ]
INFO: [ app_end ] --END-- [ RunTime:0.001024s ]

[ 2016-04-17T20:18:16+08:00 ] ::1 /things/message/my_swap
INFO: [ app_init ] --START--
INFO: Run Behavior\BuildLiteBehavior [ RunTime:0.000028s ]
INFO: [ app_init ] --END-- [ RunTime:0.000754s ]
INFO: [ app_begin ] --START--
INFO: Run Behavior\ReadHtmlCacheBehavior [ RunTime:0.000881s ]
INFO: [ app_begin ] --END-- [ RunTime:0.000991s ]
INFO: [ view_parse ] --START--
INFO: [ template_filter ] --START--
INFO: Run Behavior\ContentReplaceBehavior [ RunTime:0.000077s ]
INFO: [ template_filter ] --END-- [ RunTime:0.000196s ]
INFO: Run Behavior\ParseTemplateBehavior [ RunTime:0.009702s ]
INFO: [ view_parse ] --END-- [ RunTime:0.009870s ]
INFO: [ view_filter ] --START--
INFO: Run Behavior\WriteHtmlCacheBehavior [ RunTime:0.000610s ]
INFO: [ view_filter ] --END-- [ RunTime:0.000709s ]
INFO: [ app_end ] --START--
INFO: Run Behavior\ShowPageTraceBehavior [ RunTime:0.000894s ]
INFO: [ app_end ] --END-- [ RunTime:0.001000s ]

[ 2016-04-17T20:18:16+08:00 ] ::1 /things/message/my_swap
INFO: [ app_init ] --START--
INFO: Run Behavior\BuildLiteBehavior [ RunTime:0.000027s ]
INFO: [ app_init ] --END-- [ RunTime:0.000788s ]
INFO: [ app_begin ] --START--
INFO: Run Behavior\ReadHtmlCacheBehavior [ RunTime:0.000905s ]
INFO: [ app_begin ] --END-- [ RunTime:0.001036s ]
INFO: [ view_parse ] --START--
INFO: [ template_filter ] --START--
INFO: Run Behavior\ContentReplaceBehavior [ RunTime:0.000079s ]
INFO: [ template_filter ] --END-- [ RunTime:0.000203s ]
INFO: Run Behavior\ParseTemplateBehavior [ RunTime:0.010159s ]
INFO: [ view_parse ] --END-- [ RunTime:0.010297s ]
INFO: [ view_filter ] --START--
INFO: Run Behavior\WriteHtmlCacheBehavior [ RunTime:0.000716s ]
INFO: [ view_filter ] --END-- [ RunTime:0.000825s ]
INFO: [ app_end ] --START--
INFO: Run Behavior\ShowPageTraceBehavior [ RunTime:0.001086s ]
INFO: [ app_end ] --END-- [ RunTime:0.001190s ]

[ 2016-04-17T20:18:42+08:00 ] ::1 /things/message/my_swap
INFO: [ app_init ] --START--
INFO: Run Behavior\BuildLiteBehavior [ RunTime:0.000030s ]
INFO: [ app_init ] --END-- [ RunTime:0.000764s ]
INFO: [ app_begin ] --START--
INFO: Run Behavior\ReadHtmlCacheBehavior [ RunTime:0.000872s ]
INFO: [ app_begin ] --END-- [ RunTime:0.000992s ]
INFO: [ view_parse ] --START--
INFO: [ template_filter ] --START--
INFO: Run Behavior\ContentReplaceBehavior [ RunTime:0.000069s ]
INFO: [ template_filter ] --END-- [ RunTime:0.000266s ]
INFO: Run Behavior\ParseTemplateBehavior [ RunTime:0.009608s ]
INFO: [ view_parse ] --END-- [ RunTime:0.009791s ]
INFO: [ view_filter ] --START--
INFO: Run Behavior\WriteHtmlCacheBehavior [ RunTime:0.000674s ]
INFO: [ view_filter ] --END-- [ RunTime:0.000778s ]
INFO: [ app_end ] --START--
INFO: Run Behavior\ShowPageTraceBehavior [ RunTime:0.000968s ]
INFO: [ app_end ] --END-- [ RunTime:0.001095s ]

[ 2016-04-17T20:18:45+08:00 ] ::1 /things/MessageJson/my_swap
INFO: [ app_init ] --START--
INFO: Run Behavior\BuildLiteBehavior [ RunTime:0.000084s ]
INFO: [ app_init ] --END-- [ RunTime:0.002301s ]
INFO: [ app_begin ] --START--
INFO: Run Behavior\ReadHtmlCacheBehavior [ RunTime:0.001022s ]
INFO: [ app_begin ] --END-- [ RunTime:0.001145s ]
NOTIC: [8] A session had already been started - ignoring session_start() E:\wamp\www\things\things\Home\Controller\MessageJsonController.class.php 第 102 行.
SQL: SHOW COLUMNS FROM `things_swap` [ RunTime:0.0039s ]
SQL: SHOW COLUMNS FROM `things_goods` [ RunTime:0.0039s ]
SQL: SHOW COLUMNS FROM `things_user` [ RunTime:0.0053s ]
SQL: SELECT * FROM `things_swap` WHERE ( swaper="biao" )  [ RunTime:0.0009s ]
SQL: SELECT * FROM `things_goods` WHERE ( id=1 )  [ RunTime:0.0007s ]
NOTIC: [8] Undefined index: name E:\wamp\www\things\things\Home\Controller\MessageJsonController.class.php 第 114 行.
NOTIC: [8] Undefined index: picture E:\wamp\www\things\things\Home\Controller\MessageJsonController.class.php 第 115 行.
NOTIC: [8] Undefined index: remark E:\wamp\www\things\things\Home\Controller\MessageJsonController.class.php 第 116 行.
INFO: [ app_end ] --START--
INFO: Run Behavior\ShowPageTraceBehavior [ RunTime:0.002230s ]
INFO: [ app_end ] --END-- [ RunTime:0.002488s ]

[ 2016-04-17T20:20:21+08:00 ] ::1 /things/message/my_swap
INFO: [ app_init ] --START--
INFO: Run Behavior\BuildLiteBehavior [ RunTime:0.000030s ]
INFO: [ app_init ] --END-- [ RunTime:0.000980s ]
INFO: [ app_begin ] --START--
INFO: Run Behavior\ReadHtmlCacheBehavior [ RunTime:0.001530s ]
INFO: [ app_begin ] --END-- [ RunTime:0.001775s ]
INFO: [ view_parse ] --START--
INFO: [ template_filter ] --START--
INFO: Run Behavior\ContentReplaceBehavior [ RunTime:0.000066s ]
INFO: [ template_filter ] --END-- [ RunTime:0.000183s ]
INFO: Run Behavior\ParseTemplateBehavior [ RunTime:0.009388s ]
INFO: [ view_parse ] --END-- [ RunTime:0.009564s ]
INFO: [ view_filter ] --START--
INFO: Run Behavior\WriteHtmlCacheBehavior [ RunTime:0.000664s ]
INFO: [ view_filter ] --END-- [ RunTime:0.000768s ]
INFO: [ app_end ] --START--
INFO: Run Behavior\ShowPageTraceBehavior [ RunTime:0.000909s ]
INFO: [ app_end ] --END-- [ RunTime:0.001010s ]

[ 2016-04-17T20:20:23+08:00 ] ::1 /things/MessageJson/my_swap
INFO: [ app_init ] --START--
INFO: Run Behavior\BuildLiteBehavior [ RunTime:0.000029s ]
INFO: [ app_init ] --END-- [ RunTime:0.001007s ]
INFO: [ app_begin ] --START--
INFO: Run Behavior\ReadHtmlCacheBehavior [ RunTime:0.001018s ]
INFO: [ app_begin ] --END-- [ RunTime:0.001123s ]
NOTIC: [8] A session had already been started - ignoring session_start() E:\wamp\www\things\things\Home\Controller\MessageJsonController.class.php 第 102 行.
SQL: SHOW COLUMNS FROM `things_swap` [ RunTime:0.0047s ]
SQL: SHOW COLUMNS FROM `things_goods` [ RunTime:0.0064s ]
SQL: SHOW COLUMNS FROM `things_user` [ RunTime:0.0041s ]
SQL: SELECT * FROM `things_swap` WHERE ( swaper="biao" )  [ RunTime:0.0004s ]
SQL: SELECT * FROM `things_goods` WHERE ( id=1 )  [ RunTime:0.0004s ]
INFO: [ app_end ] --START--
INFO: Run Behavior\ShowPageTraceBehavior [ RunTime:0.001289s ]
INFO: [ app_end ] --END-- [ RunTime:0.001393s ]

[ 2016-04-17T20:23:30+08:00 ] ::1 /things/MessageJson/my_swap
INFO: [ app_init ] --START--
INFO: Run Behavior\BuildLiteBehavior [ RunTime:0.000027s ]
INFO: [ app_init ] --END-- [ RunTime:0.000805s ]
INFO: [ app_begin ] --START--
INFO: Run Behavior\ReadHtmlCacheBehavior [ RunTime:0.001037s ]
INFO: [ app_begin ] --END-- [ RunTime:0.001183s ]
NOTIC: [8] A session had already been started - ignoring session_start() E:\wamp\www\things\things\Home\Controller\MessageJsonController.class.php 第 102 行.
SQL: SHOW COLUMNS FROM `things_swap` [ RunTime:0.0042s ]
SQL: SELECT * FROM `things_swap` WHERE ( swaper="biao" )  [ RunTime:0.0005s ]
INFO: [ app_end ] --START--
INFO: Run Behavior\ShowPageTraceBehavior [ RunTime:0.001518s ]
INFO: [ app_end ] --END-- [ RunTime:0.001651s ]

[ 2016-04-17T20:31:20+08:00 ] ::1 /things/MessageJson/my_swap
INFO: [ app_init ] --START--
INFO: Run Behavior\BuildLiteBehavior [ RunTime:0.000028s ]
INFO: [ app_init ] --END-- [ RunTime:0.000788s ]
INFO: [ app_begin ] --START--
INFO: Run Behavior\ReadHtmlCacheBehavior [ RunTime:0.001432s ]
INFO: [ app_begin ] --END-- [ RunTime:0.001595s ]
NOTIC: [8] A session had already been started - ignoring session_start() E:\wamp\www\things\things\Home\Controller\MessageJsonController.class.php 第 102 行.
SQL: SHOW COLUMNS FROM `things_swap` [ RunTime:0.0039s ]
SQL: SELECT * FROM `things_swap` WHERE ( swaper="biao" )  [ RunTime:0.0004s ]
INFO: [ app_end ] --START--
INFO: Run Behavior\ShowPageTraceBehavior [ RunTime:0.001238s ]
INFO: [ app_end ] --END-- [ RunTime:0.001370s ]

[ 2016-04-17T20:33:07+08:00 ] ::1 /things/MessageJson/my_swap
INFO: [ app_init ] --START--
INFO: Run Behavior\BuildLiteBehavior [ RunTime:0.000027s ]
INFO: [ app_init ] --END-- [ RunTime:0.000786s ]
INFO: [ app_begin ] --START--
INFO: Run Behavior\ReadHtmlCacheBehavior [ RunTime:0.000879s ]
INFO: [ app_begin ] --END-- [ RunTime:0.000977s ]
NOTIC: [8] A session had already been started - ignoring session_start() E:\wamp\www\things\things\Home\Controller\MessageJsonController.class.php 第 102 行.
SQL: SHOW COLUMNS FROM `things_swap` [ RunTime:0.0038s ]
SQL: SELECT * FROM `things_swap` WHERE ( swaper="biao" )  [ RunTime:0.0004s ]
INFO: [ app_end ] --START--
INFO: Run Behavior\ShowPageTraceBehavior [ RunTime:0.001111s ]
INFO: [ app_end ] --END-- [ RunTime:0.001208s ]

[ 2016-04-17T20:35:30+08:00 ] ::1 /things/MessageJson/my_swap
INFO: [ app_init ] --START--
INFO: Run Behavior\BuildLiteBehavior [ RunTime:0.000028s ]
INFO: [ app_init ] --END-- [ RunTime:0.000824s ]
INFO: [ app_begin ] --START--
INFO: Run Behavior\ReadHtmlCacheBehavior [ RunTime:0.001042s ]
INFO: [ app_begin ] --END-- [ RunTime:0.001145s ]
NOTIC: [8] A session had already been started - ignoring session_start() E:\wamp\www\things\things\Home\Controller\MessageJsonController.class.php 第 102 行.
SQL: SHOW COLUMNS FROM `things_swap` [ RunTime:0.0042s ]
SQL: SHOW COLUMNS FROM `things_goods` [ RunTime:0.0037s ]
SQL: SHOW COLUMNS FROM `things_user` [ RunTime:0.0045s ]
SQL: SELECT * FROM `things_swap` WHERE ( swaper="biao" )  [ RunTime:0.0005s ]

[ 2016-04-17T20:35:49+08:00 ] ::1 /things/message/my_swap
INFO: [ app_init ] --START--
INFO: Run Behavior\BuildLiteBehavior [ RunTime:0.000033s ]
INFO: [ app_init ] --END-- [ RunTime:0.001079s ]
INFO: [ app_begin ] --START--
INFO: Run Behavior\ReadHtmlCacheBehavior [ RunTime:0.000889s ]
INFO: [ app_begin ] --END-- [ RunTime:0.001022s ]
INFO: [ view_parse ] --START--
INFO: [ template_filter ] --START--
INFO: Run Behavior\ContentReplaceBehavior [ RunTime:0.000069s ]
INFO: [ template_filter ] --END-- [ RunTime:0.000182s ]
INFO: Run Behavior\ParseTemplateBehavior [ RunTime:0.008712s ]
INFO: [ view_parse ] --END-- [ RunTime:0.008847s ]
INFO: [ view_filter ] --START--
INFO: Run Behavior\WriteHtmlCacheBehavior [ RunTime:0.000609s ]
INFO: [ view_filter ] --END-- [ RunTime:0.000713s ]
INFO: [ app_end ] --START--
INFO: Run Behavior\ShowPageTraceBehavior [ RunTime:0.001310s ]
INFO: [ app_end ] --END-- [ RunTime:0.001418s ]

[ 2016-04-17T20:35:50+08:00 ] ::1 /things/MessageJson/my_swap
INFO: [ app_init ] --START--
INFO: Run Behavior\BuildLiteBehavior [ RunTime:0.000040s ]
INFO: [ app_init ] --END-- [ RunTime:0.000772s ]
INFO: [ app_begin ] --START--
INFO: Run Behavior\ReadHtmlCacheBehavior [ RunTime:0.001574s ]
INFO: [ app_begin ] --END-- [ RunTime:0.001784s ]
NOTIC: [8] A session had already been started - ignoring session_start() E:\wamp\www\things\things\Home\Controller\MessageJsonController.class.php 第 102 行.
SQL: SHOW COLUMNS FROM `things_swap` [ RunTime:0.0068s ]
SQL: SHOW COLUMNS FROM `things_goods` [ RunTime:0.0039s ]
SQL: SHOW COLUMNS FROM `things_user` [ RunTime:0.0054s ]
SQL: SELECT * FROM `things_swap` WHERE ( swaper="biao" )  [ RunTime:0.0004s ]
ERR: 1054:Unknown column 'goods_id' in 'where clause'
 [ SQL语句 ] : SELECT * FROM `things_goods` WHERE ( goods_id=1 ) 
ERR: 1054:Unknown column 'goods_id' in 'where clause'
 [ SQL语句 ] : SELECT * FROM `things_goods` WHERE ( goods_id=1 ) 

[ 2016-04-17T20:36:23+08:00 ] ::1 /things/MessageJson/my_swap
INFO: [ app_init ] --START--
INFO: Run Behavior\BuildLiteBehavior [ RunTime:0.000047s ]
INFO: [ app_init ] --END-- [ RunTime:0.000956s ]
INFO: [ app_begin ] --START--
INFO: Run Behavior\ReadHtmlCacheBehavior [ RunTime:0.000972s ]
INFO: [ app_begin ] --END-- [ RunTime:0.001078s ]
NOTIC: [8] A session had already been started - ignoring session_start() E:\wamp\www\things\things\Home\Controller\MessageJsonController.class.php 第 102 行.
SQL: SHOW COLUMNS FROM `things_swap` [ RunTime:0.0040s ]
SQL: SHOW COLUMNS FROM `things_goods` [ RunTime:0.0040s ]
SQL: SHOW COLUMNS FROM `things_user` [ RunTime:0.0036s ]
SQL: SELECT * FROM `things_swap` WHERE ( swaper="biao" )  [ RunTime:0.0005s ]
SQL: SELECT * FROM `things_goods` WHERE ( id=1 )  [ RunTime:0.0004s ]
SQL: SELECT * FROM `things_goods` WHERE ( id=1 )  [ RunTime:0.0004s ]
SQL: SELECT * FROM `things_goods` WHERE ( id=1 )  [ RunTime:0.0004s ]
INFO: [ app_end ] --START--
INFO: Run Behavior\ShowPageTraceBehavior [ RunTime:0.001313s ]
INFO: [ app_end ] --END-- [ RunTime:0.001431s ]

[ 2016-04-17T20:38:07+08:00 ] ::1 /things/MessageJson/my_swap
INFO: [ app_init ] --START--
INFO: Run Behavior\BuildLiteBehavior [ RunTime:0.000029s ]
INFO: [ app_init ] --END-- [ RunTime:0.000803s ]
INFO: [ app_begin ] --START--
INFO: Run Behavior\ReadHtmlCacheBehavior [ RunTime:0.001010s ]
INFO: [ app_begin ] --END-- [ RunTime:0.001110s ]
NOTIC: [8] A session had already been started - ignoring session_start() E:\wamp\www\things\things\Home\Controller\MessageJsonController.class.php 第 102 行.
SQL: SHOW COLUMNS FROM `things_swap` [ RunTime:0.0037s ]
SQL: SHOW COLUMNS FROM `things_goods` [ RunTime:0.0039s ]
SQL: SHOW COLUMNS FROM `things_user` [ RunTime:0.0038s ]
SQL: SELECT * FROM `things_swap` WHERE ( swaper="biao" )  [ RunTime:0.0004s ]
SQL: SELECT * FROM `things_user` WHERE ( username="" )  [ RunTime:0.0004s ]
NOTIC: [8] Undefined offset: 0 E:\wamp\www\things\things\Home\Controller\MessageJsonController.class.php 第 114 行.
SQL: SELECT * FROM `things_goods` WHERE ( id=1 )  [ RunTime:0.0003s ]
SQL: SELECT * FROM `things_user` WHERE ( username="" )  [ RunTime:0.0003s ]
NOTIC: [8] Undefined offset: 0 E:\wamp\www\things\things\Home\Controller\MessageJsonController.class.php 第 114 行.
SQL: SELECT * FROM `things_goods` WHERE ( id=1 )  [ RunTime:0.0003s ]
SQL: SELECT * FROM `things_user` WHERE ( username="" )  [ RunTime:0.0003s ]
NOTIC: [8] Undefined offset: 0 E:\wamp\www\things\things\Home\Controller\MessageJsonController.class.php 第 114 行.
SQL: SELECT * FROM `things_goods` WHERE ( id=1 )  [ RunTime:0.0003s ]
INFO: [ app_end ] --START--
INFO: Run Behavior\ShowPageTraceBehavior [ RunTime:0.001202s ]
INFO: [ app_end ] --END-- [ RunTime:0.001301s ]

[ 2016-04-17T20:38:38+08:00 ] ::1 /things/MessageJson/my_swap
INFO: [ app_init ] --START--
INFO: Run Behavior\BuildLiteBehavior [ RunTime:0.000028s ]
INFO: [ app_init ] --END-- [ RunTime:0.000799s ]
INFO: [ app_begin ] --START--
INFO: Run Behavior\ReadHtmlCacheBehavior [ RunTime:0.000927s ]
INFO: [ app_begin ] --END-- [ RunTime:0.001025s ]
NOTIC: [8] A session had already been started - ignoring session_start() E:\wamp\www\things\things\Home\Controller\MessageJsonController.class.php 第 102 行.
SQL: SHOW COLUMNS FROM `things_swap` [ RunTime:0.0038s ]
SQL: SHOW COLUMNS FROM `things_goods` [ RunTime:0.0037s ]
SQL: SHOW COLUMNS FROM `things_user` [ RunTime:0.0041s ]
SQL: SELECT * FROM `things_swap` WHERE ( swaper="biao" )  [ RunTime:0.0004s ]
SQL: SELECT * FROM `things_user` WHERE ( username="admin" )  [ RunTime:0.0004s ]
SQL: SELECT * FROM `things_goods` WHERE ( id=1 )  [ RunTime:0.0005s ]
SQL: SELECT * FROM `things_user` WHERE ( username="admin" )  [ RunTime:0.0004s ]
SQL: SELECT * FROM `things_goods` WHERE ( id=1 )  [ RunTime:0.0003s ]
SQL: SELECT * FROM `things_user` WHERE ( username="admin" )  [ RunTime:0.0004s ]
SQL: SELECT * FROM `things_goods` WHERE ( id=1 )  [ RunTime:0.0008s ]
INFO: [ app_end ] --START--
INFO: Run Behavior\ShowPageTraceBehavior [ RunTime:0.002019s ]
INFO: [ app_end ] --END-- [ RunTime:0.002263s ]

[ 2016-04-17T20:38:58+08:00 ] ::1 /things/message/my_swap
INFO: [ app_init ] --START--
INFO: Run Behavior\BuildLiteBehavior [ RunTime:0.000027s ]
INFO: [ app_init ] --END-- [ RunTime:0.000780s ]
INFO: [ app_begin ] --START--
INFO: Run Behavior\ReadHtmlCacheBehavior [ RunTime:0.000986s ]
INFO: [ app_begin ] --END-- [ RunTime:0.001124s ]
INFO: [ view_parse ] --START--
INFO: [ template_filter ] --START--
INFO: Run Behavior\ContentReplaceBehavior [ RunTime:0.000117s ]
INFO: [ template_filter ] --END-- [ RunTime:0.000327s ]
INFO: Run Behavior\ParseTemplateBehavior [ RunTime:0.011103s ]
INFO: [ view_parse ] --END-- [ RunTime:0.011286s ]
INFO: [ view_filter ] --START--
INFO: Run Behavior\WriteHtmlCacheBehavior [ RunTime:0.000615s ]
INFO: [ view_filter ] --END-- [ RunTime:0.000718s ]
INFO: [ app_end ] --START--
INFO: Run Behavior\ShowPageTraceBehavior [ RunTime:0.000899s ]
INFO: [ app_end ] --END-- [ RunTime:0.001011s ]

[ 2016-04-17T20:38:59+08:00 ] ::1 /things/MessageJson/my_swap
INFO: [ app_init ] --START--
INFO: Run Behavior\BuildLiteBehavior [ RunTime:0.000048s ]
INFO: [ app_init ] --END-- [ RunTime:0.001051s ]
INFO: [ app_begin ] --START--
INFO: Run Behavior\ReadHtmlCacheBehavior [ RunTime:0.001077s ]
INFO: [ app_begin ] --END-- [ RunTime:0.001185s ]
NOTIC: [8] A session had already been started - ignoring session_start() E:\wamp\www\things\things\Home\Controller\MessageJsonController.class.php 第 102 行.
SQL: SHOW COLUMNS FROM `things_swap` [ RunTime:0.0038s ]
SQL: SHOW COLUMNS FROM `things_goods` [ RunTime:0.0041s ]
SQL: SHOW COLUMNS FROM `things_user` [ RunTime:0.0038s ]
SQL: SELECT * FROM `things_swap` WHERE ( swaper="biao" )  [ RunTime:0.0004s ]
SQL: SELECT * FROM `things_user` WHERE ( username="admin" )  [ RunTime:0.0003s ]
SQL: SELECT * FROM `things_goods` WHERE ( id=1 )  [ RunTime:0.0003s ]
SQL: SELECT * FROM `things_user` WHERE ( username="admin" )  [ RunTime:0.0003s ]
SQL: SELECT * FROM `things_goods` WHERE ( id=1 )  [ RunTime:0.0004s ]
SQL: SELECT * FROM `things_user` WHERE ( username="admin" )  [ RunTime:0.0003s ]
SQL: SELECT * FROM `things_goods` WHERE ( id=1 )  [ RunTime:0.0003s ]
INFO: [ app_end ] --START--
INFO: Run Behavior\ShowPageTraceBehavior [ RunTime:0.001122s ]
INFO: [ app_end ] --END-- [ RunTime:0.001219s ]

[ 2016-04-17T20:39:28+08:00 ] ::1 /things/MessageJson/my_swap
INFO: [ app_init ] --START--
INFO: Run Behavior\BuildLiteBehavior [ RunTime:0.000030s ]
INFO: [ app_init ] --END-- [ RunTime:0.000872s ]
INFO: [ app_begin ] --START--
INFO: Run Behavior\ReadHtmlCacheBehavior [ RunTime:0.001004s ]
INFO: [ app_begin ] --END-- [ RunTime:0.001114s ]
NOTIC: [8] A session had already been started - ignoring session_start() E:\wamp\www\things\things\Home\Controller\MessageJsonController.class.php 第 102 行.
SQL: SHOW COLUMNS FROM `things_swap` [ RunTime:0.0037s ]
SQL: SHOW COLUMNS FROM `things_goods` [ RunTime:0.0035s ]
SQL: SHOW COLUMNS FROM `things_user` [ RunTime:0.0036s ]
SQL: SELECT * FROM `things_swap` WHERE ( swaper="biao" )  [ RunTime:0.0005s ]
SQL: SELECT * FROM `things_user` WHERE ( username="admin" )  [ RunTime:0.0005s ]
SQL: SELECT * FROM `things_goods` WHERE ( id=1 )  [ RunTime:0.0003s ]
SQL: SELECT * FROM `things_user` WHERE ( username="admin" )  [ RunTime:0.0003s ]
SQL: SELECT * FROM `things_goods` WHERE ( id=1 )  [ RunTime:0.0003s ]
SQL: SELECT * FROM `things_user` WHERE ( username="admin" )  [ RunTime:0.0003s ]
SQL: SELECT * FROM `things_goods` WHERE ( id=1 )  [ RunTime:0.0003s ]
INFO: [ app_end ] --START--
INFO: Run Behavior\ShowPageTraceBehavior [ RunTime:0.001197s ]
INFO: [ app_end ] --END-- [ RunTime:0.001297s ]

[ 2016-04-17T20:51:28+08:00 ] ::1 /things/message/my_swap
INFO: [ app_init ] --START--
INFO: Run Behavior\BuildLiteBehavior [ RunTime:0.000027s ]
INFO: [ app_init ] --END-- [ RunTime:0.000727s ]
INFO: [ app_begin ] --START--
INFO: Run Behavior\ReadHtmlCacheBehavior [ RunTime:0.001503s ]
INFO: [ app_begin ] --END-- [ RunTime:0.001676s ]
INFO: [ view_parse ] --START--
INFO: [ template_filter ] --START--
INFO: Run Behavior\ContentReplaceBehavior [ RunTime:0.000071s ]
INFO: [ template_filter ] --END-- [ RunTime:0.000193s ]
INFO: Run Behavior\ParseTemplateBehavior [ RunTime:0.010284s ]
INFO: [ view_parse ] --END-- [ RunTime:0.010507s ]
INFO: [ view_filter ] --START--
INFO: Run Behavior\WriteHtmlCacheBehavior [ RunTime:0.000708s ]
INFO: [ view_filter ] --END-- [ RunTime:0.000813s ]
INFO: [ app_end ] --START--
INFO: Run Behavior\ShowPageTraceBehavior [ RunTime:0.000933s ]
INFO: [ app_end ] --END-- [ RunTime:0.001036s ]

[ 2016-04-17T20:51:33+08:00 ] ::1 /things/MessageJson/my_swap
INFO: [ app_init ] --START--
INFO: Run Behavior\BuildLiteBehavior [ RunTime:0.000046s ]
INFO: [ app_init ] --END-- [ RunTime:0.000982s ]
INFO: [ app_begin ] --START--
INFO: Run Behavior\ReadHtmlCacheBehavior [ RunTime:0.000979s ]
INFO: [ app_begin ] --END-- [ RunTime:0.001092s ]
NOTIC: [8] A session had already been started - ignoring session_start() E:\wamp\www\things\things\Home\Controller\MessageJsonController.class.php 第 102 行.
SQL: SHOW COLUMNS FROM `things_swap` [ RunTime:0.0040s ]
SQL: SHOW COLUMNS FROM `things_goods` [ RunTime:0.0034s ]
SQL: SHOW COLUMNS FROM `things_user` [ RunTime:0.0034s ]
SQL: SELECT * FROM `things_swap` WHERE ( swaper="biao" )  [ RunTime:0.0004s ]
SQL: SELECT * FROM `things_user` WHERE ( username="admin" )  [ RunTime:0.0003s ]
SQL: SELECT * FROM `things_goods` WHERE ( id=1 )  [ RunTime:0.0003s ]
SQL: SELECT * FROM `things_user` WHERE ( username="admin" )  [ RunTime:0.0003s ]
SQL: SELECT * FROM `things_goods` WHERE ( id=1 )  [ RunTime:0.0003s ]
SQL: SELECT * FROM `things_user` WHERE ( username="admin" )  [ RunTime:0.0003s ]
SQL: SELECT * FROM `things_goods` WHERE ( id=1 )  [ RunTime:0.0003s ]
INFO: [ app_end ] --START--
INFO: Run Behavior\ShowPageTraceBehavior [ RunTime:0.001215s ]
INFO: [ app_end ] --END-- [ RunTime:0.001311s ]

[ 2016-04-17T20:52:16+08:00 ] ::1 /things/MessageJson/my_swap
INFO: [ app_init ] --START--
INFO: Run Behavior\BuildLiteBehavior [ RunTime:0.000031s ]
INFO: [ app_init ] --END-- [ RunTime:0.001257s ]
INFO: [ app_begin ] --START--
INFO: Run Behavior\ReadHtmlCacheBehavior [ RunTime:0.001673s ]
INFO: [ app_begin ] --END-- [ RunTime:0.001812s ]
NOTIC: [8] A session had already been started - ignoring session_start() E:\wamp\www\things\things\Home\Controller\MessageJsonController.class.php 第 102 行.
SQL: SHOW COLUMNS FROM `things_swap` [ RunTime:0.0036s ]
SQL: SHOW COLUMNS FROM `things_goods` [ RunTime:0.0048s ]
SQL: SHOW COLUMNS FROM `things_user` [ RunTime:0.0038s ]
SQL: SELECT * FROM `things_swap` WHERE ( swaper="biao" )  [ RunTime:0.0004s ]
SQL: SELECT * FROM `things_user` WHERE ( username="admin" )  [ RunTime:0.0004s ]
SQL: SELECT * FROM `things_goods` WHERE ( id=1 )  [ RunTime:0.0003s ]
SQL: SELECT * FROM `things_user` WHERE ( username="ss" )  [ RunTime:0.0004s ]
NOTIC: [8] Undefined offset: 0 E:\wamp\www\things\things\Home\Controller\MessageJsonController.class.php 第 114 行.
SQL: SELECT * FROM `things_goods` WHERE ( id=1 )  [ RunTime:0.0004s ]
SQL: SELECT * FROM `things_user` WHERE ( username="admin" )  [ RunTime:0.0003s ]
SQL: SELECT * FROM `things_goods` WHERE ( id=1 )  [ RunTime:0.0003s ]
INFO: [ app_end ] --START--
INFO: Run Behavior\ShowPageTraceBehavior [ RunTime:0.002368s ]
INFO: [ app_end ] --END-- [ RunTime:0.002472s ]

[ 2016-04-17T20:53:06+08:00 ] ::1 /things/MessageJson/my_swap
INFO: [ app_init ] --START--
INFO: Run Behavior\BuildLiteBehavior [ RunTime:0.000028s ]
INFO: [ app_init ] --END-- [ RunTime:0.000841s ]
INFO: [ app_begin ] --START--
INFO: Run Behavior\ReadHtmlCacheBehavior [ RunTime:0.001447s ]
INFO: [ app_begin ] --END-- [ RunTime:0.001542s ]
NOTIC: [8] A session had already been started - ignoring session_start() E:\wamp\www\things\things\Home\Controller\MessageJsonController.class.php 第 102 行.
SQL: SHOW COLUMNS FROM `things_swap` [ RunTime:0.0048s ]
SQL: SHOW COLUMNS FROM `things_goods` [ RunTime:0.0056s ]
SQL: SHOW COLUMNS FROM `things_user` [ RunTime:0.0034s ]
SQL: SELECT * FROM `things_swap` WHERE ( swaper="biao" )  [ RunTime:0.0003s ]
SQL: SELECT * FROM `things_user` WHERE ( username="admin" )  [ RunTime:0.0004s ]
SQL: SELECT * FROM `things_goods` WHERE ( id=1 )  [ RunTime:0.0004s ]
SQL: SELECT * FROM `things_user` WHERE ( username="biao" )  [ RunTime:0.0005s ]
SQL: SELECT * FROM `things_goods` WHERE ( id=1 )  [ RunTime:0.0004s ]
SQL: SELECT * FROM `things_user` WHERE ( username="admin" )  [ RunTime:0.0006s ]
SQL: SELECT * FROM `things_goods` WHERE ( id=1 )  [ RunTime:0.0003s ]
INFO: [ app_end ] --START--
INFO: Run Behavior\ShowPageTraceBehavior [ RunTime:0.001649s ]
INFO: [ app_end ] --END-- [ RunTime:0.001742s ]

[ 2016-04-17T20:53:26+08:00 ] ::1 /things/message/who_swap
INFO: [ app_init ] --START--
INFO: Run Behavior\BuildLiteBehavior [ RunTime:0.000031s ]
INFO: [ app_init ] --END-- [ RunTime:0.001521s ]
INFO: [ app_begin ] --START--
INFO: Run Behavior\ReadHtmlCacheBehavior [ RunTime:0.001597s ]
INFO: [ app_begin ] --END-- [ RunTime:0.001711s ]
INFO: [ view_parse ] --START--
INFO: [ template_filter ] --START--
INFO: Run Behavior\ContentReplaceBehavior [ RunTime:0.000072s ]
INFO: [ template_filter ] --END-- [ RunTime:0.000205s ]
INFO: Run Behavior\ParseTemplateBehavior [ RunTime:0.327702s ]
INFO: [ view_parse ] --END-- [ RunTime:0.327892s ]
INFO: [ view_filter ] --START--
INFO: Run Behavior\WriteHtmlCacheBehavior [ RunTime:0.002495s ]
INFO: [ view_filter ] --END-- [ RunTime:0.002741s ]
INFO: [ app_end ] --START--
INFO: Run Behavior\ShowPageTraceBehavior [ RunTime:0.003050s ]
INFO: [ app_end ] --END-- [ RunTime:0.003253s ]

[ 2016-04-17T20:53:29+08:00 ] ::1 /things/MessageJson/mymessage?act=del
INFO: [ app_init ] --START--
INFO: Run Behavior\BuildLiteBehavior [ RunTime:0.000037s ]
INFO: [ app_init ] --END-- [ RunTime:0.000931s ]
INFO: [ app_begin ] --START--
INFO: Run Behavior\ReadHtmlCacheBehavior [ RunTime:0.002534s ]
INFO: [ app_begin ] --END-- [ RunTime:0.002829s ]
NOTIC: [8] A session had already been started - ignoring session_start() E:\wamp\www\things\things\Home\Controller\MessageJsonController.class.php 第 20 行.
SQL: SHOW COLUMNS FROM `things_message` [ RunTime:0.0038s ]
SQL: DELETE FROM `things_message` WHERE ( id=0 and username='biao' ) [ RunTime:0.0222s ]
INFO: [ app_end ] --START--
INFO: Run Behavior\ShowPageTraceBehavior [ RunTime:0.001616s ]
INFO: [ app_end ] --END-- [ RunTime:0.001709s ]

[ 2016-04-17T20:53:48+08:00 ] ::1 /things/message/who_swap
INFO: [ app_init ] --START--
INFO: Run Behavior\BuildLiteBehavior [ RunTime:0.000029s ]
INFO: [ app_init ] --END-- [ RunTime:0.000885s ]
INFO: [ app_begin ] --START--
INFO: Run Behavior\ReadHtmlCacheBehavior [ RunTime:0.001527s ]
INFO: [ app_begin ] --END-- [ RunTime:0.001641s ]
INFO: [ view_parse ] --START--
INFO: [ template_filter ] --START--
INFO: Run Behavior\ContentReplaceBehavior [ RunTime:0.000074s ]
INFO: [ template_filter ] --END-- [ RunTime:0.000204s ]
INFO: Run Behavior\ParseTemplateBehavior [ RunTime:0.011742s ]
INFO: [ view_parse ] --END-- [ RunTime:0.011857s ]
INFO: [ view_filter ] --START--
INFO: Run Behavior\WriteHtmlCacheBehavior [ RunTime:0.001164s ]
INFO: [ view_filter ] --END-- [ RunTime:0.001257s ]
INFO: [ app_end ] --START--
INFO: Run Behavior\ShowPageTraceBehavior [ RunTime:0.001464s ]
INFO: [ app_end ] --END-- [ RunTime:0.001565s ]

[ 2016-04-17T20:53:49+08:00 ] ::1 /things/MessageJson/who_swap
INFO: [ app_init ] --START--
INFO: Run Behavior\BuildLiteBehavior [ RunTime:0.000028s ]
INFO: [ app_init ] --END-- [ RunTime:0.000830s ]
INFO: [ app_begin ] --START--
INFO: Run Behavior\ReadHtmlCacheBehavior [ RunTime:0.002080s ]
INFO: [ app_begin ] --END-- [ RunTime:0.002201s ]
NOTIC: [8] A session had already been started - ignoring session_start() E:\wamp\www\things\things\Home\Controller\MessageJsonController.class.php 第 122 行.
SQL: SHOW COLUMNS FROM `things_swap` [ RunTime:0.0039s ]
SQL: SHOW COLUMNS FROM `things_goods` [ RunTime:0.0040s ]
SQL: SHOW COLUMNS FROM `things_user` [ RunTime:0.0044s ]
SQL: SELECT * FROM `things_swap` WHERE ( master="biao" )  [ RunTime:0.0005s ]
SQL: SELECT * FROM `things_user` WHERE ( username="biao" )  [ RunTime:0.0004s ]
SQL: SELECT * FROM `things_goods` WHERE ( id=1 )  [ RunTime:0.0003s ]
INFO: [ app_end ] --START--
INFO: Run Behavior\ShowPageTraceBehavior [ RunTime:0.001840s ]
INFO: [ app_end ] --END-- [ RunTime:0.001939s ]

[ 2016-04-17T20:54:23+08:00 ] ::1 /things/index/login
INFO: [ app_init ] --START--
INFO: Run Behavior\BuildLiteBehavior [ RunTime:0.000028s ]
INFO: [ app_init ] --END-- [ RunTime:0.000766s ]
INFO: [ app_begin ] --START--
INFO: Run Behavior\ReadHtmlCacheBehavior [ RunTime:0.000927s ]
INFO: [ app_begin ] --END-- [ RunTime:0.001036s ]
INFO: [ view_parse ] --START--
INFO: [ template_filter ] --START--
INFO: Run Behavior\ContentReplaceBehavior [ RunTime:0.000097s ]
INFO: [ template_filter ] --END-- [ RunTime:0.000249s ]
INFO: Run Behavior\ParseTemplateBehavior [ RunTime:0.043709s ]
INFO: [ view_parse ] --END-- [ RunTime:0.043915s ]
INFO: [ view_filter ] --START--
INFO: Run Behavior\WriteHtmlCacheBehavior [ RunTime:0.000846s ]
INFO: [ view_filter ] --END-- [ RunTime:0.000967s ]
INFO: [ app_end ] --START--
INFO: Run Behavior\ShowPageTraceBehavior [ RunTime:0.001445s ]
INFO: [ app_end ] --END-- [ RunTime:0.001576s ]

[ 2016-04-17T20:54:27+08:00 ] ::1 /things/IndexJson/login
INFO: [ app_init ] --START--
INFO: Run Behavior\BuildLiteBehavior [ RunTime:0.000028s ]
INFO: [ app_init ] --END-- [ RunTime:0.000865s ]
INFO: [ app_begin ] --START--
INFO: Run Behavior\ReadHtmlCacheBehavior [ RunTime:0.000993s ]
INFO: [ app_begin ] --END-- [ RunTime:0.001084s ]
SQL: SHOW COLUMNS FROM `things_user` [ RunTime:0.0060s ]
SQL: SELECT * FROM `things_user` WHERE ( username="admin" )  [ RunTime:0.0004s ]
NOTIC: [8] A session had already been started - ignoring session_start() E:\wamp\www\things\things\Home\Controller\IndexJsonController.class.php 第 54 行.
INFO: [ app_end ] --START--
INFO: Run Behavior\ShowPageTraceBehavior [ RunTime:0.001238s ]
INFO: [ app_end ] --END-- [ RunTime:0.001380s ]

[ 2016-04-17T20:54:31+08:00 ] ::1 /things/MessageJson/who_swap
INFO: [ app_init ] --START--
INFO: Run Behavior\BuildLiteBehavior [ RunTime:0.000028s ]
INFO: [ app_init ] --END-- [ RunTime:0.000762s ]
INFO: [ app_begin ] --START--
INFO: Run Behavior\ReadHtmlCacheBehavior [ RunTime:0.001048s ]
INFO: [ app_begin ] --END-- [ RunTime:0.001179s ]
NOTIC: [8] A session had already been started - ignoring session_start() E:\wamp\www\things\things\Home\Controller\MessageJsonController.class.php 第 122 行.
SQL: SHOW COLUMNS FROM `things_swap` [ RunTime:0.0042s ]
SQL: SHOW COLUMNS FROM `things_goods` [ RunTime:0.0037s ]
SQL: SHOW COLUMNS FROM `things_user` [ RunTime:0.0043s ]
SQL: SELECT * FROM `things_swap` WHERE ( master="admin" )  [ RunTime:0.0004s ]
SQL: SELECT * FROM `things_user` WHERE ( username="admin" )  [ RunTime:0.0004s ]
SQL: SELECT * FROM `things_goods` WHERE ( id=1 )  [ RunTime:0.0004s ]
SQL: SELECT * FROM `things_user` WHERE ( username="admin" )  [ RunTime:0.0003s ]
SQL: SELECT * FROM `things_goods` WHERE ( id=1 )  [ RunTime:0.0004s ]
SQL: SELECT * FROM `things_user` WHERE ( username="admin" )  [ RunTime:0.0004s ]
SQL: SELECT * FROM `things_goods` WHERE ( id=1 )  [ RunTime:0.0003s ]
INFO: [ app_end ] --START--
INFO: Run Behavior\ShowPageTraceBehavior [ RunTime:0.001133s ]
INFO: [ app_end ] --END-- [ RunTime:0.001229s ]

[ 2016-04-17T20:58:36+08:00 ] ::1 /things/MessageJson/who_swap
INFO: [ app_init ] --START--
INFO: Run Behavior\BuildLiteBehavior [ RunTime:0.000079s ]
INFO: [ app_init ] --END-- [ RunTime:0.001865s ]
INFO: [ app_begin ] --START--
INFO: Run Behavior\ReadHtmlCacheBehavior [ RunTime:0.001138s ]
INFO: [ app_begin ] --END-- [ RunTime:0.001266s ]
NOTIC: [8] A session had already been started - ignoring session_start() E:\wamp\www\things\things\Home\Controller\MessageJsonController.class.php 第 122 行.
SQL: SHOW COLUMNS FROM `things_swap` [ RunTime:0.0058s ]
SQL: SHOW COLUMNS FROM `things_goods` [ RunTime:0.0040s ]
SQL: SHOW COLUMNS FROM `things_user` [ RunTime:0.0040s ]
SQL: SELECT * FROM `things_swap` WHERE ( master="admin" )  [ RunTime:0.0004s ]
SQL: SELECT * FROM `things_user` WHERE ( username="0" )  [ RunTime:0.0003s ]
NOTIC: [8] Undefined offset: 0 E:\wamp\www\things\things\Home\Controller\MessageJsonController.class.php 第 134 行.
SQL: SELECT * FROM `things_goods` WHERE ( id=1 )  [ RunTime:0.0003s ]
SQL: SELECT * FROM `things_user` WHERE ( username="biao" )  [ RunTime:0.0003s ]
SQL: SELECT * FROM `things_goods` WHERE ( id=1 )  [ RunTime:0.0002s ]
SQL: SELECT * FROM `things_user` WHERE ( username="biao" )  [ RunTime:0.0002s ]
SQL: SELECT * FROM `things_goods` WHERE ( id=1 )  [ RunTime:0.0002s ]
INFO: [ app_end ] --START--
INFO: Run Behavior\ShowPageTraceBehavior [ RunTime:0.001171s ]
INFO: [ app_end ] --END-- [ RunTime:0.001272s ]

