[ 2016-04-12T11:06:35+08:00 ] ::1 /things/code/tie
INFO: [ app_init ] --START--
INFO: Run Behavior\BuildLiteBehavior [ RunTime:0.000059s ]
INFO: [ app_init ] --END-- [ RunTime:0.029938s ]
INFO: [ app_begin ] --START--
INFO: Run Behavior\ReadHtmlCacheBehavior [ RunTime:0.012294s ]
INFO: [ app_begin ] --END-- [ RunTime:0.012541s ]
NOTIC: [2048] Declaration of Home\Controller\CodeController::show() should be compatible with Think\Controller::show($content, $charset = '', $contentType = '', $prefix = '') E:\wamp\www\things\things\Home\Controller\CodeController.class.php 第 67 行.
INFO: [ view_parse ] --START--
INFO: [ template_filter ] --START--
INFO: Run Behavior\ContentReplaceBehavior [ RunTime:0.021149s ]
INFO: [ template_filter ] --END-- [ RunTime:0.021592s ]
INFO: Run Behavior\ParseTemplateBehavior [ RunTime:0.068532s ]
INFO: [ view_parse ] --END-- [ RunTime:0.068842s ]
INFO: [ view_filter ] --START--
INFO: Run Behavior\WriteHtmlCacheBehavior [ RunTime:0.014812s ]
INFO: [ view_filter ] --END-- [ RunTime:0.015329s ]
INFO: [ app_end ] --START--
INFO: Run Behavior\ShowPageTraceBehavior [ RunTime:0.010545s ]
INFO: [ app_end ] --END-- [ RunTime:0.010786s ]

[ 2016-04-12T11:06:35+08:00 ] ::1 /things/index/index
INFO: [ app_init ] --START--
INFO: Run Behavior\BuildLiteBehavior [ RunTime:0.000039s ]
INFO: [ app_init ] --END-- [ RunTime:0.000778s ]
INFO: [ app_begin ] --START--
INFO: Run Behavior\ReadHtmlCacheBehavior [ RunTime:0.000924s ]
INFO: [ app_begin ] --END-- [ RunTime:0.001066s ]
INFO: [ view_parse ] --START--
INFO: [ template_filter ] --START--
INFO: Run Behavior\ContentReplaceBehavior [ RunTime:0.000082s ]
INFO: [ template_filter ] --END-- [ RunTime:0.000225s ]
INFO: Run Behavior\ParseTemplateBehavior [ RunTime:0.022623s ]
INFO: [ view_parse ] --END-- [ RunTime:0.022777s ]
INFO: [ view_filter ] --START--
INFO: Run Behavior\WriteHtmlCacheBehavior [ RunTime:0.000757s ]
INFO: [ view_filter ] --END-- [ RunTime:0.000894s ]
INFO: [ app_end ] --START--
INFO: Run Behavior\ShowPageTraceBehavior [ RunTime:0.001043s ]
INFO: [ app_end ] --END-- [ RunTime:0.001214s ]

[ 2016-04-12T11:07:06+08:00 ] ::1 /things/code/tie
INFO: [ app_init ] --START--
INFO: Run Behavior\BuildLiteBehavior [ RunTime:0.000029s ]
INFO: [ app_init ] --END-- [ RunTime:0.000709s ]
INFO: [ app_begin ] --START--
INFO: Run Behavior\ReadHtmlCacheBehavior [ RunTime:0.000742s ]
INFO: [ app_begin ] --END-- [ RunTime:0.000848s ]
NOTIC: [2048] Declaration of Home\Controller\CodeController::show() should be compatible with Think\Controller::show($content, $charset = '', $contentType = '', $prefix = '') E:\wamp\www\things\things\Home\Controller\CodeController.class.php 第 65 行.
INFO: [ view_parse ] --START--
INFO: [ template_filter ] --START--
INFO: Run Behavior\ContentReplaceBehavior [ RunTime:0.000072s ]
INFO: [ template_filter ] --END-- [ RunTime:0.000183s ]
INFO: Run Behavior\ParseTemplateBehavior [ RunTime:0.007924s ]
INFO: [ view_parse ] --END-- [ RunTime:0.008031s ]
INFO: [ view_filter ] --START--
INFO: Run Behavior\WriteHtmlCacheBehavior [ RunTime:0.000422s ]
INFO: [ view_filter ] --END-- [ RunTime:0.000525s ]
INFO: [ app_end ] --START--
INFO: Run Behavior\ShowPageTraceBehavior [ RunTime:0.000929s ]
INFO: [ app_end ] --END-- [ RunTime:0.001046s ]

[ 2016-04-12T11:07:12+08:00 ] ::1 /things/CodeJson/state
INFO: [ app_init ] --START--
INFO: Run Behavior\BuildLiteBehavior [ RunTime:0.000029s ]
INFO: [ app_init ] --END-- [ RunTime:0.000669s ]
INFO: [ app_begin ] --START--
INFO: Run Behavior\ReadHtmlCacheBehavior [ RunTime:0.000748s ]
INFO: [ app_begin ] --END-- [ RunTime:0.000844s ]
NOTIC: [2048] Declaration of Home\Controller\CodeJsonController::show() should be compatible with Think\Controller::show($content, $charset = '', $contentType = '', $prefix = '') E:\wamp\www\things\things\Home\Controller\CodeJsonController.class.php 第 63 行.
NOTIC: [8] A session had already been started - ignoring session_start() E:\wamp\www\things\things\Home\Controller\CodeJsonController.class.php 第 45 行.
INFO: [ app_end ] --START--
INFO: Run Behavior\ShowPageTraceBehavior [ RunTime:0.001005s ]
INFO: [ app_end ] --END-- [ RunTime:0.001144s ]

[ 2016-04-12T11:07:29+08:00 ] ::1 /things/index/login
INFO: [ app_init ] --START--
INFO: Run Behavior\BuildLiteBehavior [ RunTime:0.000030s ]
INFO: [ app_init ] --END-- [ RunTime:0.000701s ]
INFO: [ app_begin ] --START--
INFO: Run Behavior\ReadHtmlCacheBehavior [ RunTime:0.000827s ]
INFO: [ app_begin ] --END-- [ RunTime:0.000946s ]
INFO: [ view_parse ] --START--
INFO: [ template_filter ] --START--
INFO: Run Behavior\ContentReplaceBehavior [ RunTime:0.000073s ]
INFO: [ template_filter ] --END-- [ RunTime:0.000195s ]
INFO: Run Behavior\ParseTemplateBehavior [ RunTime:0.023173s ]
INFO: [ view_parse ] --END-- [ RunTime:0.023282s ]
INFO: [ view_filter ] --START--
INFO: Run Behavior\WriteHtmlCacheBehavior [ RunTime:0.000470s ]
INFO: [ view_filter ] --END-- [ RunTime:0.000561s ]
INFO: [ app_end ] --START--
INFO: Run Behavior\ShowPageTraceBehavior [ RunTime:0.000784s ]
INFO: [ app_end ] --END-- [ RunTime:0.000881s ]

[ 2016-04-12T11:07:45+08:00 ] ::1 /things/IndexJson/login
INFO: [ app_init ] --START--
INFO: Run Behavior\BuildLiteBehavior [ RunTime:0.000030s ]
INFO: [ app_init ] --END-- [ RunTime:0.000989s ]
INFO: [ app_begin ] --START--
INFO: Run Behavior\ReadHtmlCacheBehavior [ RunTime:0.001783s ]
INFO: [ app_begin ] --END-- [ RunTime:0.001933s ]
SQL: SHOW COLUMNS FROM `things_user` [ RunTime:0.0554s ]
SQL: SELECT * FROM `things_user` WHERE ( username="admin" )  [ RunTime:0.0333s ]
NOTIC: [8] A session had already been started - ignoring session_start() E:\wamp\www\things\things\Home\Controller\IndexJsonController.class.php 第 54 行.
INFO: [ app_end ] --START--
INFO: Run Behavior\ShowPageTraceBehavior [ RunTime:0.002636s ]
INFO: [ app_end ] --END-- [ RunTime:0.002816s ]

[ 2016-04-12T11:07:49+08:00 ] ::1 /things/CodeJson/state
INFO: [ app_init ] --START--
INFO: Run Behavior\BuildLiteBehavior [ RunTime:0.000033s ]
INFO: [ app_init ] --END-- [ RunTime:0.001408s ]
INFO: [ app_begin ] --START--
INFO: Run Behavior\ReadHtmlCacheBehavior [ RunTime:0.001644s ]
INFO: [ app_begin ] --END-- [ RunTime:0.001754s ]
NOTIC: [2048] Declaration of Home\Controller\CodeJsonController::show() should be compatible with Think\Controller::show($content, $charset = '', $contentType = '', $prefix = '') E:\wamp\www\things\things\Home\Controller\CodeJsonController.class.php 第 63 行.
NOTIC: [8] A session had already been started - ignoring session_start() E:\wamp\www\things\things\Home\Controller\CodeJsonController.class.php 第 45 行.
SQL: SHOW COLUMNS FROM `things_user` [ RunTime:0.0036s ]
SQL: SELECT `name` FROM `things_user` WHERE ( username="admin" ) LIMIT 1   [ RunTime:0.0003s ]
INFO: [ app_end ] --START--
INFO: Run Behavior\ShowPageTraceBehavior [ RunTime:0.001883s ]
INFO: [ app_end ] --END-- [ RunTime:0.001985s ]

[ 2016-04-12T11:08:19+08:00 ] ::1 /things/IndexJson/login
INFO: [ app_init ] --START--
INFO: Run Behavior\BuildLiteBehavior [ RunTime:0.000036s ]
INFO: [ app_init ] --END-- [ RunTime:0.001338s ]
INFO: [ app_begin ] --START--
INFO: Run Behavior\ReadHtmlCacheBehavior [ RunTime:0.001592s ]
INFO: [ app_begin ] --END-- [ RunTime:0.001705s ]
SQL: SHOW COLUMNS FROM `things_user` [ RunTime:0.0038s ]
SQL: SELECT * FROM `things_user` WHERE ( username="f" )  [ RunTime:0.0003s ]
NOTIC: [8] A session had already been started - ignoring session_start() E:\wamp\www\things\things\Home\Controller\IndexJsonController.class.php 第 54 行.
INFO: [ app_end ] --START--
INFO: Run Behavior\ShowPageTraceBehavior [ RunTime:0.001800s ]
INFO: [ app_end ] --END-- [ RunTime:0.001894s ]

[ 2016-04-12T11:08:23+08:00 ] ::1 /things/CodeJson/state
INFO: [ app_init ] --START--
INFO: Run Behavior\BuildLiteBehavior [ RunTime:0.000030s ]
INFO: [ app_init ] --END-- [ RunTime:0.001000s ]
INFO: [ app_begin ] --START--
INFO: Run Behavior\ReadHtmlCacheBehavior [ RunTime:0.001907s ]
INFO: [ app_begin ] --END-- [ RunTime:0.002145s ]
NOTIC: [2048] Declaration of Home\Controller\CodeJsonController::show() should be compatible with Think\Controller::show($content, $charset = '', $contentType = '', $prefix = '') E:\wamp\www\things\things\Home\Controller\CodeJsonController.class.php 第 63 行.
NOTIC: [8] A session had already been started - ignoring session_start() E:\wamp\www\things\things\Home\Controller\CodeJsonController.class.php 第 45 行.
SQL: SHOW COLUMNS FROM `things_user` [ RunTime:0.0037s ]
SQL: SELECT `name` FROM `things_user` WHERE ( username="f" ) LIMIT 1   [ RunTime:0.0003s ]
INFO: [ app_end ] --START--
INFO: Run Behavior\ShowPageTraceBehavior [ RunTime:0.001791s ]
INFO: [ app_end ] --END-- [ RunTime:0.001882s ]

[ 2016-04-12T11:11:53+08:00 ] ::1 /things/CodeJson/tie
INFO: [ app_init ] --START--
INFO: Run Behavior\BuildLiteBehavior [ RunTime:0.000029s ]
INFO: [ app_init ] --END-- [ RunTime:0.000783s ]
INFO: [ app_begin ] --START--
INFO: Run Behavior\ReadHtmlCacheBehavior [ RunTime:0.000951s ]
INFO: [ app_begin ] --END-- [ RunTime:0.001059s ]
NOTIC: [2048] Declaration of Home\Controller\CodeJsonController::show() should be compatible with Think\Controller::show($content, $charset = '', $contentType = '', $prefix = '') E:\wamp\www\things\things\Home\Controller\CodeJsonController.class.php 第 63 行.
NOTIC: [8] A session had already been started - ignoring session_start() E:\wamp\www\things\things\Home\Controller\CodeJsonController.class.php 第 8 行.
SQL: SHOW COLUMNS FROM `things_goods` [ RunTime:0.0041s ]
NOTIC: [8] Undefined index: id E:\wamp\www\things\things\Home\Controller\CodeJsonController.class.php 第 14 行.
SQL: UPDATE `things_goods` SET `username`='f',`name`='1',`picture`='2',`remark`='2' WHERE ( url_id="" ) [ RunTime:0.0455s ]
INFO: [ app_end ] --START--
INFO: Run Behavior\ShowPageTraceBehavior [ RunTime:0.001118s ]
INFO: [ app_end ] --END-- [ RunTime:0.001219s ]

[ 2016-04-12T11:12:11+08:00 ] ::1 /things/code/index?id=by7gively07fpdesv
INFO: [ app_init ] --START--
INFO: Run Behavior\BuildLiteBehavior [ RunTime:0.000029s ]
INFO: [ app_init ] --END-- [ RunTime:0.000791s ]
INFO: [ app_begin ] --START--
INFO: Run Behavior\ReadHtmlCacheBehavior [ RunTime:0.001124s ]
INFO: [ app_begin ] --END-- [ RunTime:0.001265s ]
NOTIC: [2048] Declaration of Home\Controller\CodeController::show() should be compatible with Think\Controller::show($content, $charset = '', $contentType = '', $prefix = '') E:\wamp\www\things\things\Home\Controller\CodeController.class.php 第 65 行.
SQL: SHOW COLUMNS FROM `things_goods` [ RunTime:0.0053s ]
SQL: SELECT * FROM `things_goods` WHERE ( url_id="by7gively07fpdesv" )  [ RunTime:0.0004s ]

[ 2016-04-12T11:13:30+08:00 ] ::1 /things/code/index?id=by7gively07fpdev
INFO: [ app_init ] --START--
INFO: Run Behavior\BuildLiteBehavior [ RunTime:0.000028s ]
INFO: [ app_init ] --END-- [ RunTime:0.000703s ]
INFO: [ app_begin ] --START--
INFO: Run Behavior\ReadHtmlCacheBehavior [ RunTime:0.000938s ]
INFO: [ app_begin ] --END-- [ RunTime:0.001064s ]
NOTIC: [2048] Declaration of Home\Controller\CodeController::show() should be compatible with Think\Controller::show($content, $charset = '', $contentType = '', $prefix = '') E:\wamp\www\things\things\Home\Controller\CodeController.class.php 第 65 行.
SQL: SHOW COLUMNS FROM `things_goods` [ RunTime:0.0046s ]
SQL: SELECT * FROM `things_goods` WHERE ( url_id="by7gively07fpdev" )  [ RunTime:0.0007s ]
NOTIC: [8] A session had already been started - ignoring session_start() E:\wamp\www\things\things\Home\Controller\CodeController.class.php 第 10 行.
SQL: SELECT `username` FROM `things_goods` WHERE ( url_id="by7gively07fpdev" ) LIMIT 1   [ RunTime:0.0004s ]
INFO: [ app_end ] --START--
INFO: Run Behavior\ShowPageTraceBehavior [ RunTime:0.001368s ]
INFO: [ app_end ] --END-- [ RunTime:0.001529s ]

[ 2016-04-12T11:13:30+08:00 ] ::1 /things/code/show?id=by7gively07fpdev
INFO: [ app_init ] --START--
INFO: Run Behavior\BuildLiteBehavior [ RunTime:0.000027s ]
INFO: [ app_init ] --END-- [ RunTime:0.000749s ]
INFO: [ app_begin ] --START--
INFO: Run Behavior\ReadHtmlCacheBehavior [ RunTime:0.000991s ]
INFO: [ app_begin ] --END-- [ RunTime:0.001111s ]
NOTIC: [2048] Declaration of Home\Controller\CodeController::show() should be compatible with Think\Controller::show($content, $charset = '', $contentType = '', $prefix = '') E:\wamp\www\things\things\Home\Controller\CodeController.class.php 第 65 行.
NOTIC: [8] A session had already been started - ignoring session_start() E:\wamp\www\things\things\Home\Controller\CodeController.class.php 第 32 行.
SQL: SHOW COLUMNS FROM `things_goods` [ RunTime:0.0036s ]
SQL: SELECT * FROM `things_goods` WHERE ( url_id="by7gively07fpdev" )  [ RunTime:0.0003s ]
INFO: [ view_parse ] --START--
INFO: [ template_filter ] --START--
INFO: Run Behavior\ContentReplaceBehavior [ RunTime:0.000074s ]
INFO: [ template_filter ] --END-- [ RunTime:0.000207s ]
INFO: Run Behavior\ParseTemplateBehavior [ RunTime:0.018207s ]
INFO: [ view_parse ] --END-- [ RunTime:0.018331s ]
INFO: [ view_filter ] --START--
INFO: Run Behavior\WriteHtmlCacheBehavior [ RunTime:0.000675s ]
INFO: [ view_filter ] --END-- [ RunTime:0.000776s ]
INFO: [ app_end ] --START--
INFO: Run Behavior\ShowPageTraceBehavior [ RunTime:0.001021s ]
INFO: [ app_end ] --END-- [ RunTime:0.001156s ]

[ 2016-04-12T11:13:35+08:00 ] ::1 /things/CodeJson/show
INFO: [ app_init ] --START--
INFO: Run Behavior\BuildLiteBehavior [ RunTime:0.000029s ]
INFO: [ app_init ] --END-- [ RunTime:0.000667s ]
INFO: [ app_begin ] --START--
INFO: Run Behavior\ReadHtmlCacheBehavior [ RunTime:0.000964s ]
INFO: [ app_begin ] --END-- [ RunTime:0.001094s ]
NOTIC: [2048] Declaration of Home\Controller\CodeJsonController::show() should be compatible with Think\Controller::show($content, $charset = '', $contentType = '', $prefix = '') E:\wamp\www\things\things\Home\Controller\CodeJsonController.class.php 第 63 行.
NOTIC: [8] A session had already been started - ignoring session_start() E:\wamp\www\things\things\Home\Controller\CodeJsonController.class.php 第 24 行.
SQL: SHOW COLUMNS FROM `things_goods` [ RunTime:0.0035s ]
SQL: SHOW COLUMNS FROM `things_user` [ RunTime:0.0044s ]
SQL: SELECT * FROM `things_goods` WHERE ( url_id="by7gively07fpdev" )  [ RunTime:0.0004s ]
SQL: SELECT * FROM `things_user` WHERE ( username="biao" )  [ RunTime:0.0003s ]
INFO: [ app_end ] --START--
INFO: Run Behavior\ShowPageTraceBehavior [ RunTime:0.001110s ]
INFO: [ app_end ] --END-- [ RunTime:0.001212s ]

[ 2016-04-12T11:13:59+08:00 ] ::1 /things/code/show?id=dwee231zakl50ozq
INFO: [ app_init ] --START--
INFO: Run Behavior\BuildLiteBehavior [ RunTime:0.000027s ]
INFO: [ app_init ] --END-- [ RunTime:0.000626s ]
INFO: [ app_begin ] --START--
INFO: Run Behavior\ReadHtmlCacheBehavior [ RunTime:0.000896s ]
INFO: [ app_begin ] --END-- [ RunTime:0.001012s ]
NOTIC: [2048] Declaration of Home\Controller\CodeController::show() should be compatible with Think\Controller::show($content, $charset = '', $contentType = '', $prefix = '') E:\wamp\www\things\things\Home\Controller\CodeController.class.php 第 65 行.
NOTIC: [8] A session had already been started - ignoring session_start() E:\wamp\www\things\things\Home\Controller\CodeController.class.php 第 32 行.
SQL: SHOW COLUMNS FROM `things_goods` [ RunTime:0.0037s ]
SQL: SELECT * FROM `things_goods` WHERE ( url_id="dwee231zakl50ozq" )  [ RunTime:0.0003s ]
INFO: [ view_parse ] --START--
INFO: [ template_filter ] --START--
INFO: Run Behavior\ContentReplaceBehavior [ RunTime:0.000071s ]
INFO: [ template_filter ] --END-- [ RunTime:0.000198s ]
INFO: Run Behavior\ParseTemplateBehavior [ RunTime:0.010111s ]
INFO: [ view_parse ] --END-- [ RunTime:0.010219s ]
INFO: [ view_filter ] --START--
INFO: Run Behavior\WriteHtmlCacheBehavior [ RunTime:0.000591s ]
INFO: [ view_filter ] --END-- [ RunTime:0.000683s ]
INFO: [ app_end ] --START--
INFO: Run Behavior\ShowPageTraceBehavior [ RunTime:0.000894s ]
INFO: [ app_end ] --END-- [ RunTime:0.001002s ]

[ 2016-04-12T11:14:01+08:00 ] ::1 /things/CodeJson/show
INFO: [ app_init ] --START--
INFO: Run Behavior\BuildLiteBehavior [ RunTime:0.000029s ]
INFO: [ app_init ] --END-- [ RunTime:0.000757s ]
INFO: [ app_begin ] --START--
INFO: Run Behavior\ReadHtmlCacheBehavior [ RunTime:0.001055s ]
INFO: [ app_begin ] --END-- [ RunTime:0.001170s ]
NOTIC: [2048] Declaration of Home\Controller\CodeJsonController::show() should be compatible with Think\Controller::show($content, $charset = '', $contentType = '', $prefix = '') E:\wamp\www\things\things\Home\Controller\CodeJsonController.class.php 第 63 行.
NOTIC: [8] A session had already been started - ignoring session_start() E:\wamp\www\things\things\Home\Controller\CodeJsonController.class.php 第 24 行.
SQL: SHOW COLUMNS FROM `things_goods` [ RunTime:0.0042s ]
SQL: SHOW COLUMNS FROM `things_user` [ RunTime:0.0038s ]
SQL: SELECT * FROM `things_goods` WHERE ( url_id="dwee231zakl50ozq" )  [ RunTime:0.0004s ]
SQL: SELECT * FROM `things_user` WHERE ( username="" )  [ RunTime:0.0003s ]
NOTIC: [8] Undefined offset: 0 E:\wamp\www\things\things\Home\Controller\CodeJsonController.class.php 第 31 行.
NOTIC: [8] Undefined offset: 0 E:\wamp\www\things\things\Home\Controller\CodeJsonController.class.php 第 32 行.
NOTIC: [8] Undefined offset: 0 E:\wamp\www\things\things\Home\Controller\CodeJsonController.class.php 第 33 行.
NOTIC: [8] Undefined offset: 0 E:\wamp\www\things\things\Home\Controller\CodeJsonController.class.php 第 34 行.
NOTIC: [8] Undefined offset: 0 E:\wamp\www\things\things\Home\Controller\CodeJsonController.class.php 第 35 行.
NOTIC: [8] Undefined offset: 0 E:\wamp\www\things\things\Home\Controller\CodeJsonController.class.php 第 36 行.
INFO: [ app_end ] --START--
INFO: Run Behavior\ShowPageTraceBehavior [ RunTime:0.001136s ]
INFO: [ app_end ] --END-- [ RunTime:0.001252s ]

[ 2016-04-12T11:14:09+08:00 ] ::1 /things/code/index?id=by7gively07fpdesv
INFO: [ app_init ] --START--
INFO: Run Behavior\BuildLiteBehavior [ RunTime:0.000027s ]
INFO: [ app_init ] --END-- [ RunTime:0.000710s ]
INFO: [ app_begin ] --START--
INFO: Run Behavior\ReadHtmlCacheBehavior [ RunTime:0.000942s ]
INFO: [ app_begin ] --END-- [ RunTime:0.001073s ]
NOTIC: [2048] Declaration of Home\Controller\CodeController::show() should be compatible with Think\Controller::show($content, $charset = '', $contentType = '', $prefix = '') E:\wamp\www\things\things\Home\Controller\CodeController.class.php 第 65 行.
SQL: SHOW COLUMNS FROM `things_goods` [ RunTime:0.0036s ]
SQL: SELECT * FROM `things_goods` WHERE ( url_id="by7gively07fpdesv" )  [ RunTime:0.0011s ]

[ 2016-04-12T11:14:15+08:00 ] ::1 /things/code/index?id=dwee231zakl50ozq
INFO: [ app_init ] --START--
INFO: Run Behavior\BuildLiteBehavior [ RunTime:0.000029s ]
INFO: [ app_init ] --END-- [ RunTime:0.000688s ]
INFO: [ app_begin ] --START--
INFO: Run Behavior\ReadHtmlCacheBehavior [ RunTime:0.000999s ]
INFO: [ app_begin ] --END-- [ RunTime:0.001130s ]
NOTIC: [2048] Declaration of Home\Controller\CodeController::show() should be compatible with Think\Controller::show($content, $charset = '', $contentType = '', $prefix = '') E:\wamp\www\things\things\Home\Controller\CodeController.class.php 第 65 行.
SQL: SHOW COLUMNS FROM `things_goods` [ RunTime:0.0034s ]
SQL: SELECT * FROM `things_goods` WHERE ( url_id="dwee231zakl50ozq" )  [ RunTime:0.0005s ]
NOTIC: [8] A session had already been started - ignoring session_start() E:\wamp\www\things\things\Home\Controller\CodeController.class.php 第 10 行.
SQL: SELECT `username` FROM `things_goods` WHERE ( url_id="dwee231zakl50ozq" ) LIMIT 1   [ RunTime:0.0003s ]
INFO: [ app_end ] --START--
INFO: Run Behavior\ShowPageTraceBehavior [ RunTime:0.001123s ]
INFO: [ app_end ] --END-- [ RunTime:0.001240s ]

[ 2016-04-12T11:14:15+08:00 ] ::1 /things/code/tie
INFO: [ app_init ] --START--
INFO: Run Behavior\BuildLiteBehavior [ RunTime:0.000028s ]
INFO: [ app_init ] --END-- [ RunTime:0.000703s ]
INFO: [ app_begin ] --START--
INFO: Run Behavior\ReadHtmlCacheBehavior [ RunTime:0.000914s ]
INFO: [ app_begin ] --END-- [ RunTime:0.001036s ]
NOTIC: [2048] Declaration of Home\Controller\CodeController::show() should be compatible with Think\Controller::show($content, $charset = '', $contentType = '', $prefix = '') E:\wamp\www\things\things\Home\Controller\CodeController.class.php 第 65 行.
INFO: [ view_parse ] --START--
INFO: [ template_filter ] --START--
INFO: Run Behavior\ContentReplaceBehavior [ RunTime:0.000075s ]
INFO: [ template_filter ] --END-- [ RunTime:0.000206s ]
INFO: Run Behavior\ParseTemplateBehavior [ RunTime:0.009656s ]
INFO: [ view_parse ] --END-- [ RunTime:0.009788s ]
INFO: [ view_filter ] --START--
INFO: Run Behavior\WriteHtmlCacheBehavior [ RunTime:0.000698s ]
INFO: [ view_filter ] --END-- [ RunTime:0.000795s ]
INFO: [ app_end ] --START--
INFO: Run Behavior\ShowPageTraceBehavior [ RunTime:0.000969s ]
INFO: [ app_end ] --END-- [ RunTime:0.001078s ]

[ 2016-04-12T11:14:50+08:00 ] ::1 /things/CodeJson/tie
INFO: [ app_init ] --START--
INFO: Run Behavior\BuildLiteBehavior [ RunTime:0.000028s ]
INFO: [ app_init ] --END-- [ RunTime:0.000729s ]
INFO: [ app_begin ] --START--
INFO: Run Behavior\ReadHtmlCacheBehavior [ RunTime:0.001072s ]
INFO: [ app_begin ] --END-- [ RunTime:0.001170s ]
NOTIC: [2048] Declaration of Home\Controller\CodeJsonController::show() should be compatible with Think\Controller::show($content, $charset = '', $contentType = '', $prefix = '') E:\wamp\www\things\things\Home\Controller\CodeJsonController.class.php 第 63 行.
NOTIC: [8] A session had already been started - ignoring session_start() E:\wamp\www\things\things\Home\Controller\CodeJsonController.class.php 第 8 行.
SQL: SHOW COLUMNS FROM `things_goods` [ RunTime:0.0036s ]
SQL: UPDATE `things_goods` SET `username`='f',`name`='1',`picture`='1',`remark`='1' WHERE ( url_id="dwee231zakl50ozq" ) [ RunTime:0.0543s ]
INFO: [ app_end ] --START--
INFO: Run Behavior\ShowPageTraceBehavior [ RunTime:0.001183s ]
INFO: [ app_end ] --END-- [ RunTime:0.001286s ]

[ 2016-04-12T11:19:53+08:00 ] ::1 /things/index/register
INFO: [ app_init ] --START--
INFO: Run Behavior\BuildLiteBehavior [ RunTime:0.000030s ]
INFO: [ app_init ] --END-- [ RunTime:0.000719s ]
INFO: [ app_begin ] --START--
INFO: Run Behavior\ReadHtmlCacheBehavior [ RunTime:0.000907s ]
INFO: [ app_begin ] --END-- [ RunTime:0.001028s ]
INFO: [ view_parse ] --START--
INFO: [ template_filter ] --START--
INFO: Run Behavior\ContentReplaceBehavior [ RunTime:0.000118s ]
INFO: [ template_filter ] --END-- [ RunTime:0.000330s ]
INFO: Run Behavior\ParseTemplateBehavior [ RunTime:0.024523s ]
INFO: [ view_parse ] --END-- [ RunTime:0.024640s ]
INFO: [ view_filter ] --START--
INFO: Run Behavior\WriteHtmlCacheBehavior [ RunTime:0.000664s ]
INFO: [ view_filter ] --END-- [ RunTime:0.000762s ]
INFO: [ app_end ] --START--
INFO: Run Behavior\ShowPageTraceBehavior [ RunTime:0.000953s ]
INFO: [ app_end ] --END-- [ RunTime:0.001062s ]

[ 2016-04-12T15:38:06+08:00 ] ::1 /things/test
INFO: [ app_init ] --START--
INFO: Run Behavior\BuildLiteBehavior [ RunTime:0.000049s ]
INFO: [ app_init ] --END-- [ RunTime:0.023373s ]
INFO: [ app_begin ] --START--
INFO: Run Behavior\ReadHtmlCacheBehavior [ RunTime:0.004691s ]
INFO: [ app_begin ] --END-- [ RunTime:0.004813s ]
SQL: SHOW COLUMNS FROM `things_user` [ RunTime:0.0738s ]
NOTIC: [8] Array to string conversion E:\wamp\www\things\things\Home\Controller\TestController.class.php 第 7 行.
SQL: SELECT `name` FROM `things_user` WHERE ( username="Array" ) LIMIT 1   [ RunTime:0.0330s ]
INFO: [ app_end ] --START--
INFO: Run Behavior\ShowPageTraceBehavior [ RunTime:0.011628s ]
INFO: [ app_end ] --END-- [ RunTime:0.011846s ]

[ 2016-04-12T15:39:42+08:00 ] ::1 /things/test
INFO: [ app_init ] --START--
INFO: Run Behavior\BuildLiteBehavior [ RunTime:0.000025s ]
INFO: [ app_init ] --END-- [ RunTime:0.000608s ]
INFO: [ app_begin ] --START--
INFO: Run Behavior\ReadHtmlCacheBehavior [ RunTime:0.000752s ]
INFO: [ app_begin ] --END-- [ RunTime:0.000854s ]
SQL: SHOW COLUMNS FROM `things_user` [ RunTime:0.0037s ]
NOTIC: [8] Array to string conversion E:\wamp\www\things\things\Home\Controller\TestController.class.php 第 7 行.
SQL: SELECT `name` FROM `things_user` WHERE ( username="Array" ) LIMIT 1   [ RunTime:0.0003s ]
INFO: [ app_end ] --START--
INFO: Run Behavior\ShowPageTraceBehavior [ RunTime:0.000875s ]
INFO: [ app_end ] --END-- [ RunTime:0.000999s ]

