[ 2016-04-20T00:27:45+08:00 ] ::1 /things/index/login
INFO: [ app_init ] --START--
INFO: Run Behavior\BuildLiteBehavior [ RunTime:0.000028s ]
INFO: [ app_init ] --END-- [ RunTime:0.000849s ]
INFO: [ app_begin ] --START--
INFO: Run Behavior\ReadHtmlCacheBehavior [ RunTime:0.011996s ]
INFO: [ app_begin ] --END-- [ RunTime:0.012141s ]
INFO: [ view_parse ] --START--
INFO: [ template_filter ] --START--
INFO: Run Behavior\ContentReplaceBehavior [ RunTime:0.000084s ]
INFO: [ template_filter ] --END-- [ RunTime:0.000213s ]
INFO: Run Behavior\ParseTemplateBehavior [ RunTime:0.026095s ]
INFO: [ view_parse ] --END-- [ RunTime:0.026239s ]
INFO: [ view_filter ] --START--
INFO: Run Behavior\WriteHtmlCacheBehavior [ RunTime:0.006347s ]
INFO: [ view_filter ] --END-- [ RunTime:0.006496s ]
INFO: [ app_end ] --START--
INFO: Run Behavior\ShowPageTraceBehavior [ RunTime:0.001085s ]
INFO: [ app_end ] --END-- [ RunTime:0.001196s ]

[ 2016-04-20T00:27:58+08:00 ] ::1 /things/IndexJson/login
INFO: [ app_init ] --START--
INFO: Run Behavior\BuildLiteBehavior [ RunTime:0.000030s ]
INFO: [ app_init ] --END-- [ RunTime:0.000856s ]
INFO: [ app_begin ] --START--
INFO: Run Behavior\ReadHtmlCacheBehavior [ RunTime:0.000975s ]
INFO: [ app_begin ] --END-- [ RunTime:0.001077s ]
SQL: SHOW COLUMNS FROM `things_user` [ RunTime:0.0054s ]
SQL: SELECT * FROM `things_user` WHERE ( username="biao" )  [ RunTime:0.0005s ]
NOTIC: [8] A session had already been started - ignoring session_start() E:\wamp\www\things\things\Home\Controller\IndexJsonController.class.php 第 54 行.
INFO: [ app_end ] --START--
INFO: Run Behavior\ShowPageTraceBehavior [ RunTime:0.001143s ]
INFO: [ app_end ] --END-- [ RunTime:0.001254s ]

[ 2016-04-20T00:28:20+08:00 ] ::1 /things/message/goods_discuss
INFO: [ app_init ] --START--
INFO: Run Behavior\BuildLiteBehavior [ RunTime:0.000027s ]
INFO: [ app_init ] --END-- [ RunTime:0.000702s ]
INFO: [ app_begin ] --START--
INFO: Run Behavior\ReadHtmlCacheBehavior [ RunTime:0.000948s ]
INFO: [ app_begin ] --END-- [ RunTime:0.001076s ]
INFO: [ view_parse ] --START--
INFO: [ template_filter ] --START--
INFO: Run Behavior\ContentReplaceBehavior [ RunTime:0.000078s ]
INFO: [ template_filter ] --END-- [ RunTime:0.000204s ]
INFO: Run Behavior\ParseTemplateBehavior [ RunTime:0.010926s ]
INFO: [ view_parse ] --END-- [ RunTime:0.011047s ]
INFO: [ view_filter ] --START--
INFO: Run Behavior\WriteHtmlCacheBehavior [ RunTime:0.000611s ]
INFO: [ view_filter ] --END-- [ RunTime:0.000739s ]
INFO: [ app_end ] --START--
INFO: Run Behavior\ShowPageTraceBehavior [ RunTime:0.000904s ]
INFO: [ app_end ] --END-- [ RunTime:0.001080s ]

[ 2016-04-20T00:28:35+08:00 ] ::1 /things/MessageJson/goods_discuss?act=add
INFO: [ app_init ] --START--
INFO: Run Behavior\BuildLiteBehavior [ RunTime:0.000027s ]
INFO: [ app_init ] --END-- [ RunTime:0.000761s ]
INFO: [ app_begin ] --START--
INFO: Run Behavior\ReadHtmlCacheBehavior [ RunTime:0.001005s ]
INFO: [ app_begin ] --END-- [ RunTime:0.001112s ]
NOTIC: [8] A session had already been started - ignoring session_start() E:\wamp\www\things\things\Home\Controller\MessageJsonController.class.php 第 144 行.
SQL: SHOW COLUMNS FROM `things_goods_discuss` [ RunTime:0.0044s ]
SQL: INSERT INTO `things_goods_discuss` (`goods_id`,`username`,`content`,`time`) VALUES ('2','0','2','2016') [ RunTime:0.1293s ]
INFO: [ app_end ] --START--
INFO: Run Behavior\ShowPageTraceBehavior [ RunTime:0.001212s ]
INFO: [ app_end ] --END-- [ RunTime:0.001325s ]

[ 2016-04-20T00:30:12+08:00 ] ::1 /things/MessageJson/goods_discuss?act=add
INFO: [ app_init ] --START--
INFO: Run Behavior\BuildLiteBehavior [ RunTime:0.000028s ]
INFO: [ app_init ] --END-- [ RunTime:0.000705s ]
INFO: [ app_begin ] --START--
INFO: Run Behavior\ReadHtmlCacheBehavior [ RunTime:0.001454s ]
INFO: [ app_begin ] --END-- [ RunTime:0.001627s ]
NOTIC: [8] A session had already been started - ignoring session_start() E:\wamp\www\things\things\Home\Controller\MessageJsonController.class.php 第 144 行.
SQL: SHOW COLUMNS FROM `things_goods_discuss` [ RunTime:0.0044s ]
SQL: INSERT INTO `things_goods_discuss` (`goods_id`,`username`,`content`,`time`) VALUES ('2','0','2','2016') [ RunTime:0.0754s ]
INFO: [ app_end ] --START--
INFO: Run Behavior\ShowPageTraceBehavior [ RunTime:0.001112s ]
INFO: [ app_end ] --END-- [ RunTime:0.001222s ]

[ 2016-04-20T00:33:33+08:00 ] ::1 /things/MessageJson/goods_discuss?act=add
INFO: [ app_init ] --START--
INFO: Run Behavior\BuildLiteBehavior [ RunTime:0.000026s ]
INFO: [ app_init ] --END-- [ RunTime:0.000733s ]
INFO: [ app_begin ] --START--
INFO: Run Behavior\ReadHtmlCacheBehavior [ RunTime:0.001312s ]
INFO: [ app_begin ] --END-- [ RunTime:0.001483s ]
NOTIC: [8] A session had already been started - ignoring session_start() E:\wamp\www\things\things\Home\Controller\MessageJsonController.class.php 第 144 行.
SQL: SHOW COLUMNS FROM `things_goods_discuss` [ RunTime:0.0052s ]
SQL: INSERT INTO `things_goods_discuss` (`goods_id`,`username`,`content`,`time`) VALUES ('2','biao','2','2016-04-20 00:33:33') [ RunTime:0.0551s ]
INFO: [ app_end ] --START--
INFO: Run Behavior\ShowPageTraceBehavior [ RunTime:0.001127s ]
INFO: [ app_end ] --END-- [ RunTime:0.001227s ]

[ 2016-04-20T00:39:45+08:00 ] ::1 /things/MessageJson/goods_discuss?act=add
INFO: [ app_init ] --START--
INFO: Run Behavior\BuildLiteBehavior [ RunTime:0.000028s ]
INFO: [ app_init ] --END-- [ RunTime:0.000791s ]
INFO: [ app_begin ] --START--
INFO: Run Behavior\ReadHtmlCacheBehavior [ RunTime:0.001083s ]
INFO: [ app_begin ] --END-- [ RunTime:0.001234s ]
NOTIC: [8] A session had already been started - ignoring session_start() E:\wamp\www\things\things\Home\Controller\MessageJsonController.class.php 第 144 行.
SQL: SHOW COLUMNS FROM `things_goods_discuss` [ RunTime:0.0054s ]
SQL: INSERT INTO `things_goods_discuss` (`goods_id`,`username`,`content`,`time`) VALUES ('3','biao','3','2016-04-20 00:39:45') [ RunTime:0.0597s ]
INFO: [ app_end ] --START--
INFO: Run Behavior\ShowPageTraceBehavior [ RunTime:0.001099s ]
INFO: [ app_end ] --END-- [ RunTime:0.001189s ]

[ 2016-04-20T00:39:52+08:00 ] ::1 /things/MessageJson/goods_discuss?act=add
INFO: [ app_init ] --START--
INFO: Run Behavior\BuildLiteBehavior [ RunTime:0.000027s ]
INFO: [ app_init ] --END-- [ RunTime:0.000753s ]
INFO: [ app_begin ] --START--
INFO: Run Behavior\ReadHtmlCacheBehavior [ RunTime:0.000984s ]
INFO: [ app_begin ] --END-- [ RunTime:0.001080s ]
NOTIC: [8] A session had already been started - ignoring session_start() E:\wamp\www\things\things\Home\Controller\MessageJsonController.class.php 第 144 行.
SQL: SHOW COLUMNS FROM `things_goods_discuss` [ RunTime:0.0044s ]
SQL: INSERT INTO `things_goods_discuss` (`goods_id`,`username`,`content`,`time`) VALUES ('2','biao','2','2016-04-20 00:39:51') [ RunTime:0.0327s ]
INFO: [ app_end ] --START--
INFO: Run Behavior\ShowPageTraceBehavior [ RunTime:0.001126s ]
INFO: [ app_end ] --END-- [ RunTime:0.001218s ]

[ 2016-04-20T00:41:06+08:00 ] ::1 /things/MessageJson/goods_discuss?act=add
INFO: [ app_init ] --START--
INFO: Run Behavior\BuildLiteBehavior [ RunTime:0.000031s ]
INFO: [ app_init ] --END-- [ RunTime:0.000760s ]
INFO: [ app_begin ] --START--
INFO: Run Behavior\ReadHtmlCacheBehavior [ RunTime:0.000978s ]
INFO: [ app_begin ] --END-- [ RunTime:0.001110s ]
NOTIC: [8] A session had already been started - ignoring session_start() E:\wamp\www\things\things\Home\Controller\MessageJsonController.class.php 第 144 行.
SQL: SHOW COLUMNS FROM `things_goods_discuss` [ RunTime:0.0051s ]
SQL: INSERT INTO `things_goods_discuss` (`goods_id`,`username`,`content`,`time`) VALUES ('2','biao','哈哈哈','2016-04-20 00:41:06') [ RunTime:0.0499s ]
INFO: [ app_end ] --START--
INFO: Run Behavior\ShowPageTraceBehavior [ RunTime:0.001017s ]
INFO: [ app_end ] --END-- [ RunTime:0.001119s ]

[ 2016-04-20T00:42:15+08:00 ] ::1 /things/index/logout
INFO: [ app_init ] --START--
INFO: Run Behavior\BuildLiteBehavior [ RunTime:0.000037s ]
INFO: [ app_init ] --END-- [ RunTime:0.001079s ]
INFO: [ app_begin ] --START--
INFO: Run Behavior\ReadHtmlCacheBehavior [ RunTime:0.001996s ]
INFO: [ app_begin ] --END-- [ RunTime:0.002185s ]
NOTIC: [8] A session had already been started - ignoring session_start() E:\wamp\www\things\things\Home\Controller\IndexController.class.php 第 18 行.
INFO: [ app_end ] --START--
INFO: Run Behavior\ShowPageTraceBehavior [ RunTime:0.002516s ]
INFO: [ app_end ] --END-- [ RunTime:0.002766s ]

[ 2016-04-20T00:42:22+08:00 ] ::1 /things/MessageJson/goods_discuss?act=add
INFO: [ app_init ] --START--
INFO: Run Behavior\BuildLiteBehavior [ RunTime:0.000028s ]
INFO: [ app_init ] --END-- [ RunTime:0.001077s ]
INFO: [ app_begin ] --START--
INFO: Run Behavior\ReadHtmlCacheBehavior [ RunTime:0.002003s ]
INFO: [ app_begin ] --END-- [ RunTime:0.002106s ]
NOTIC: [8] A session had already been started - ignoring session_start() E:\wamp\www\things\things\Home\Controller\MessageJsonController.class.php 第 144 行.
SQL: SHOW COLUMNS FROM `things_goods_discuss` [ RunTime:0.0049s ]
SQL: INSERT INTO `things_goods_discuss` (`goods_id`,`username`,`content`,`time`) VALUES ('2','0','哈哈哈','2016-04-20 00:42:22') [ RunTime:0.0918s ]
INFO: [ app_end ] --START--
INFO: Run Behavior\ShowPageTraceBehavior [ RunTime:0.001975s ]
INFO: [ app_end ] --END-- [ RunTime:0.002070s ]

[ 2016-04-20T00:43:16+08:00 ] ::1 /things/MessageJson/goods_discuss?act=add
INFO: [ app_init ] --START--
INFO: Run Behavior\BuildLiteBehavior [ RunTime:0.000028s ]
INFO: [ app_init ] --END-- [ RunTime:0.000697s ]
INFO: [ app_begin ] --START--
INFO: Run Behavior\ReadHtmlCacheBehavior [ RunTime:0.001190s ]
INFO: [ app_begin ] --END-- [ RunTime:0.001314s ]
NOTIC: [8] A session had already been started - ignoring session_start() E:\wamp\www\things\things\Home\Controller\MessageJsonController.class.php 第 144 行.
SQL: SHOW COLUMNS FROM `things_goods_discuss` [ RunTime:0.0048s ]
SQL: INSERT INTO `things_goods_discuss` (`goods_id`,`username`,`content`,`time`) VALUES ('2','','哈哈哈','2016-04-20 00:43:16') [ RunTime:0.0535s ]
INFO: [ app_end ] --START--
INFO: Run Behavior\ShowPageTraceBehavior [ RunTime:0.001232s ]
INFO: [ app_end ] --END-- [ RunTime:0.001328s ]

[ 2016-04-20T00:51:33+08:00 ] ::1 /things/MessageJson/goods_discuss?act=add
INFO: [ app_init ] --START--
INFO: Run Behavior\BuildLiteBehavior [ RunTime:0.000028s ]
INFO: [ app_init ] --END-- [ RunTime:0.000813s ]
INFO: [ app_begin ] --START--
INFO: Run Behavior\ReadHtmlCacheBehavior [ RunTime:0.001084s ]
INFO: [ app_begin ] --END-- [ RunTime:0.001185s ]
NOTIC: [8] A session had already been started - ignoring session_start() E:\wamp\www\things\things\Home\Controller\MessageJsonController.class.php 第 144 行.
SQL: SHOW COLUMNS FROM `things_goods_discuss` [ RunTime:0.0044s ]
SQL: INSERT INTO `things_goods_discuss` (`goods_id`,`username`,`content`,`time`) VALUES ('2','','哈哈哈','2016-04-20 00:51:33') [ RunTime:0.0554s ]
INFO: [ app_end ] --START--
INFO: Run Behavior\ShowPageTraceBehavior [ RunTime:0.002155s ]
INFO: [ app_end ] --END-- [ RunTime:0.002503s ]

[ 2016-04-20T00:51:40+08:00 ] ::1 /things/message/goods_discuss
INFO: [ app_init ] --START--
INFO: Run Behavior\BuildLiteBehavior [ RunTime:0.000035s ]
INFO: [ app_init ] --END-- [ RunTime:0.000797s ]
INFO: [ app_begin ] --START--
INFO: Run Behavior\ReadHtmlCacheBehavior [ RunTime:0.001254s ]
INFO: [ app_begin ] --END-- [ RunTime:0.001438s ]
INFO: [ view_parse ] --START--
INFO: [ template_filter ] --START--
INFO: Run Behavior\ContentReplaceBehavior [ RunTime:0.000078s ]
INFO: [ template_filter ] --END-- [ RunTime:0.000236s ]
INFO: Run Behavior\ParseTemplateBehavior [ RunTime:0.011817s ]
INFO: [ view_parse ] --END-- [ RunTime:0.011942s ]
INFO: [ view_filter ] --START--
INFO: Run Behavior\WriteHtmlCacheBehavior [ RunTime:0.000711s ]
INFO: [ view_filter ] --END-- [ RunTime:0.000824s ]
INFO: [ app_end ] --START--
INFO: Run Behavior\ShowPageTraceBehavior [ RunTime:0.001044s ]
INFO: [ app_end ] --END-- [ RunTime:0.001145s ]

[ 2016-04-20T00:51:43+08:00 ] ::1 /things/MessageJson/goods_discuss?act=show
INFO: [ app_init ] --START--
INFO: Run Behavior\BuildLiteBehavior [ RunTime:0.000046s ]
INFO: [ app_init ] --END-- [ RunTime:0.000834s ]
INFO: [ app_begin ] --START--
INFO: Run Behavior\ReadHtmlCacheBehavior [ RunTime:0.001009s ]
INFO: [ app_begin ] --END-- [ RunTime:0.001110s ]
NOTIC: [8] A session had already been started - ignoring session_start() E:\wamp\www\things\things\Home\Controller\MessageJsonController.class.php 第 144 行.
SQL: SHOW COLUMNS FROM `things_goods_discuss` [ RunTime:0.0045s ]
SQL: SHOW COLUMNS FROM `things_user` [ RunTime:0.0052s ]
ERR: 1054:Unknown column 'goods_id' in 'where clause'
 [ SQL语句 ] : SELECT * FROM `things_user` WHERE ( goods_id=2 ) 
ERR: 1054:Unknown column 'goods_id' in 'where clause'
 [ SQL语句 ] : SELECT * FROM `things_user` WHERE ( goods_id=2 ) 

[ 2016-04-20T00:52:11+08:00 ] ::1 /things/MessageJson/goods_discuss?act=show
INFO: [ app_init ] --START--
INFO: Run Behavior\BuildLiteBehavior [ RunTime:0.000028s ]
INFO: [ app_init ] --END-- [ RunTime:0.000747s ]
INFO: [ app_begin ] --START--
INFO: Run Behavior\ReadHtmlCacheBehavior [ RunTime:0.001005s ]
INFO: [ app_begin ] --END-- [ RunTime:0.001147s ]
NOTIC: [8] A session had already been started - ignoring session_start() E:\wamp\www\things\things\Home\Controller\MessageJsonController.class.php 第 144 行.
SQL: SHOW COLUMNS FROM `things_goods_discuss` [ RunTime:0.0045s ]
SQL: SHOW COLUMNS FROM `things_user` [ RunTime:0.0044s ]
SQL: SELECT * FROM `things_goods_discuss` WHERE ( goods_id=2 )  [ RunTime:0.0004s ]
NOTIC: [8] Undefined index: swaper E:\wamp\www\things\things\Home\Controller\MessageJsonController.class.php 第 161 行.
SQL: SELECT * FROM `things_user` WHERE ( username="" )  [ RunTime:0.0003s ]
NOTIC: [8] Undefined offset: 0 E:\wamp\www\things\things\Home\Controller\MessageJsonController.class.php 第 161 行.
NOTIC: [8] Undefined index: swaper E:\wamp\www\things\things\Home\Controller\MessageJsonController.class.php 第 161 行.
SQL: SELECT * FROM `things_user` WHERE ( username="" )  [ RunTime:0.0003s ]
NOTIC: [8] Undefined offset: 0 E:\wamp\www\things\things\Home\Controller\MessageJsonController.class.php 第 161 行.
NOTIC: [8] Undefined index: swaper E:\wamp\www\things\things\Home\Controller\MessageJsonController.class.php 第 161 行.
SQL: SELECT * FROM `things_user` WHERE ( username="" )  [ RunTime:0.0002s ]
NOTIC: [8] Undefined offset: 0 E:\wamp\www\things\things\Home\Controller\MessageJsonController.class.php 第 161 行.
NOTIC: [8] Undefined index: swaper E:\wamp\www\things\things\Home\Controller\MessageJsonController.class.php 第 161 行.
SQL: SELECT * FROM `things_user` WHERE ( username="" )  [ RunTime:0.0003s ]
NOTIC: [8] Undefined offset: 0 E:\wamp\www\things\things\Home\Controller\MessageJsonController.class.php 第 161 行.
NOTIC: [8] Undefined index: swaper E:\wamp\www\things\things\Home\Controller\MessageJsonController.class.php 第 161 行.
SQL: SELECT * FROM `things_user` WHERE ( username="" )  [ RunTime:0.0002s ]
NOTIC: [8] Undefined offset: 0 E:\wamp\www\things\things\Home\Controller\MessageJsonController.class.php 第 161 行.
NOTIC: [8] Undefined index: swaper E:\wamp\www\things\things\Home\Controller\MessageJsonController.class.php 第 161 行.
SQL: SELECT * FROM `things_user` WHERE ( username="" )  [ RunTime:0.0005s ]
NOTIC: [8] Undefined offset: 0 E:\wamp\www\things\things\Home\Controller\MessageJsonController.class.php 第 161 行.
INFO: [ app_end ] --START--
INFO: Run Behavior\ShowPageTraceBehavior [ RunTime:0.001432s ]
INFO: [ app_end ] --END-- [ RunTime:0.001551s ]

[ 2016-04-20T00:53:16+08:00 ] ::1 /things/MessageJson/goods_discuss?act=show
INFO: [ app_init ] --START--
INFO: Run Behavior\BuildLiteBehavior [ RunTime:0.000026s ]
INFO: [ app_init ] --END-- [ RunTime:0.000706s ]
INFO: [ app_begin ] --START--
INFO: Run Behavior\ReadHtmlCacheBehavior [ RunTime:0.001015s ]
INFO: [ app_begin ] --END-- [ RunTime:0.001120s ]
NOTIC: [8] A session had already been started - ignoring session_start() E:\wamp\www\things\things\Home\Controller\MessageJsonController.class.php 第 144 行.
SQL: SHOW COLUMNS FROM `things_goods_discuss` [ RunTime:0.0044s ]
SQL: SHOW COLUMNS FROM `things_user` [ RunTime:0.0051s ]
SQL: SELECT * FROM `things_goods_discuss` WHERE ( goods_id=2 )  [ RunTime:0.0005s ]
SQL: SELECT * FROM `things_user` WHERE ( username="biao" )  [ RunTime:0.0004s ]
SQL: SELECT * FROM `things_user` WHERE ( username="biao" )  [ RunTime:0.0003s ]
SQL: SELECT * FROM `things_user` WHERE ( username="biao" )  [ RunTime:0.0003s ]
SQL: SELECT * FROM `things_user` WHERE ( username="" )  [ RunTime:0.0003s ]
NOTIC: [8] Undefined offset: 0 E:\wamp\www\things\things\Home\Controller\MessageJsonController.class.php 第 161 行.
SQL: SELECT * FROM `things_user` WHERE ( username="" )  [ RunTime:0.0003s ]
NOTIC: [8] Undefined offset: 0 E:\wamp\www\things\things\Home\Controller\MessageJsonController.class.php 第 161 行.
SQL: SELECT * FROM `things_user` WHERE ( username="" )  [ RunTime:0.0003s ]
NOTIC: [8] Undefined offset: 0 E:\wamp\www\things\things\Home\Controller\MessageJsonController.class.php 第 161 行.
INFO: [ app_end ] --START--
INFO: Run Behavior\ShowPageTraceBehavior [ RunTime:0.001324s ]
INFO: [ app_end ] --END-- [ RunTime:0.001432s ]

[ 2016-04-20T00:54:20+08:00 ] ::1 /things/MessageJson/goods_discuss?act=show
INFO: [ app_init ] --START--
INFO: Run Behavior\BuildLiteBehavior [ RunTime:0.000027s ]
INFO: [ app_init ] --END-- [ RunTime:0.000688s ]
INFO: [ app_begin ] --START--
INFO: Run Behavior\ReadHtmlCacheBehavior [ RunTime:0.000946s ]
INFO: [ app_begin ] --END-- [ RunTime:0.001037s ]
NOTIC: [8] A session had already been started - ignoring session_start() E:\wamp\www\things\things\Home\Controller\MessageJsonController.class.php 第 144 行.
SQL: SHOW COLUMNS FROM `things_goods_discuss` [ RunTime:0.0045s ]
SQL: SHOW COLUMNS FROM `things_user` [ RunTime:0.0044s ]
SQL: SELECT * FROM `things_goods_discuss` WHERE ( goods_id=2 )  [ RunTime:0.0004s ]
SQL: SELECT * FROM `things_user` WHERE ( username="biao" )  [ RunTime:0.0003s ]
SQL: SELECT * FROM `things_user` WHERE ( username="biao" )  [ RunTime:0.0002s ]
SQL: SELECT * FROM `things_user` WHERE ( username="biao" )  [ RunTime:0.0002s ]
SQL: SELECT * FROM `things_user` WHERE ( username="" )  [ RunTime:0.0003s ]
NOTIC: [8] Undefined offset: 0 E:\wamp\www\things\things\Home\Controller\MessageJsonController.class.php 第 161 行.
SQL: SELECT * FROM `things_user` WHERE ( username="" )  [ RunTime:0.0002s ]
NOTIC: [8] Undefined offset: 0 E:\wamp\www\things\things\Home\Controller\MessageJsonController.class.php 第 161 行.
SQL: SELECT * FROM `things_user` WHERE ( username="" )  [ RunTime:0.0002s ]
NOTIC: [8] Undefined offset: 0 E:\wamp\www\things\things\Home\Controller\MessageJsonController.class.php 第 161 行.
INFO: [ app_end ] --START--
INFO: Run Behavior\ShowPageTraceBehavior [ RunTime:0.001183s ]
INFO: [ app_end ] --END-- [ RunTime:0.001276s ]

[ 2016-04-20T00:54:39+08:00 ] ::1 /things/MessageJson/goods_discuss?act=show
INFO: [ app_init ] --START--
INFO: Run Behavior\BuildLiteBehavior [ RunTime:0.000027s ]
INFO: [ app_init ] --END-- [ RunTime:0.000711s ]
INFO: [ app_begin ] --START--
INFO: Run Behavior\ReadHtmlCacheBehavior [ RunTime:0.001152s ]
INFO: [ app_begin ] --END-- [ RunTime:0.001279s ]
NOTIC: [8] A session had already been started - ignoring session_start() E:\wamp\www\things\things\Home\Controller\MessageJsonController.class.php 第 144 行.
SQL: SHOW COLUMNS FROM `things_goods_discuss` [ RunTime:0.0047s ]
SQL: SHOW COLUMNS FROM `things_user` [ RunTime:0.0045s ]
SQL: SELECT * FROM `things_goods_discuss` WHERE ( goods_id=2 )  [ RunTime:0.0004s ]
SQL: SELECT * FROM `things_user` WHERE ( username="biao" )  [ RunTime:0.0003s ]
SQL: SELECT * FROM `things_user` WHERE ( username="biao" )  [ RunTime:0.0003s ]
SQL: SELECT * FROM `things_user` WHERE ( username="biao" )  [ RunTime:0.0003s ]
SQL: SELECT * FROM `things_user` WHERE ( username="" )  [ RunTime:0.0003s ]
NOTIC: [8] Undefined offset: 0 E:\wamp\www\things\things\Home\Controller\MessageJsonController.class.php 第 161 行.
SQL: SELECT * FROM `things_user` WHERE ( username="" )  [ RunTime:0.0003s ]
NOTIC: [8] Undefined offset: 0 E:\wamp\www\things\things\Home\Controller\MessageJsonController.class.php 第 161 行.
SQL: SELECT * FROM `things_user` WHERE ( username="" )  [ RunTime:0.0003s ]
NOTIC: [8] Undefined offset: 0 E:\wamp\www\things\things\Home\Controller\MessageJsonController.class.php 第 161 行.
INFO: [ app_end ] --START--
INFO: Run Behavior\ShowPageTraceBehavior [ RunTime:0.001385s ]
INFO: [ app_end ] --END-- [ RunTime:0.001521s ]

[ 2016-04-20T00:54:58+08:00 ] ::1 /things/MessageJson/goods_discuss?act=show
INFO: [ app_init ] --START--
INFO: Run Behavior\BuildLiteBehavior [ RunTime:0.000027s ]
INFO: [ app_init ] --END-- [ RunTime:0.000667s ]
INFO: [ app_begin ] --START--
INFO: Run Behavior\ReadHtmlCacheBehavior [ RunTime:0.001067s ]
INFO: [ app_begin ] --END-- [ RunTime:0.001171s ]
NOTIC: [8] A session had already been started - ignoring session_start() E:\wamp\www\things\things\Home\Controller\MessageJsonController.class.php 第 144 行.
SQL: SHOW COLUMNS FROM `things_goods_discuss` [ RunTime:0.0047s ]
SQL: SHOW COLUMNS FROM `things_user` [ RunTime:0.0050s ]
SQL: SELECT * FROM `things_goods_discuss` WHERE ( goods_id=1 )  [ RunTime:0.0004s ]
INFO: [ app_end ] --START--
INFO: Run Behavior\ShowPageTraceBehavior [ RunTime:0.001170s ]
INFO: [ app_end ] --END-- [ RunTime:0.001265s ]

[ 2016-04-20T00:55:02+08:00 ] ::1 /things/MessageJson/goods_discuss?act=show
INFO: [ app_init ] --START--
INFO: Run Behavior\BuildLiteBehavior [ RunTime:0.000027s ]
INFO: [ app_init ] --END-- [ RunTime:0.000682s ]
INFO: [ app_begin ] --START--
INFO: Run Behavior\ReadHtmlCacheBehavior [ RunTime:0.001409s ]
INFO: [ app_begin ] --END-- [ RunTime:0.001523s ]
NOTIC: [8] A session had already been started - ignoring session_start() E:\wamp\www\things\things\Home\Controller\MessageJsonController.class.php 第 144 行.
SQL: SHOW COLUMNS FROM `things_goods_discuss` [ RunTime:0.0048s ]
SQL: SHOW COLUMNS FROM `things_user` [ RunTime:0.0043s ]
SQL: SELECT * FROM `things_goods_discuss` WHERE ( goods_id=3 )  [ RunTime:0.0004s ]
SQL: SELECT * FROM `things_user` WHERE ( username="biao" )  [ RunTime:0.0003s ]
INFO: [ app_end ] --START--
INFO: Run Behavior\ShowPageTraceBehavior [ RunTime:0.001114s ]
INFO: [ app_end ] --END-- [ RunTime:0.001208s ]

[ 2016-04-20T00:55:25+08:00 ] ::1 /things/MessageJson/goods_discuss?act=show
INFO: [ app_init ] --START--
INFO: Run Behavior\BuildLiteBehavior [ RunTime:0.000026s ]
INFO: [ app_init ] --END-- [ RunTime:0.000703s ]
INFO: [ app_begin ] --START--
INFO: Run Behavior\ReadHtmlCacheBehavior [ RunTime:0.001682s ]
INFO: [ app_begin ] --END-- [ RunTime:0.001881s ]
NOTIC: [8] A session had already been started - ignoring session_start() E:\wamp\www\things\things\Home\Controller\MessageJsonController.class.php 第 144 行.
SQL: SHOW COLUMNS FROM `things_goods_discuss` [ RunTime:0.0044s ]
SQL: SHOW COLUMNS FROM `things_user` [ RunTime:0.0043s ]
SQL: SELECT * FROM `things_goods_discuss` WHERE ( goods_id=3 )  [ RunTime:0.0005s ]
SQL: SELECT * FROM `things_user` WHERE ( username="biao" )  [ RunTime:0.0003s ]
SQL: SELECT * FROM `things_user` WHERE ( username="" )  [ RunTime:0.0005s ]
NOTIC: [8] Undefined offset: 0 E:\wamp\www\things\things\Home\Controller\MessageJsonController.class.php 第 161 行.
INFO: [ app_end ] --START--
INFO: Run Behavior\ShowPageTraceBehavior [ RunTime:0.001226s ]
INFO: [ app_end ] --END-- [ RunTime:0.001398s ]

[ 2016-04-20T22:10:35+08:00 ] ::1 /things/index/login
INFO: [ app_init ] --START--
INFO: Run Behavior\BuildLiteBehavior [ RunTime:0.000080s ]
INFO: [ app_init ] --END-- [ RunTime:0.031419s ]
INFO: [ app_begin ] --START--
INFO: Run Behavior\ReadHtmlCacheBehavior [ RunTime:0.046251s ]
INFO: [ app_begin ] --END-- [ RunTime:0.046940s ]
INFO: [ view_parse ] --START--
INFO: [ template_filter ] --START--
INFO: Run Behavior\ContentReplaceBehavior [ RunTime:0.087942s ]
INFO: [ template_filter ] --END-- [ RunTime:0.088305s ]
INFO: Run Behavior\ParseTemplateBehavior [ RunTime:0.160108s ]
INFO: [ view_parse ] --END-- [ RunTime:0.160782s ]
INFO: [ view_filter ] --START--
INFO: Run Behavior\WriteHtmlCacheBehavior [ RunTime:0.036947s ]
INFO: [ view_filter ] --END-- [ RunTime:0.037226s ]
INFO: [ app_end ] --START--
INFO: Run Behavior\ShowPageTraceBehavior [ RunTime:0.055125s ]
INFO: [ app_end ] --END-- [ RunTime:0.055382s ]

[ 2016-04-20T22:10:49+08:00 ] ::1 /things/index/index.html
INFO: [ app_init ] --START--
INFO: Run Behavior\BuildLiteBehavior [ RunTime:0.000034s ]
INFO: [ app_init ] --END-- [ RunTime:0.000916s ]
INFO: [ app_begin ] --START--
INFO: Run Behavior\ReadHtmlCacheBehavior [ RunTime:0.001011s ]
INFO: [ app_begin ] --END-- [ RunTime:0.001150s ]
INFO: [ view_parse ] --START--
INFO: [ template_filter ] --START--
INFO: Run Behavior\ContentReplaceBehavior [ RunTime:0.000090s ]
INFO: [ template_filter ] --END-- [ RunTime:0.000245s ]
INFO: Run Behavior\ParseTemplateBehavior [ RunTime:0.041268s ]
INFO: [ view_parse ] --END-- [ RunTime:0.041423s ]
INFO: [ view_filter ] --START--
INFO: Run Behavior\WriteHtmlCacheBehavior [ RunTime:0.000835s ]
INFO: [ view_filter ] --END-- [ RunTime:0.000996s ]
INFO: [ app_end ] --START--
INFO: Run Behavior\ShowPageTraceBehavior [ RunTime:0.001560s ]
INFO: [ app_end ] --END-- [ RunTime:0.001845s ]

[ 2016-04-20T22:11:14+08:00 ] ::1 /things/IndexJson/index
INFO: [ app_init ] --START--
INFO: Run Behavior\BuildLiteBehavior [ RunTime:0.000028s ]
INFO: [ app_init ] --END-- [ RunTime:0.000771s ]
INFO: [ app_begin ] --START--
INFO: Run Behavior\ReadHtmlCacheBehavior [ RunTime:0.000874s ]
INFO: [ app_begin ] --END-- [ RunTime:0.000970s ]
SQL: SHOW COLUMNS FROM `things_message` [ RunTime:0.0645s ]
SQL: SELECT COUNT(*) AS tp_count FROM `things_message` LIMIT 1   [ RunTime:0.0287s ]
SQL: SELECT * FROM `things_message` ORDER BY id desc  [ RunTime:0.0028s ]
SQL: SHOW COLUMNS FROM `things_user` [ RunTime:0.0357s ]
SQL: SELECT `name` FROM `things_user` WHERE ( username="admin" ) LIMIT 1   [ RunTime:0.0288s ]
SQL: SELECT `picture` FROM `things_user` WHERE ( username="admin" ) LIMIT 1   [ RunTime:0.0003s ]
SQL: SELECT `name` FROM `things_user` WHERE ( username="admin" ) LIMIT 1   [ RunTime:0.0004s ]
SQL: SELECT `picture` FROM `things_user` WHERE ( username="admin" ) LIMIT 1   [ RunTime:0.0003s ]
SQL: SELECT `name` FROM `things_user` WHERE ( username="biao" ) LIMIT 1   [ RunTime:0.0003s ]
SQL: SELECT `picture` FROM `things_user` WHERE ( username="biao" ) LIMIT 1   [ RunTime:0.0003s ]
SQL: SELECT `name` FROM `things_user` WHERE ( username="biao" ) LIMIT 1   [ RunTime:0.0003s ]
SQL: SELECT `picture` FROM `things_user` WHERE ( username="biao" ) LIMIT 1   [ RunTime:0.0003s ]
SQL: SELECT `name` FROM `things_user` WHERE ( username="admin" ) LIMIT 1   [ RunTime:0.0009s ]
SQL: SELECT `picture` FROM `things_user` WHERE ( username="admin" ) LIMIT 1   [ RunTime:0.0003s ]
SQL: SELECT `name` FROM `things_user` WHERE ( username="biao" ) LIMIT 1   [ RunTime:0.0003s ]
SQL: SELECT `picture` FROM `things_user` WHERE ( username="biao" ) LIMIT 1   [ RunTime:0.0004s ]
SQL: SELECT `name` FROM `things_user` WHERE ( username="biao" ) LIMIT 1   [ RunTime:0.0004s ]
SQL: SELECT `picture` FROM `things_user` WHERE ( username="biao" ) LIMIT 1   [ RunTime:0.0003s ]
SQL: SELECT `name` FROM `things_user` WHERE ( username="admin" ) LIMIT 1   [ RunTime:0.0003s ]
SQL: SELECT `picture` FROM `things_user` WHERE ( username="admin" ) LIMIT 1   [ RunTime:0.0003s ]
SQL: SELECT `name` FROM `things_user` WHERE ( username="admin" ) LIMIT 1   [ RunTime:0.0003s ]
SQL: SELECT `picture` FROM `things_user` WHERE ( username="admin" ) LIMIT 1   [ RunTime:0.0003s ]
SQL: SELECT `name` FROM `things_user` WHERE ( username="admin" ) LIMIT 1   [ RunTime:0.0003s ]
SQL: SELECT `picture` FROM `things_user` WHERE ( username="admin" ) LIMIT 1   [ RunTime:0.0003s ]
SQL: SELECT `name` FROM `things_user` WHERE ( username="admin" ) LIMIT 1   [ RunTime:0.0003s ]
SQL: SELECT `picture` FROM `things_user` WHERE ( username="admin" ) LIMIT 1   [ RunTime:0.0003s ]
SQL: SELECT `name` FROM `things_user` WHERE ( username="admin" ) LIMIT 1   [ RunTime:0.0003s ]
SQL: SELECT `picture` FROM `things_user` WHERE ( username="admin" ) LIMIT 1   [ RunTime:0.0003s ]
SQL: SELECT `name` FROM `things_user` WHERE ( username="admin" ) LIMIT 1   [ RunTime:0.0003s ]
SQL: SELECT `picture` FROM `things_user` WHERE ( username="admin" ) LIMIT 1   [ RunTime:0.0003s ]
SQL: SELECT `name` FROM `things_user` WHERE ( username="admin" ) LIMIT 1   [ RunTime:0.0003s ]
SQL: SELECT `picture` FROM `things_user` WHERE ( username="admin" ) LIMIT 1   [ RunTime:0.0003s ]
SQL: SELECT `name` FROM `things_user` WHERE ( username="admin" ) LIMIT 1   [ RunTime:0.0003s ]
SQL: SELECT `picture` FROM `things_user` WHERE ( username="admin" ) LIMIT 1   [ RunTime:0.0003s ]
SQL: SELECT `name` FROM `things_user` WHERE ( username="admin" ) LIMIT 1   [ RunTime:0.0003s ]
SQL: SELECT `picture` FROM `things_user` WHERE ( username="admin" ) LIMIT 1   [ RunTime:0.0003s ]
SQL: SELECT `name` FROM `things_user` WHERE ( username="admin" ) LIMIT 1   [ RunTime:0.0003s ]
SQL: SELECT `picture` FROM `things_user` WHERE ( username="admin" ) LIMIT 1   [ RunTime:0.0003s ]
SQL: SELECT `name` FROM `things_user` WHERE ( username="admin" ) LIMIT 1   [ RunTime:0.0003s ]
SQL: SELECT `picture` FROM `things_user` WHERE ( username="admin" ) LIMIT 1   [ RunTime:0.0003s ]
SQL: SELECT `name` FROM `things_user` WHERE ( username="admin" ) LIMIT 1   [ RunTime:0.0003s ]
SQL: SELECT `picture` FROM `things_user` WHERE ( username="admin" ) LIMIT 1   [ RunTime:0.0003s ]
SQL: SELECT `name` FROM `things_user` WHERE ( username="admin" ) LIMIT 1   [ RunTime:0.0004s ]
SQL: SELECT `picture` FROM `things_user` WHERE ( username="admin" ) LIMIT 1   [ RunTime:0.0004s ]
SQL: SELECT `name` FROM `things_user` WHERE ( username="admin" ) LIMIT 1   [ RunTime:0.0004s ]
SQL: SELECT `picture` FROM `things_user` WHERE ( username="admin" ) LIMIT 1   [ RunTime:0.0004s ]
SQL: SELECT `name` FROM `things_user` WHERE ( username="admin" ) LIMIT 1   [ RunTime:0.0004s ]
SQL: SELECT `picture` FROM `things_user` WHERE ( username="admin" ) LIMIT 1   [ RunTime:0.0003s ]
SQL: SELECT `name` FROM `things_user` WHERE ( username="admin" ) LIMIT 1   [ RunTime:0.0003s ]
SQL: SELECT `picture` FROM `things_user` WHERE ( username="admin" ) LIMIT 1   [ RunTime:0.0004s ]
SQL: SELECT `name` FROM `things_user` WHERE ( username="admin" ) LIMIT 1   [ RunTime:0.0004s ]
SQL: SELECT `picture` FROM `things_user` WHERE ( username="admin" ) LIMIT 1   [ RunTime:0.0004s ]
SQL: SELECT `name` FROM `things_user` WHERE ( username="admin" ) LIMIT 1   [ RunTime:0.0004s ]
SQL: SELECT `picture` FROM `things_user` WHERE ( username="admin" ) LIMIT 1   [ RunTime:0.0004s ]
SQL: SELECT `name` FROM `things_user` WHERE ( username="admin" ) LIMIT 1   [ RunTime:0.0004s ]
SQL: SELECT `picture` FROM `things_user` WHERE ( username="admin" ) LIMIT 1   [ RunTime:0.0004s ]
SQL: SELECT `name` FROM `things_user` WHERE ( username="admin" ) LIMIT 1   [ RunTime:0.0004s ]
SQL: SELECT `picture` FROM `things_user` WHERE ( username="admin" ) LIMIT 1   [ RunTime:0.0004s ]
SQL: SELECT `name` FROM `things_user` WHERE ( username="admin" ) LIMIT 1   [ RunTime:0.0004s ]
SQL: SELECT `picture` FROM `things_user` WHERE ( username="admin" ) LIMIT 1   [ RunTime:0.0004s ]
SQL: SELECT `name` FROM `things_user` WHERE ( username="admin" ) LIMIT 1   [ RunTime:0.0004s ]
SQL: SELECT `picture` FROM `things_user` WHERE ( username="admin" ) LIMIT 1   [ RunTime:0.0004s ]
SQL: SELECT `name` FROM `things_user` WHERE ( username="admin" ) LIMIT 1   [ RunTime:0.0004s ]
SQL: SELECT `picture` FROM `things_user` WHERE ( username="admin" ) LIMIT 1   [ RunTime:0.0004s ]
SQL: SELECT `name` FROM `things_user` WHERE ( username="admin" ) LIMIT 1   [ RunTime:0.0004s ]
SQL: SELECT `picture` FROM `things_user` WHERE ( username="admin" ) LIMIT 1   [ RunTime:0.0004s ]
SQL: SELECT `name` FROM `things_user` WHERE ( username="admin" ) LIMIT 1   [ RunTime:0.0004s ]
SQL: SELECT `picture` FROM `things_user` WHERE ( username="admin" ) LIMIT 1   [ RunTime:0.0004s ]
SQL: SELECT `name` FROM `things_user` WHERE ( username="admin" ) LIMIT 1   [ RunTime:0.0004s ]
SQL: SELECT `picture` FROM `things_user` WHERE ( username="admin" ) LIMIT 1   [ RunTime:0.0004s ]
SQL: SELECT `name` FROM `things_user` WHERE ( username="admin" ) LIMIT 1   [ RunTime:0.0004s ]
SQL: SELECT `picture` FROM `things_user` WHERE ( username="admin" ) LIMIT 1   [ RunTime:0.0004s ]
SQL: SELECT `name` FROM `things_user` WHERE ( username="admin" ) LIMIT 1   [ RunTime:0.0004s ]
SQL: SELECT `picture` FROM `things_user` WHERE ( username="admin" ) LIMIT 1   [ RunTime:0.0003s ]
SQL: SELECT `name` FROM `things_user` WHERE ( username="admin" ) LIMIT 1   [ RunTime:0.0004s ]
SQL: SELECT `picture` FROM `things_user` WHERE ( username="admin" ) LIMIT 1   [ RunTime:0.0004s ]
SQL: SELECT `name` FROM `things_user` WHERE ( username="admin" ) LIMIT 1   [ RunTime:0.0003s ]
SQL: SELECT `picture` FROM `things_user` WHERE ( username="admin" ) LIMIT 1   [ RunTime:0.0004s ]
SQL: SELECT `name` FROM `things_user` WHERE ( username="admin" ) LIMIT 1   [ RunTime:0.0004s ]
SQL: SELECT `picture` FROM `things_user` WHERE ( username="admin" ) LIMIT 1   [ RunTime:0.0004s ]
SQL: SELECT `name` FROM `things_user` WHERE ( username="admin" ) LIMIT 1   [ RunTime:0.0004s ]
SQL: SELECT `picture` FROM `things_user` WHERE ( username="admin" ) LIMIT 1   [ RunTime:0.0004s ]
SQL: SELECT `name` FROM `things_user` WHERE ( username="admin" ) LIMIT 1   [ RunTime:0.0004s ]
SQL: SELECT `picture` FROM `things_user` WHERE ( username="admin" ) LIMIT 1   [ RunTime:0.0004s ]
SQL: SELECT `name` FROM `things_user` WHERE ( username="admin" ) LIMIT 1   [ RunTime:0.0004s ]
SQL: SELECT `picture` FROM `things_user` WHERE ( username="admin" ) LIMIT 1   [ RunTime:0.0004s ]
SQL: SELECT `name` FROM `things_user` WHERE ( username="admin" ) LIMIT 1   [ RunTime:0.0004s ]
SQL: SELECT `picture` FROM `things_user` WHERE ( username="admin" ) LIMIT 1   [ RunTime:0.0004s ]
SQL: SELECT `name` FROM `things_user` WHERE ( username="admin" ) LIMIT 1   [ RunTime:0.0004s ]
SQL: SELECT `picture` FROM `things_user` WHERE ( username="admin" ) LIMIT 1   [ RunTime:0.0004s ]
SQL: SELECT `name` FROM `things_user` WHERE ( username="admin" ) LIMIT 1   [ RunTime:0.0004s ]
SQL: SELECT `picture` FROM `things_user` WHERE ( username="admin" ) LIMIT 1   [ RunTime:0.0004s ]
SQL: SELECT `name` FROM `things_user` WHERE ( username="admin" ) LIMIT 1   [ RunTime:0.0004s ]
SQL: SELECT `picture` FROM `things_user` WHERE ( username="admin" ) LIMIT 1   [ RunTime:0.0003s ]
SQL: SELECT `name` FROM `things_user` WHERE ( username="admin" ) LIMIT 1   [ RunTime:0.0003s ]
SQL: SELECT `picture` FROM `things_user` WHERE ( username="admin" ) LIMIT 1   [ RunTime:0.0003s ]
SQL: SELECT `name` FROM `things_user` WHERE ( username="admin" ) LIMIT 1   [ RunTime:0.0004s ]
SQL: SELECT `picture` FROM `things_user` WHERE ( username="admin" ) LIMIT 1   [ RunTime:0.0004s ]
SQL: SELECT `name` FROM `things_user` WHERE ( username="admin" ) LIMIT 1   [ RunTime:0.0004s ]
SQL: SELECT `picture` FROM `things_user` WHERE ( username="admin" ) LIMIT 1   [ RunTime:0.0004s ]
SQL: SELECT `name` FROM `things_user` WHERE ( username="admin" ) LIMIT 1   [ RunTime:0.0004s ]
SQL: SELECT `picture` FROM `things_user` WHERE ( username="admin" ) LIMIT 1   [ RunTime:0.0004s ]
SQL: SELECT `name` FROM `things_user` WHERE ( username="admin" ) LIMIT 1   [ RunTime:0.0004s ]
SQL: SELECT `picture` FROM `things_user` WHERE ( username="admin" ) LIMIT 1   [ RunTime:0.0004s ]
SQL: SELECT `name` FROM `things_user` WHERE ( username="admin" ) LIMIT 1   [ RunTime:0.0004s ]
SQL: SELECT `picture` FROM `things_user` WHERE ( username="admin" ) LIMIT 1   [ RunTime:0.0004s ]
SQL: SELECT `name` FROM `things_user` WHERE ( username="admin" ) LIMIT 1   [ RunTime:0.0005s ]
SQL: SELECT `picture` FROM `things_user` WHERE ( username="admin" ) LIMIT 1   [ RunTime:0.0004s ]
SQL: SELECT `name` FROM `things_user` WHERE ( username="admin" ) LIMIT 1   [ RunTime:0.0004s ]
SQL: SELECT `picture` FROM `things_user` WHERE ( username="admin" ) LIMIT 1   [ RunTime:0.0003s ]
SQL: SELECT `name` FROM `things_user` WHERE ( username="admin" ) LIMIT 1   [ RunTime:0.0003s ]
SQL: SELECT `picture` FROM `things_user` WHERE ( username="admin" ) LIMIT 1   [ RunTime:0.0003s ]
SQL: SELECT `name` FROM `things_user` WHERE ( username="admin" ) LIMIT 1   [ RunTime:0.0004s ]
SQL: SELECT `picture` FROM `things_user` WHERE ( username="admin" ) LIMIT 1   [ RunTime:0.0011s ]
SQL: SELECT `name` FROM `things_user` WHERE ( username="admin" ) LIMIT 1   [ RunTime:0.0006s ]
SQL: SELECT `picture` FROM `things_user` WHERE ( username="admin" ) LIMIT 1   [ RunTime:0.0006s ]
SQL: SELECT `name` FROM `things_user` WHERE ( username="admin" ) LIMIT 1   [ RunTime:0.0006s ]
SQL: SELECT `picture` FROM `things_user` WHERE ( username="admin" ) LIMIT 1   [ RunTime:0.0006s ]
SQL: SELECT `name` FROM `things_user` WHERE ( username="admin" ) LIMIT 1   [ RunTime:0.0006s ]
SQL: SELECT `picture` FROM `things_user` WHERE ( username="admin" ) LIMIT 1   [ RunTime:0.0006s ]
INFO: [ app_end ] --START--
INFO: Run Behavior\ShowPageTraceBehavior [ RunTime:0.001634s ]
INFO: [ app_end ] --END-- [ RunTime:0.001888s ]

[ 2016-04-20T22:11:25+08:00 ] ::1 /things/IndexJson/index
INFO: [ app_init ] --START--
INFO: Run Behavior\BuildLiteBehavior [ RunTime:0.000035s ]
INFO: [ app_init ] --END-- [ RunTime:0.001169s ]
INFO: [ app_begin ] --START--
INFO: Run Behavior\ReadHtmlCacheBehavior [ RunTime:0.000836s ]
INFO: [ app_begin ] --END-- [ RunTime:0.000938s ]
SQL: SHOW COLUMNS FROM `things_message` [ RunTime:0.0038s ]
SQL: SELECT COUNT(*) AS tp_count FROM `things_message` LIMIT 1   [ RunTime:0.0004s ]
SQL: SELECT * FROM `things_message` ORDER BY id desc LIMIT 0,2   [ RunTime:0.0004s ]
SQL: SHOW COLUMNS FROM `things_user` [ RunTime:0.0040s ]
SQL: SELECT `name` FROM `things_user` WHERE ( username="admin" ) LIMIT 1   [ RunTime:0.0004s ]
SQL: SELECT `picture` FROM `things_user` WHERE ( username="admin" ) LIMIT 1   [ RunTime:0.0003s ]
SQL: SELECT `name` FROM `things_user` WHERE ( username="admin" ) LIMIT 1   [ RunTime:0.0003s ]
SQL: SELECT `picture` FROM `things_user` WHERE ( username="admin" ) LIMIT 1   [ RunTime:0.0003s ]
INFO: [ app_end ] --START--
INFO: Run Behavior\ShowPageTraceBehavior [ RunTime:0.000987s ]
INFO: [ app_end ] --END-- [ RunTime:0.001087s ]

[ 2016-04-20T22:13:05+08:00 ] ::1 /things/index/index.html
INFO: [ app_init ] --START--
INFO: Run Behavior\BuildLiteBehavior [ RunTime:0.000041s ]
INFO: [ app_init ] --END-- [ RunTime:0.001640s ]
INFO: [ app_begin ] --START--
INFO: Run Behavior\ReadHtmlCacheBehavior [ RunTime:0.001270s ]
INFO: [ app_begin ] --END-- [ RunTime:0.001424s ]
INFO: [ view_parse ] --START--
INFO: [ template_filter ] --START--
INFO: Run Behavior\ContentReplaceBehavior [ RunTime:0.000091s ]
INFO: [ template_filter ] --END-- [ RunTime:0.000234s ]
INFO: Run Behavior\ParseTemplateBehavior [ RunTime:0.010860s ]
INFO: [ view_parse ] --END-- [ RunTime:0.011008s ]
INFO: [ view_filter ] --START--
INFO: Run Behavior\WriteHtmlCacheBehavior [ RunTime:0.001032s ]
INFO: [ view_filter ] --END-- [ RunTime:0.001152s ]
INFO: [ app_end ] --START--
INFO: Run Behavior\ShowPageTraceBehavior [ RunTime:0.001107s ]
INFO: [ app_end ] --END-- [ RunTime:0.001233s ]

[ 2016-04-20T22:16:50+08:00 ] ::1 /things/IndexJson/index
INFO: [ app_init ] --START--
INFO: Run Behavior\BuildLiteBehavior [ RunTime:0.000026s ]
INFO: [ app_init ] --END-- [ RunTime:0.000721s ]
INFO: [ app_begin ] --START--
INFO: Run Behavior\ReadHtmlCacheBehavior [ RunTime:0.000943s ]
INFO: [ app_begin ] --END-- [ RunTime:0.001045s ]
SQL: SHOW COLUMNS FROM `things_message` [ RunTime:0.0037s ]
SQL: SELECT COUNT(*) AS tp_count FROM `things_message` LIMIT 1   [ RunTime:0.0004s ]
SQL: SELECT * FROM `things_message` ORDER BY id desc LIMIT 0,2   [ RunTime:0.0004s ]
SQL: SHOW COLUMNS FROM `things_user` [ RunTime:0.0039s ]
SQL: SELECT `name` FROM `things_user` WHERE ( username="admin" ) LIMIT 1   [ RunTime:0.0004s ]
SQL: SELECT `picture` FROM `things_user` WHERE ( username="admin" ) LIMIT 1   [ RunTime:0.0003s ]
SQL: SELECT `name` FROM `things_user` WHERE ( username="admin" ) LIMIT 1   [ RunTime:0.0003s ]
SQL: SELECT `picture` FROM `things_user` WHERE ( username="admin" ) LIMIT 1   [ RunTime:0.0003s ]
INFO: [ app_end ] --START--
INFO: Run Behavior\ShowPageTraceBehavior [ RunTime:0.001291s ]
INFO: [ app_end ] --END-- [ RunTime:0.001453s ]

[ 2016-04-20T22:18:07+08:00 ] ::1 /things/IndexJson/index
INFO: [ app_init ] --START--
INFO: Run Behavior\BuildLiteBehavior [ RunTime:0.000031s ]
INFO: [ app_init ] --END-- [ RunTime:0.000983s ]
INFO: [ app_begin ] --START--
INFO: Run Behavior\ReadHtmlCacheBehavior [ RunTime:0.001702s ]
INFO: [ app_begin ] --END-- [ RunTime:0.001811s ]
SQL: SHOW COLUMNS FROM `things_message` [ RunTime:0.0038s ]
SQL: SELECT COUNT(*) AS tp_count FROM `things_message` WHERE ( action="失物" ) LIMIT 1   [ RunTime:0.0004s ]
SQL: SELECT * FROM `things_message` ORDER BY id desc LIMIT 0,2   [ RunTime:0.0004s ]
SQL: SHOW COLUMNS FROM `things_user` [ RunTime:0.0039s ]
SQL: SELECT `name` FROM `things_user` WHERE ( username="admin" ) LIMIT 1   [ RunTime:0.0004s ]
SQL: SELECT `picture` FROM `things_user` WHERE ( username="admin" ) LIMIT 1   [ RunTime:0.0003s ]
SQL: SELECT `name` FROM `things_user` WHERE ( username="admin" ) LIMIT 1   [ RunTime:0.0003s ]
SQL: SELECT `picture` FROM `things_user` WHERE ( username="admin" ) LIMIT 1   [ RunTime:0.0003s ]
INFO: [ app_end ] --START--
INFO: Run Behavior\ShowPageTraceBehavior [ RunTime:0.001957s ]
INFO: [ app_end ] --END-- [ RunTime:0.002060s ]

[ 2016-04-20T22:18:15+08:00 ] ::1 /things/IndexJson/index
INFO: [ app_init ] --START--
INFO: Run Behavior\BuildLiteBehavior [ RunTime:0.000028s ]
INFO: [ app_init ] --END-- [ RunTime:0.000958s ]
INFO: [ app_begin ] --START--
INFO: Run Behavior\ReadHtmlCacheBehavior [ RunTime:0.001706s ]
INFO: [ app_begin ] --END-- [ RunTime:0.001824s ]
SQL: SHOW COLUMNS FROM `things_message` [ RunTime:0.0040s ]
SQL: SELECT COUNT(*) AS tp_count FROM `things_message` WHERE ( action="失物1" ) LIMIT 1   [ RunTime:0.0004s ]
SQL: SELECT * FROM `things_message` ORDER BY id desc LIMIT 0,2   [ RunTime:0.0004s ]
SQL: SHOW COLUMNS FROM `things_user` [ RunTime:0.0041s ]
SQL: SELECT `name` FROM `things_user` WHERE ( username="admin" ) LIMIT 1   [ RunTime:0.0004s ]
SQL: SELECT `picture` FROM `things_user` WHERE ( username="admin" ) LIMIT 1   [ RunTime:0.0003s ]
SQL: SELECT `name` FROM `things_user` WHERE ( username="admin" ) LIMIT 1   [ RunTime:0.0003s ]
SQL: SELECT `picture` FROM `things_user` WHERE ( username="admin" ) LIMIT 1   [ RunTime:0.0003s ]
INFO: [ app_end ] --START--
INFO: Run Behavior\ShowPageTraceBehavior [ RunTime:0.001865s ]
INFO: [ app_end ] --END-- [ RunTime:0.001979s ]

[ 2016-04-20T22:20:53+08:00 ] ::1 /things/IndexJson/index
INFO: [ app_init ] --START--
INFO: Run Behavior\BuildLiteBehavior [ RunTime:0.000031s ]
INFO: [ app_init ] --END-- [ RunTime:0.000886s ]
INFO: [ app_begin ] --START--
INFO: Run Behavior\ReadHtmlCacheBehavior [ RunTime:0.001221s ]
INFO: [ app_begin ] --END-- [ RunTime:0.001436s ]
SQL: SHOW COLUMNS FROM `things_message` [ RunTime:0.0039s ]
SQL: SELECT COUNT(*) AS tp_count FROM `things_message` WHERE ( action="失物" ) LIMIT 1   [ RunTime:0.0004s ]
SQL: SELECT * FROM `things_message` ORDER BY id desc LIMIT 0,2   [ RunTime:0.0004s ]
SQL: SHOW COLUMNS FROM `things_user` [ RunTime:0.0037s ]
SQL: SELECT `name` FROM `things_user` WHERE ( username="admin" ) LIMIT 1   [ RunTime:0.0004s ]
SQL: SELECT `picture` FROM `things_user` WHERE ( username="admin" ) LIMIT 1   [ RunTime:0.0003s ]
SQL: SELECT `name` FROM `things_user` WHERE ( username="admin" ) LIMIT 1   [ RunTime:0.0003s ]
SQL: SELECT `picture` FROM `things_user` WHERE ( username="admin" ) LIMIT 1   [ RunTime:0.0003s ]
INFO: [ app_end ] --START--
INFO: Run Behavior\ShowPageTraceBehavior [ RunTime:0.001177s ]
INFO: [ app_end ] --END-- [ RunTime:0.001286s ]

[ 2016-04-20T22:21:34+08:00 ] ::1 /things/IndexJson/index
INFO: [ app_init ] --START--
INFO: Run Behavior\BuildLiteBehavior [ RunTime:0.000042s ]
INFO: [ app_init ] --END-- [ RunTime:0.000958s ]
INFO: [ app_begin ] --START--
INFO: Run Behavior\ReadHtmlCacheBehavior [ RunTime:0.001026s ]
INFO: [ app_begin ] --END-- [ RunTime:0.001137s ]
SQL: SHOW COLUMNS FROM `things_message` [ RunTime:0.0039s ]
SQL: SELECT COUNT(*) AS tp_count FROM `things_message` WHERE ( action="招领" ) LIMIT 1   [ RunTime:0.0004s ]
SQL: SELECT * FROM `things_message` WHERE ( action="招领" ) ORDER BY id desc LIMIT 0,2   [ RunTime:0.0004s ]
SQL: SHOW COLUMNS FROM `things_user` [ RunTime:0.0039s ]
SQL: SELECT `name` FROM `things_user` WHERE ( username="biao" ) LIMIT 1   [ RunTime:0.0004s ]
SQL: SELECT `picture` FROM `things_user` WHERE ( username="biao" ) LIMIT 1   [ RunTime:0.0003s ]
SQL: SELECT `name` FROM `things_user` WHERE ( username="biao" ) LIMIT 1   [ RunTime:0.0003s ]
SQL: SELECT `picture` FROM `things_user` WHERE ( username="biao" ) LIMIT 1   [ RunTime:0.0003s ]
INFO: [ app_end ] --START--
INFO: Run Behavior\ShowPageTraceBehavior [ RunTime:0.001194s ]
INFO: [ app_end ] --END-- [ RunTime:0.001303s ]

[ 2016-04-20T22:21:42+08:00 ] ::1 /things/IndexJson/index
INFO: [ app_init ] --START--
INFO: Run Behavior\BuildLiteBehavior [ RunTime:0.000036s ]
INFO: [ app_init ] --END-- [ RunTime:0.000827s ]
INFO: [ app_begin ] --START--
INFO: Run Behavior\ReadHtmlCacheBehavior [ RunTime:0.001042s ]
INFO: [ app_begin ] --END-- [ RunTime:0.001203s ]
SQL: SHOW COLUMNS FROM `things_message` [ RunTime:0.0039s ]
SQL: SELECT COUNT(*) AS tp_count FROM `things_message` WHERE ( action="招领" ) LIMIT 1   [ RunTime:0.0004s ]
SQL: SELECT * FROM `things_message` WHERE ( action="招领" ) ORDER BY id desc LIMIT 0,2   [ RunTime:0.0005s ]
SQL: SHOW COLUMNS FROM `things_user` [ RunTime:0.0041s ]
SQL: SELECT `name` FROM `things_user` WHERE ( username="biao" ) LIMIT 1   [ RunTime:0.0004s ]
SQL: SELECT `picture` FROM `things_user` WHERE ( username="biao" ) LIMIT 1   [ RunTime:0.0003s ]
SQL: SELECT `name` FROM `things_user` WHERE ( username="biao" ) LIMIT 1   [ RunTime:0.0003s ]
SQL: SELECT `picture` FROM `things_user` WHERE ( username="biao" ) LIMIT 1   [ RunTime:0.0003s ]
INFO: [ app_end ] --START--
INFO: Run Behavior\ShowPageTraceBehavior [ RunTime:0.001269s ]
INFO: [ app_end ] --END-- [ RunTime:0.001385s ]

[ 2016-04-20T22:21:53+08:00 ] ::1 /things/IndexJson/index
INFO: [ app_init ] --START--
INFO: Run Behavior\BuildLiteBehavior [ RunTime:0.000026s ]
INFO: [ app_init ] --END-- [ RunTime:0.000804s ]
INFO: [ app_begin ] --START--
INFO: Run Behavior\ReadHtmlCacheBehavior [ RunTime:0.001045s ]
INFO: [ app_begin ] --END-- [ RunTime:0.001161s ]
SQL: SHOW COLUMNS FROM `things_message` [ RunTime:0.0040s ]
SQL: SELECT COUNT(*) AS tp_count FROM `things_message` WHERE ( action="招领" ) LIMIT 1   [ RunTime:0.0004s ]
SQL: SELECT * FROM `things_message` WHERE ( action="招领" ) ORDER BY id desc LIMIT 0,2   [ RunTime:0.0004s ]
SQL: SHOW COLUMNS FROM `things_user` [ RunTime:0.0039s ]
SQL: SELECT `name` FROM `things_user` WHERE ( username="biao" ) LIMIT 1   [ RunTime:0.0003s ]
SQL: SELECT `picture` FROM `things_user` WHERE ( username="biao" ) LIMIT 1   [ RunTime:0.0003s ]
SQL: SELECT `name` FROM `things_user` WHERE ( username="biao" ) LIMIT 1   [ RunTime:0.0003s ]
SQL: SELECT `picture` FROM `things_user` WHERE ( username="biao" ) LIMIT 1   [ RunTime:0.0003s ]
INFO: [ app_end ] --START--
INFO: Run Behavior\ShowPageTraceBehavior [ RunTime:0.001148s ]
INFO: [ app_end ] --END-- [ RunTime:0.001261s ]

[ 2016-04-20T22:23:15+08:00 ] ::1 /things/index/index.html
INFO: [ app_init ] --START--
INFO: Run Behavior\BuildLiteBehavior [ RunTime:0.000045s ]
INFO: [ app_init ] --END-- [ RunTime:0.001166s ]
INFO: [ app_begin ] --START--
INFO: Run Behavior\ReadHtmlCacheBehavior [ RunTime:0.001380s ]
INFO: [ app_begin ] --END-- [ RunTime:0.001551s ]
INFO: [ view_parse ] --START--
INFO: [ template_filter ] --START--
INFO: Run Behavior\ContentReplaceBehavior [ RunTime:0.000097s ]
INFO: [ template_filter ] --END-- [ RunTime:0.000258s ]
INFO: Run Behavior\ParseTemplateBehavior [ RunTime:0.014206s ]
INFO: [ view_parse ] --END-- [ RunTime:0.014369s ]
INFO: [ view_filter ] --START--
INFO: Run Behavior\WriteHtmlCacheBehavior [ RunTime:0.001271s ]
INFO: [ view_filter ] --END-- [ RunTime:0.001421s ]
INFO: [ app_end ] --START--
INFO: Run Behavior\ShowPageTraceBehavior [ RunTime:0.001358s ]
INFO: [ app_end ] --END-- [ RunTime:0.001513s ]

[ 2016-04-20T22:23:19+08:00 ] ::1 /things/IndexJson/index
INFO: [ app_init ] --START--
INFO: Run Behavior\BuildLiteBehavior [ RunTime:0.000028s ]
INFO: [ app_init ] --END-- [ RunTime:0.000784s ]
INFO: [ app_begin ] --START--
INFO: Run Behavior\ReadHtmlCacheBehavior [ RunTime:0.001025s ]
INFO: [ app_begin ] --END-- [ RunTime:0.001130s ]
SQL: SHOW COLUMNS FROM `things_message` [ RunTime:0.0037s ]
SQL: SELECT COUNT(*) AS tp_count FROM `things_message` WHERE ( action="招领" ) LIMIT 1   [ RunTime:0.0004s ]
SQL: SELECT * FROM `things_message` WHERE ( action="招领" ) ORDER BY id desc  [ RunTime:0.0004s ]
SQL: SHOW COLUMNS FROM `things_user` [ RunTime:0.0037s ]
SQL: SELECT `name` FROM `things_user` WHERE ( username="biao" ) LIMIT 1   [ RunTime:0.0004s ]
SQL: SELECT `picture` FROM `things_user` WHERE ( username="biao" ) LIMIT 1   [ RunTime:0.0003s ]
SQL: SELECT `name` FROM `things_user` WHERE ( username="biao" ) LIMIT 1   [ RunTime:0.0003s ]
SQL: SELECT `picture` FROM `things_user` WHERE ( username="biao" ) LIMIT 1   [ RunTime:0.0003s ]
SQL: SELECT `name` FROM `things_user` WHERE ( username="admin" ) LIMIT 1   [ RunTime:0.0003s ]
SQL: SELECT `picture` FROM `things_user` WHERE ( username="admin" ) LIMIT 1   [ RunTime:0.0003s ]
SQL: SELECT `name` FROM `things_user` WHERE ( username="biao" ) LIMIT 1   [ RunTime:0.0003s ]
SQL: SELECT `picture` FROM `things_user` WHERE ( username="biao" ) LIMIT 1   [ RunTime:0.0003s ]
SQL: SELECT `name` FROM `things_user` WHERE ( username="biao" ) LIMIT 1   [ RunTime:0.0003s ]
SQL: SELECT `picture` FROM `things_user` WHERE ( username="biao" ) LIMIT 1   [ RunTime:0.0003s ]
SQL: SELECT `name` FROM `things_user` WHERE ( username="admin" ) LIMIT 1   [ RunTime:0.0003s ]
SQL: SELECT `picture` FROM `things_user` WHERE ( username="admin" ) LIMIT 1   [ RunTime:0.0003s ]
SQL: SELECT `name` FROM `things_user` WHERE ( username="admin" ) LIMIT 1   [ RunTime:0.0003s ]
SQL: SELECT `picture` FROM `things_user` WHERE ( username="admin" ) LIMIT 1   [ RunTime:0.0003s ]
INFO: [ app_end ] --START--
INFO: Run Behavior\ShowPageTraceBehavior [ RunTime:0.001214s ]
INFO: [ app_end ] --END-- [ RunTime:0.001319s ]

[ 2016-04-20T22:24:08+08:00 ] ::1 /things/IndexJson/index
INFO: [ app_init ] --START--
INFO: Run Behavior\BuildLiteBehavior [ RunTime:0.000028s ]
INFO: [ app_init ] --END-- [ RunTime:0.000849s ]
INFO: [ app_begin ] --START--
INFO: Run Behavior\ReadHtmlCacheBehavior [ RunTime:0.001104s ]
INFO: [ app_begin ] --END-- [ RunTime:0.001212s ]
SQL: SHOW COLUMNS FROM `things_message` [ RunTime:0.0041s ]
SQL: SELECT COUNT(*) AS tp_count FROM `things_message` WHERE ( action="招领" ) LIMIT 1   [ RunTime:0.0004s ]
ERR: 1064:You have an error in your SQL syntax; check the manual that corresponds to your MySQL server version for the right syntax to use near '-5,5' at line 1
 [ SQL语句 ] : SELECT * FROM `things_message` WHERE ( action="招领" ) ORDER BY id desc LIMIT -5,5  
ERR: 1064:You have an error in your SQL syntax; check the manual that corresponds to your MySQL server version for the right syntax to use near '-5,5' at line 1
 [ SQL语句 ] : SELECT * FROM `things_message` WHERE ( action="招领" ) ORDER BY id desc LIMIT -5,5  

[ 2016-04-20T22:24:13+08:00 ] ::1 /things/IndexJson/index
INFO: [ app_init ] --START--
INFO: Run Behavior\BuildLiteBehavior [ RunTime:0.000027s ]
INFO: [ app_init ] --END-- [ RunTime:0.000751s ]
INFO: [ app_begin ] --START--
INFO: Run Behavior\ReadHtmlCacheBehavior [ RunTime:0.001027s ]
INFO: [ app_begin ] --END-- [ RunTime:0.001130s ]
SQL: SHOW COLUMNS FROM `things_message` [ RunTime:0.0039s ]
SQL: SELECT COUNT(*) AS tp_count FROM `things_message` WHERE ( action="招领" ) LIMIT 1   [ RunTime:0.0004s ]
SQL: SELECT * FROM `things_message` WHERE ( action="招领" ) ORDER BY id desc LIMIT 0,5   [ RunTime:0.0004s ]
SQL: SHOW COLUMNS FROM `things_user` [ RunTime:0.0037s ]
SQL: SELECT `name` FROM `things_user` WHERE ( username="biao" ) LIMIT 1   [ RunTime:0.0003s ]
SQL: SELECT `picture` FROM `things_user` WHERE ( username="biao" ) LIMIT 1   [ RunTime:0.0003s ]
SQL: SELECT `name` FROM `things_user` WHERE ( username="biao" ) LIMIT 1   [ RunTime:0.0003s ]
SQL: SELECT `picture` FROM `things_user` WHERE ( username="biao" ) LIMIT 1   [ RunTime:0.0003s ]
SQL: SELECT `name` FROM `things_user` WHERE ( username="admin" ) LIMIT 1   [ RunTime:0.0003s ]
SQL: SELECT `picture` FROM `things_user` WHERE ( username="admin" ) LIMIT 1   [ RunTime:0.0003s ]
SQL: SELECT `name` FROM `things_user` WHERE ( username="biao" ) LIMIT 1   [ RunTime:0.0003s ]
SQL: SELECT `picture` FROM `things_user` WHERE ( username="biao" ) LIMIT 1   [ RunTime:0.0003s ]
SQL: SELECT `name` FROM `things_user` WHERE ( username="biao" ) LIMIT 1   [ RunTime:0.0003s ]
SQL: SELECT `picture` FROM `things_user` WHERE ( username="biao" ) LIMIT 1   [ RunTime:0.0003s ]
INFO: [ app_end ] --START--
INFO: Run Behavior\ShowPageTraceBehavior [ RunTime:0.001210s ]
INFO: [ app_end ] --END-- [ RunTime:0.001312s ]

[ 2016-04-20T22:25:48+08:00 ] ::1 /things/index/index.html
INFO: [ app_init ] --START--
INFO: Run Behavior\BuildLiteBehavior [ RunTime:0.000055s ]
INFO: [ app_init ] --END-- [ RunTime:0.001587s ]
INFO: [ app_begin ] --START--
INFO: Run Behavior\ReadHtmlCacheBehavior [ RunTime:0.002038s ]
INFO: [ app_begin ] --END-- [ RunTime:0.002325s ]
INFO: [ view_parse ] --START--
INFO: [ template_filter ] --START--
INFO: Run Behavior\ContentReplaceBehavior [ RunTime:0.000139s ]
INFO: [ template_filter ] --END-- [ RunTime:0.000382s ]
INFO: Run Behavior\ParseTemplateBehavior [ RunTime:0.020695s ]
INFO: [ view_parse ] --END-- [ RunTime:0.020933s ]
INFO: [ view_filter ] --START--
INFO: Run Behavior\WriteHtmlCacheBehavior [ RunTime:0.001381s ]
INFO: [ view_filter ] --END-- [ RunTime:0.001582s ]
INFO: [ app_end ] --START--
INFO: Run Behavior\ShowPageTraceBehavior [ RunTime:0.002069s ]
INFO: [ app_end ] --END-- [ RunTime:0.002297s ]

[ 2016-04-20T22:25:54+08:00 ] ::1 /things/index/index.html
INFO: [ app_init ] --START--
INFO: Run Behavior\BuildLiteBehavior [ RunTime:0.000029s ]
INFO: [ app_init ] --END-- [ RunTime:0.000856s ]
INFO: [ app_begin ] --START--
INFO: Run Behavior\ReadHtmlCacheBehavior [ RunTime:0.001073s ]
INFO: [ app_begin ] --END-- [ RunTime:0.001257s ]
INFO: [ view_parse ] --START--
INFO: [ template_filter ] --START--
INFO: Run Behavior\ContentReplaceBehavior [ RunTime:0.000073s ]
INFO: [ template_filter ] --END-- [ RunTime:0.000229s ]
INFO: Run Behavior\ParseTemplateBehavior [ RunTime:0.010731s ]
INFO: [ view_parse ] --END-- [ RunTime:0.010894s ]
INFO: [ view_filter ] --START--
INFO: Run Behavior\WriteHtmlCacheBehavior [ RunTime:0.000880s ]
INFO: [ view_filter ] --END-- [ RunTime:0.001049s ]
INFO: [ app_end ] --START--
INFO: Run Behavior\ShowPageTraceBehavior [ RunTime:0.001147s ]
INFO: [ app_end ] --END-- [ RunTime:0.001279s ]

[ 2016-04-20T22:25:59+08:00 ] ::1 /things/IndexJson/index
INFO: [ app_init ] --START--
INFO: Run Behavior\BuildLiteBehavior [ RunTime:0.000067s ]
INFO: [ app_init ] --END-- [ RunTime:0.000985s ]
INFO: [ app_begin ] --START--
INFO: Run Behavior\ReadHtmlCacheBehavior [ RunTime:0.001059s ]
INFO: [ app_begin ] --END-- [ RunTime:0.001184s ]
SQL: SHOW COLUMNS FROM `things_message` [ RunTime:0.0038s ]
SQL: SELECT COUNT(*) AS tp_count FROM `things_message` WHERE ( action="失物" ) LIMIT 1   [ RunTime:0.0004s ]
SQL: SELECT * FROM `things_message` WHERE ( action="失物" ) ORDER BY id desc LIMIT 0,2   [ RunTime:0.0004s ]
SQL: SHOW COLUMNS FROM `things_user` [ RunTime:0.0040s ]
SQL: SELECT `name` FROM `things_user` WHERE ( username="admin" ) LIMIT 1   [ RunTime:0.0004s ]
SQL: SELECT `picture` FROM `things_user` WHERE ( username="admin" ) LIMIT 1   [ RunTime:0.0003s ]
SQL: SELECT `name` FROM `things_user` WHERE ( username="admin" ) LIMIT 1   [ RunTime:0.0003s ]
SQL: SELECT `picture` FROM `things_user` WHERE ( username="admin" ) LIMIT 1   [ RunTime:0.0003s ]
INFO: [ app_end ] --START--
INFO: Run Behavior\ShowPageTraceBehavior [ RunTime:0.001101s ]
INFO: [ app_end ] --END-- [ RunTime:0.001202s ]

[ 2016-04-20T22:26:08+08:00 ] ::1 /things/IndexJson/index
INFO: [ app_init ] --START--
INFO: Run Behavior\BuildLiteBehavior [ RunTime:0.000029s ]
INFO: [ app_init ] --END-- [ RunTime:0.000724s ]
INFO: [ app_begin ] --START--
INFO: Run Behavior\ReadHtmlCacheBehavior [ RunTime:0.001030s ]
INFO: [ app_begin ] --END-- [ RunTime:0.001136s ]
SQL: SHOW COLUMNS FROM `things_message` [ RunTime:0.0038s ]
SQL: SELECT COUNT(*) AS tp_count FROM `things_message` WHERE ( action="招领" ) LIMIT 1   [ RunTime:0.0004s ]
SQL: SELECT * FROM `things_message` WHERE ( action="招领" ) ORDER BY id desc LIMIT 0,2   [ RunTime:0.0003s ]
SQL: SHOW COLUMNS FROM `things_user` [ RunTime:0.0037s ]
SQL: SELECT `name` FROM `things_user` WHERE ( username="biao" ) LIMIT 1   [ RunTime:0.0004s ]
SQL: SELECT `picture` FROM `things_user` WHERE ( username="biao" ) LIMIT 1   [ RunTime:0.0003s ]
SQL: SELECT `name` FROM `things_user` WHERE ( username="biao" ) LIMIT 1   [ RunTime:0.0003s ]
SQL: SELECT `picture` FROM `things_user` WHERE ( username="biao" ) LIMIT 1   [ RunTime:0.0003s ]
INFO: [ app_end ] --START--
INFO: Run Behavior\ShowPageTraceBehavior [ RunTime:0.001169s ]
INFO: [ app_end ] --END-- [ RunTime:0.001274s ]

[ 2016-04-20T22:26:15+08:00 ] ::1 /things/IndexJson/index
INFO: [ app_init ] --START--
INFO: Run Behavior\BuildLiteBehavior [ RunTime:0.000028s ]
INFO: [ app_init ] --END-- [ RunTime:0.000854s ]
INFO: [ app_begin ] --START--
INFO: Run Behavior\ReadHtmlCacheBehavior [ RunTime:0.001042s ]
INFO: [ app_begin ] --END-- [ RunTime:0.001149s ]
SQL: SHOW COLUMNS FROM `things_message` [ RunTime:0.0039s ]
SQL: SELECT COUNT(*) AS tp_count FROM `things_message` WHERE ( action="招领" ) LIMIT 1   [ RunTime:0.0004s ]
SQL: SELECT * FROM `things_message` WHERE ( action="招领" ) ORDER BY id desc LIMIT 0,8   [ RunTime:0.0005s ]
SQL: SHOW COLUMNS FROM `things_user` [ RunTime:0.0041s ]
SQL: SELECT `name` FROM `things_user` WHERE ( username="biao" ) LIMIT 1   [ RunTime:0.0004s ]
SQL: SELECT `picture` FROM `things_user` WHERE ( username="biao" ) LIMIT 1   [ RunTime:0.0003s ]
SQL: SELECT `name` FROM `things_user` WHERE ( username="biao" ) LIMIT 1   [ RunTime:0.0003s ]
SQL: SELECT `picture` FROM `things_user` WHERE ( username="biao" ) LIMIT 1   [ RunTime:0.0003s ]
SQL: SELECT `name` FROM `things_user` WHERE ( username="admin" ) LIMIT 1   [ RunTime:0.0003s ]
SQL: SELECT `picture` FROM `things_user` WHERE ( username="admin" ) LIMIT 1   [ RunTime:0.0003s ]
SQL: SELECT `name` FROM `things_user` WHERE ( username="biao" ) LIMIT 1   [ RunTime:0.0003s ]
SQL: SELECT `picture` FROM `things_user` WHERE ( username="biao" ) LIMIT 1   [ RunTime:0.0003s ]
SQL: SELECT `name` FROM `things_user` WHERE ( username="biao" ) LIMIT 1   [ RunTime:0.0003s ]
SQL: SELECT `picture` FROM `things_user` WHERE ( username="biao" ) LIMIT 1   [ RunTime:0.0003s ]
SQL: SELECT `name` FROM `things_user` WHERE ( username="admin" ) LIMIT 1   [ RunTime:0.0003s ]
SQL: SELECT `picture` FROM `things_user` WHERE ( username="admin" ) LIMIT 1   [ RunTime:0.0003s ]
SQL: SELECT `name` FROM `things_user` WHERE ( username="admin" ) LIMIT 1   [ RunTime:0.0003s ]
SQL: SELECT `picture` FROM `things_user` WHERE ( username="admin" ) LIMIT 1   [ RunTime:0.0003s ]
INFO: [ app_end ] --START--
INFO: Run Behavior\ShowPageTraceBehavior [ RunTime:0.001238s ]
INFO: [ app_end ] --END-- [ RunTime:0.001341s ]

[ 2016-04-20T22:31:02+08:00 ] ::1 /things/index/index.html
INFO: [ app_init ] --START--
INFO: Run Behavior\BuildLiteBehavior [ RunTime:0.000059s ]
INFO: [ app_init ] --END-- [ RunTime:0.001478s ]
INFO: [ app_begin ] --START--
INFO: Run Behavior\ReadHtmlCacheBehavior [ RunTime:0.002440s ]
INFO: [ app_begin ] --END-- [ RunTime:0.002740s ]
INFO: [ view_parse ] --START--
INFO: [ template_filter ] --START--
INFO: Run Behavior\ContentReplaceBehavior [ RunTime:0.000220s ]
INFO: [ template_filter ] --END-- [ RunTime:0.000595s ]
INFO: Run Behavior\ParseTemplateBehavior [ RunTime:0.021057s ]
INFO: [ view_parse ] --END-- [ RunTime:0.021537s ]
INFO: [ view_filter ] --START--
INFO: Run Behavior\WriteHtmlCacheBehavior [ RunTime:0.002056s ]
INFO: [ view_filter ] --END-- [ RunTime:0.002354s ]
INFO: [ app_end ] --START--
INFO: Run Behavior\ShowPageTraceBehavior [ RunTime:0.002078s ]
INFO: [ app_end ] --END-- [ RunTime:0.002364s ]

[ 2016-04-20T22:31:11+08:00 ] ::1 /things/index/index.html
INFO: [ app_init ] --START--
INFO: Run Behavior\BuildLiteBehavior [ RunTime:0.000062s ]
INFO: [ app_init ] --END-- [ RunTime:0.001562s ]
INFO: [ app_begin ] --START--
INFO: Run Behavior\ReadHtmlCacheBehavior [ RunTime:0.001977s ]
INFO: [ app_begin ] --END-- [ RunTime:0.002257s ]
INFO: [ view_parse ] --START--
INFO: [ template_filter ] --START--
INFO: Run Behavior\ContentReplaceBehavior [ RunTime:0.000235s ]
INFO: [ template_filter ] --END-- [ RunTime:0.000544s ]
INFO: Run Behavior\ParseTemplateBehavior [ RunTime:0.020396s ]
INFO: [ view_parse ] --END-- [ RunTime:0.020636s ]
INFO: [ view_filter ] --START--
INFO: Run Behavior\WriteHtmlCacheBehavior [ RunTime:0.001288s ]
INFO: [ view_filter ] --END-- [ RunTime:0.001484s ]
INFO: [ app_end ] --START--
INFO: Run Behavior\ShowPageTraceBehavior [ RunTime:0.001914s ]
INFO: [ app_end ] --END-- [ RunTime:0.002135s ]

[ 2016-04-20T22:31:13+08:00 ] ::1 /things/index/index.html
INFO: [ app_init ] --START--
INFO: Run Behavior\BuildLiteBehavior [ RunTime:0.000055s ]
INFO: [ app_init ] --END-- [ RunTime:0.001708s ]
INFO: [ app_begin ] --START--
INFO: Run Behavior\ReadHtmlCacheBehavior [ RunTime:0.002493s ]
INFO: [ app_begin ] --END-- [ RunTime:0.002790s ]
INFO: [ view_parse ] --START--
INFO: [ template_filter ] --START--
INFO: Run Behavior\ContentReplaceBehavior [ RunTime:0.000298s ]
INFO: [ template_filter ] --END-- [ RunTime:0.000675s ]
INFO: Run Behavior\ParseTemplateBehavior [ RunTime:0.021155s ]
INFO: [ view_parse ] --END-- [ RunTime:0.021390s ]
INFO: [ view_filter ] --START--
INFO: Run Behavior\WriteHtmlCacheBehavior [ RunTime:0.001548s ]
INFO: [ view_filter ] --END-- [ RunTime:0.001780s ]
INFO: [ app_end ] --START--
INFO: Run Behavior\ShowPageTraceBehavior [ RunTime:0.002150s ]
INFO: [ app_end ] --END-- [ RunTime:0.002439s ]

[ 2016-04-20T22:31:14+08:00 ] ::1 /things/index/index.html
INFO: [ app_init ] --START--
INFO: Run Behavior\BuildLiteBehavior [ RunTime:0.000055s ]
INFO: [ app_init ] --END-- [ RunTime:0.001548s ]
INFO: [ app_begin ] --START--
INFO: Run Behavior\ReadHtmlCacheBehavior [ RunTime:0.001986s ]
INFO: [ app_begin ] --END-- [ RunTime:0.002235s ]
INFO: [ view_parse ] --START--
INFO: [ template_filter ] --START--
INFO: Run Behavior\ContentReplaceBehavior [ RunTime:0.000143s ]
INFO: [ template_filter ] --END-- [ RunTime:0.000400s ]
INFO: Run Behavior\ParseTemplateBehavior [ RunTime:0.020641s ]
INFO: [ view_parse ] --END-- [ RunTime:0.020881s ]
INFO: [ view_filter ] --START--
INFO: Run Behavior\WriteHtmlCacheBehavior [ RunTime:0.001433s ]
INFO: [ view_filter ] --END-- [ RunTime:0.001729s ]
INFO: [ app_end ] --START--
INFO: Run Behavior\ShowPageTraceBehavior [ RunTime:0.002040s ]
INFO: [ app_end ] --END-- [ RunTime:0.002270s ]

[ 2016-04-20T22:31:16+08:00 ] ::1 /things/index/index.html
INFO: [ app_init ] --START--
INFO: Run Behavior\BuildLiteBehavior [ RunTime:0.000029s ]
INFO: [ app_init ] --END-- [ RunTime:0.000743s ]
INFO: [ app_begin ] --START--
INFO: Run Behavior\ReadHtmlCacheBehavior [ RunTime:0.000993s ]
INFO: [ app_begin ] --END-- [ RunTime:0.001134s ]
INFO: [ view_parse ] --START--
INFO: [ template_filter ] --START--
INFO: Run Behavior\ContentReplaceBehavior [ RunTime:0.000073s ]
INFO: [ template_filter ] --END-- [ RunTime:0.000194s ]
INFO: Run Behavior\ParseTemplateBehavior [ RunTime:0.009858s ]
INFO: [ view_parse ] --END-- [ RunTime:0.010008s ]
INFO: [ view_filter ] --START--
INFO: Run Behavior\WriteHtmlCacheBehavior [ RunTime:0.000729s ]
INFO: [ view_filter ] --END-- [ RunTime:0.000848s ]
INFO: [ app_end ] --START--
INFO: Run Behavior\ShowPageTraceBehavior [ RunTime:0.001067s ]
INFO: [ app_end ] --END-- [ RunTime:0.001182s ]

[ 2016-04-20T22:31:20+08:00 ] ::1 /things/index/index2.html
INFO: [ app_init ] --START--
INFO: Run Behavior\BuildLiteBehavior [ RunTime:0.000028s ]
INFO: [ app_init ] --END-- [ RunTime:0.000781s ]
INFO: [ app_begin ] --START--
INFO: Run Behavior\ReadHtmlCacheBehavior [ RunTime:0.001049s ]
INFO: [ app_begin ] --END-- [ RunTime:0.001184s ]
ERR: 模板不存在:./things/Home/View/Index/index2.html

[ 2016-04-20T22:31:35+08:00 ] ::1 /things/index/index2.html
INFO: [ app_init ] --START--
INFO: Run Behavior\BuildLiteBehavior [ RunTime:0.000213s ]
INFO: [ app_init ] --END-- [ RunTime:0.001872s ]
INFO: [ app_begin ] --START--
INFO: Run Behavior\ReadHtmlCacheBehavior [ RunTime:0.001873s ]
INFO: [ app_begin ] --END-- [ RunTime:0.002110s ]
INFO: [ view_parse ] --START--
INFO: [ template_filter ] --START--
INFO: Run Behavior\ContentReplaceBehavior [ RunTime:0.000152s ]
INFO: [ template_filter ] --END-- [ RunTime:0.000406s ]
INFO: Run Behavior\ParseTemplateBehavior [ RunTime:0.020291s ]
INFO: [ view_parse ] --END-- [ RunTime:0.020662s ]
INFO: [ view_filter ] --START--
INFO: Run Behavior\WriteHtmlCacheBehavior [ RunTime:0.001489s ]
INFO: [ view_filter ] --END-- [ RunTime:0.002134s ]
INFO: [ app_end ] --START--
INFO: Run Behavior\ShowPageTraceBehavior [ RunTime:0.002080s ]
INFO: [ app_end ] --END-- [ RunTime:0.002291s ]

[ 2016-04-20T22:31:38+08:00 ] ::1 /things/index/index.html
INFO: [ app_init ] --START--
INFO: Run Behavior\BuildLiteBehavior [ RunTime:0.000029s ]
INFO: [ app_init ] --END-- [ RunTime:0.000698s ]
INFO: [ app_begin ] --START--
INFO: Run Behavior\ReadHtmlCacheBehavior [ RunTime:0.001180s ]
INFO: [ app_begin ] --END-- [ RunTime:0.001431s ]
ERR: 非法操作:index

[ 2016-04-20T22:35:00+08:00 ] ::1 /things/index/index2.html
INFO: [ app_init ] --START--
INFO: Run Behavior\BuildLiteBehavior [ RunTime:0.000047s ]
INFO: [ app_init ] --END-- [ RunTime:0.001780s ]
INFO: [ app_begin ] --START--
INFO: Run Behavior\ReadHtmlCacheBehavior [ RunTime:0.001256s ]
INFO: [ app_begin ] --END-- [ RunTime:0.001407s ]
ERR: 非法操作:index2

[ 2016-04-20T22:35:05+08:00 ] ::1 /things/index/index.html
INFO: [ app_init ] --START--
INFO: Run Behavior\BuildLiteBehavior [ RunTime:0.000030s ]
INFO: [ app_init ] --END-- [ RunTime:0.001061s ]
INFO: [ app_begin ] --START--
INFO: Run Behavior\ReadHtmlCacheBehavior [ RunTime:0.001076s ]
INFO: [ app_begin ] --END-- [ RunTime:0.001190s ]
INFO: [ view_parse ] --START--
INFO: [ template_filter ] --START--
INFO: Run Behavior\ContentReplaceBehavior [ RunTime:0.000135s ]
INFO: [ template_filter ] --END-- [ RunTime:0.000294s ]
INFO: Run Behavior\ParseTemplateBehavior [ RunTime:0.010581s ]
INFO: [ view_parse ] --END-- [ RunTime:0.010725s ]
INFO: [ view_filter ] --START--
INFO: Run Behavior\WriteHtmlCacheBehavior [ RunTime:0.000738s ]
INFO: [ view_filter ] --END-- [ RunTime:0.000849s ]
INFO: [ app_end ] --START--
INFO: Run Behavior\ShowPageTraceBehavior [ RunTime:0.001061s ]
INFO: [ app_end ] --END-- [ RunTime:0.001197s ]

[ 2016-04-20T22:37:29+08:00 ] ::1 /things/index/index.html
INFO: [ app_init ] --START--
INFO: Run Behavior\BuildLiteBehavior [ RunTime:0.000041s ]
INFO: [ app_init ] --END-- [ RunTime:0.001035s ]
INFO: [ app_begin ] --START--
INFO: Run Behavior\ReadHtmlCacheBehavior [ RunTime:0.001395s ]
INFO: [ app_begin ] --END-- [ RunTime:0.001553s ]
INFO: [ view_parse ] --START--
INFO: [ template_filter ] --START--
INFO: Run Behavior\ContentReplaceBehavior [ RunTime:0.000126s ]
INFO: [ template_filter ] --END-- [ RunTime:0.000369s ]
INFO: Run Behavior\ParseTemplateBehavior [ RunTime:0.012957s ]
INFO: [ view_parse ] --END-- [ RunTime:0.013119s ]
INFO: [ view_filter ] --START--
INFO: Run Behavior\WriteHtmlCacheBehavior [ RunTime:0.000873s ]
INFO: [ view_filter ] --END-- [ RunTime:0.001009s ]
INFO: [ app_end ] --START--
INFO: Run Behavior\ShowPageTraceBehavior [ RunTime:0.001531s ]
INFO: [ app_end ] --END-- [ RunTime:0.001706s ]

[ 2016-04-20T22:38:06+08:00 ] ::1 /things/IndexJson/index
INFO: [ app_init ] --START--
INFO: Run Behavior\BuildLiteBehavior [ RunTime:0.000028s ]
INFO: [ app_init ] --END-- [ RunTime:0.000880s ]
INFO: [ app_begin ] --START--
INFO: Run Behavior\ReadHtmlCacheBehavior [ RunTime:0.001257s ]
INFO: [ app_begin ] --END-- [ RunTime:0.001405s ]
SQL: SHOW COLUMNS FROM `things_message` [ RunTime:0.0093s ]
SQL: SELECT COUNT(*) AS tp_count FROM `things_message` WHERE ( action="招领" ) LIMIT 1   [ RunTime:0.0007s ]
SQL: SELECT * FROM `things_message` WHERE ( action="招领" ) ORDER BY id desc  [ RunTime:0.0010s ]
SQL: SHOW COLUMNS FROM `things_user` [ RunTime:0.0061s ]
SQL: SELECT `name` FROM `things_user` WHERE ( username="biao" ) LIMIT 1   [ RunTime:0.0003s ]
SQL: SELECT `picture` FROM `things_user` WHERE ( username="biao" ) LIMIT 1   [ RunTime:0.0003s ]
SQL: SELECT `name` FROM `things_user` WHERE ( username="biao" ) LIMIT 1   [ RunTime:0.0002s ]
SQL: SELECT `picture` FROM `things_user` WHERE ( username="biao" ) LIMIT 1   [ RunTime:0.0005s ]
SQL: SELECT `name` FROM `things_user` WHERE ( username="admin" ) LIMIT 1   [ RunTime:0.0004s ]
SQL: SELECT `picture` FROM `things_user` WHERE ( username="admin" ) LIMIT 1   [ RunTime:0.0004s ]
SQL: SELECT `name` FROM `things_user` WHERE ( username="biao" ) LIMIT 1   [ RunTime:0.0003s ]
SQL: SELECT `picture` FROM `things_user` WHERE ( username="biao" ) LIMIT 1   [ RunTime:0.0003s ]
SQL: SELECT `name` FROM `things_user` WHERE ( username="biao" ) LIMIT 1   [ RunTime:0.0003s ]
SQL: SELECT `picture` FROM `things_user` WHERE ( username="biao" ) LIMIT 1   [ RunTime:0.0003s ]
SQL: SELECT `name` FROM `things_user` WHERE ( username="admin" ) LIMIT 1   [ RunTime:0.0002s ]
SQL: SELECT `picture` FROM `things_user` WHERE ( username="admin" ) LIMIT 1   [ RunTime:0.0003s ]
SQL: SELECT `name` FROM `things_user` WHERE ( username="admin" ) LIMIT 1   [ RunTime:0.0003s ]
SQL: SELECT `picture` FROM `things_user` WHERE ( username="admin" ) LIMIT 1   [ RunTime:0.0002s ]
INFO: [ app_end ] --START--
INFO: Run Behavior\ShowPageTraceBehavior [ RunTime:0.001216s ]
INFO: [ app_end ] --END-- [ RunTime:0.001324s ]

[ 2016-04-20T22:38:19+08:00 ] ::1 /things/IndexJson/index
INFO: [ app_init ] --START--
INFO: Run Behavior\BuildLiteBehavior [ RunTime:0.000028s ]
INFO: [ app_init ] --END-- [ RunTime:0.000798s ]
INFO: [ app_begin ] --START--
INFO: Run Behavior\ReadHtmlCacheBehavior [ RunTime:0.001003s ]
INFO: [ app_begin ] --END-- [ RunTime:0.001114s ]
SQL: SHOW COLUMNS FROM `things_message` [ RunTime:0.0041s ]
SQL: SELECT COUNT(*) AS tp_count FROM `things_message` WHERE ( action="招领" ) LIMIT 1   [ RunTime:0.0004s ]
ERR: 1064:You have an error in your SQL syntax; check the manual that corresponds to your MySQL server version for the right syntax to use near '-3,3' at line 1
 [ SQL语句 ] : SELECT * FROM `things_message` WHERE ( action="招领" ) ORDER BY id desc LIMIT -3,3  
ERR: 1064:You have an error in your SQL syntax; check the manual that corresponds to your MySQL server version for the right syntax to use near '-3,3' at line 1
 [ SQL语句 ] : SELECT * FROM `things_message` WHERE ( action="招领" ) ORDER BY id desc LIMIT -3,3  

[ 2016-04-20T22:38:24+08:00 ] ::1 /things/IndexJson/index
INFO: [ app_init ] --START--
INFO: Run Behavior\BuildLiteBehavior [ RunTime:0.000027s ]
INFO: [ app_init ] --END-- [ RunTime:0.000763s ]
INFO: [ app_begin ] --START--
INFO: Run Behavior\ReadHtmlCacheBehavior [ RunTime:0.000998s ]
INFO: [ app_begin ] --END-- [ RunTime:0.001100s ]
SQL: SHOW COLUMNS FROM `things_message` [ RunTime:0.0045s ]
SQL: SELECT COUNT(*) AS tp_count FROM `things_message` WHERE ( action="招领" ) LIMIT 1   [ RunTime:0.0004s ]
SQL: SELECT * FROM `things_message` WHERE ( action="招领" ) ORDER BY id desc LIMIT 3,3   [ RunTime:0.0004s ]
SQL: SHOW COLUMNS FROM `things_user` [ RunTime:0.0038s ]
SQL: SELECT `name` FROM `things_user` WHERE ( username="biao" ) LIMIT 1   [ RunTime:0.0004s ]
SQL: SELECT `picture` FROM `things_user` WHERE ( username="biao" ) LIMIT 1   [ RunTime:0.0003s ]
SQL: SELECT `name` FROM `things_user` WHERE ( username="biao" ) LIMIT 1   [ RunTime:0.0003s ]
SQL: SELECT `picture` FROM `things_user` WHERE ( username="biao" ) LIMIT 1   [ RunTime:0.0003s ]
SQL: SELECT `name` FROM `things_user` WHERE ( username="admin" ) LIMIT 1   [ RunTime:0.0003s ]
SQL: SELECT `picture` FROM `things_user` WHERE ( username="admin" ) LIMIT 1   [ RunTime:0.0003s ]
INFO: [ app_end ] --START--
INFO: Run Behavior\ShowPageTraceBehavior [ RunTime:0.001183s ]
INFO: [ app_end ] --END-- [ RunTime:0.001282s ]

[ 2016-04-20T22:38:40+08:00 ] ::1 /things/IndexJson/index
INFO: [ app_init ] --START--
INFO: Run Behavior\BuildLiteBehavior [ RunTime:0.000027s ]
INFO: [ app_init ] --END-- [ RunTime:0.000798s ]
INFO: [ app_begin ] --START--
INFO: Run Behavior\ReadHtmlCacheBehavior [ RunTime:0.001285s ]
INFO: [ app_begin ] --END-- [ RunTime:0.001390s ]
SQL: SHOW COLUMNS FROM `things_message` [ RunTime:0.0039s ]
SQL: SELECT COUNT(*) AS tp_count FROM `things_message` WHERE ( action="招领" ) LIMIT 1   [ RunTime:0.0004s ]
SQL: SELECT * FROM `things_message` WHERE ( action="招领" ) ORDER BY id desc LIMIT 0,3   [ RunTime:0.0003s ]
SQL: SHOW COLUMNS FROM `things_user` [ RunTime:0.0038s ]
SQL: SELECT `name` FROM `things_user` WHERE ( username="biao" ) LIMIT 1   [ RunTime:0.0004s ]
SQL: SELECT `picture` FROM `things_user` WHERE ( username="biao" ) LIMIT 1   [ RunTime:0.0003s ]
SQL: SELECT `name` FROM `things_user` WHERE ( username="biao" ) LIMIT 1   [ RunTime:0.0003s ]
SQL: SELECT `picture` FROM `things_user` WHERE ( username="biao" ) LIMIT 1   [ RunTime:0.0003s ]
SQL: SELECT `name` FROM `things_user` WHERE ( username="admin" ) LIMIT 1   [ RunTime:0.0003s ]
SQL: SELECT `picture` FROM `things_user` WHERE ( username="admin" ) LIMIT 1   [ RunTime:0.0003s ]
INFO: [ app_end ] --START--
INFO: Run Behavior\ShowPageTraceBehavior [ RunTime:0.001394s ]
INFO: [ app_end ] --END-- [ RunTime:0.001494s ]

[ 2016-04-20T22:38:46+08:00 ] ::1 /things/IndexJson/index
INFO: [ app_init ] --START--
INFO: Run Behavior\BuildLiteBehavior [ RunTime:0.000029s ]
INFO: [ app_init ] --END-- [ RunTime:0.000968s ]
INFO: [ app_begin ] --START--
INFO: Run Behavior\ReadHtmlCacheBehavior [ RunTime:0.001108s ]
INFO: [ app_begin ] --END-- [ RunTime:0.001249s ]
SQL: SHOW COLUMNS FROM `things_message` [ RunTime:0.0040s ]
SQL: SELECT COUNT(*) AS tp_count FROM `things_message` WHERE ( action="招领" ) LIMIT 1   [ RunTime:0.0004s ]
SQL: SELECT * FROM `things_message` WHERE ( action="招领" ) ORDER BY id desc LIMIT 3,3   [ RunTime:0.0004s ]
SQL: SHOW COLUMNS FROM `things_user` [ RunTime:0.0043s ]
SQL: SELECT `name` FROM `things_user` WHERE ( username="biao" ) LIMIT 1   [ RunTime:0.0004s ]
SQL: SELECT `picture` FROM `things_user` WHERE ( username="biao" ) LIMIT 1   [ RunTime:0.0003s ]
SQL: SELECT `name` FROM `things_user` WHERE ( username="biao" ) LIMIT 1   [ RunTime:0.0003s ]
SQL: SELECT `picture` FROM `things_user` WHERE ( username="biao" ) LIMIT 1   [ RunTime:0.0003s ]
SQL: SELECT `name` FROM `things_user` WHERE ( username="admin" ) LIMIT 1   [ RunTime:0.0003s ]
SQL: SELECT `picture` FROM `things_user` WHERE ( username="admin" ) LIMIT 1   [ RunTime:0.0003s ]
INFO: [ app_end ] --START--
INFO: Run Behavior\ShowPageTraceBehavior [ RunTime:0.001402s ]
INFO: [ app_end ] --END-- [ RunTime:0.001511s ]

[ 2016-04-20T22:38:51+08:00 ] ::1 /things/IndexJson/index
INFO: [ app_init ] --START--
INFO: Run Behavior\BuildLiteBehavior [ RunTime:0.000029s ]
INFO: [ app_init ] --END-- [ RunTime:0.000844s ]
INFO: [ app_begin ] --START--
INFO: Run Behavior\ReadHtmlCacheBehavior [ RunTime:0.001127s ]
INFO: [ app_begin ] --END-- [ RunTime:0.001263s ]
SQL: SHOW COLUMNS FROM `things_message` [ RunTime:0.0039s ]
SQL: SELECT COUNT(*) AS tp_count FROM `things_message` WHERE ( action="招领" ) LIMIT 1   [ RunTime:0.0004s ]
ERR: 1064:You have an error in your SQL syntax; check the manual that corresponds to your MySQL server version for the right syntax to use near '-3,3' at line 1
 [ SQL语句 ] : SELECT * FROM `things_message` WHERE ( action="招领" ) ORDER BY id desc LIMIT -3,3  
ERR: 1064:You have an error in your SQL syntax; check the manual that corresponds to your MySQL server version for the right syntax to use near '-3,3' at line 1
 [ SQL语句 ] : SELECT * FROM `things_message` WHERE ( action="招领" ) ORDER BY id desc LIMIT -3,3  

[ 2016-04-20T22:39:49+08:00 ] ::1 /things/IndexJson/index
INFO: [ app_init ] --START--
INFO: Run Behavior\BuildLiteBehavior [ RunTime:0.000058s ]
INFO: [ app_init ] --END-- [ RunTime:0.000841s ]
INFO: [ app_begin ] --START--
INFO: Run Behavior\ReadHtmlCacheBehavior [ RunTime:0.001069s ]
INFO: [ app_begin ] --END-- [ RunTime:0.001179s ]
SQL: SHOW COLUMNS FROM `things_message` [ RunTime:0.0040s ]
SQL: SELECT COUNT(*) AS tp_count FROM `things_message` WHERE ( action="招领" ) LIMIT 1   [ RunTime:0.0004s ]
ERR: 1064:You have an error in your SQL syntax; check the manual that corresponds to your MySQL server version for the right syntax to use near '-3,3' at line 1
 [ SQL语句 ] : SELECT * FROM `things_message` WHERE ( action="招领" ) ORDER BY id desc LIMIT -3,3  
ERR: 1064:You have an error in your SQL syntax; check the manual that corresponds to your MySQL server version for the right syntax to use near '-3,3' at line 1
 [ SQL语句 ] : SELECT * FROM `things_message` WHERE ( action="招领" ) ORDER BY id desc LIMIT -3,3  

[ 2016-04-20T22:40:12+08:00 ] ::1 /things/IndexJson/index
INFO: [ app_init ] --START--
INFO: Run Behavior\BuildLiteBehavior [ RunTime:0.000027s ]
INFO: [ app_init ] --END-- [ RunTime:0.000788s ]
INFO: [ app_begin ] --START--
INFO: Run Behavior\ReadHtmlCacheBehavior [ RunTime:0.001126s ]
INFO: [ app_begin ] --END-- [ RunTime:0.001315s ]
SQL: SHOW COLUMNS FROM `things_message` [ RunTime:0.0045s ]
SQL: SELECT COUNT(*) AS tp_count FROM `things_message` WHERE ( action="招领" ) LIMIT 1   [ RunTime:0.0004s ]
SQL: SELECT * FROM `things_message` WHERE ( action="招领" ) ORDER BY id desc  [ RunTime:0.0004s ]
SQL: SHOW COLUMNS FROM `things_user` [ RunTime:0.0039s ]
SQL: SELECT `name` FROM `things_user` WHERE ( username="biao" ) LIMIT 1   [ RunTime:0.0004s ]
SQL: SELECT `picture` FROM `things_user` WHERE ( username="biao" ) LIMIT 1   [ RunTime:0.0003s ]
SQL: SELECT `name` FROM `things_user` WHERE ( username="biao" ) LIMIT 1   [ RunTime:0.0003s ]
SQL: SELECT `picture` FROM `things_user` WHERE ( username="biao" ) LIMIT 1   [ RunTime:0.0003s ]
SQL: SELECT `name` FROM `things_user` WHERE ( username="admin" ) LIMIT 1   [ RunTime:0.0003s ]
SQL: SELECT `picture` FROM `things_user` WHERE ( username="admin" ) LIMIT 1   [ RunTime:0.0003s ]
SQL: SELECT `name` FROM `things_user` WHERE ( username="biao" ) LIMIT 1   [ RunTime:0.0003s ]
SQL: SELECT `picture` FROM `things_user` WHERE ( username="biao" ) LIMIT 1   [ RunTime:0.0003s ]
SQL: SELECT `name` FROM `things_user` WHERE ( username="biao" ) LIMIT 1   [ RunTime:0.0003s ]
SQL: SELECT `picture` FROM `things_user` WHERE ( username="biao" ) LIMIT 1   [ RunTime:0.0003s ]
SQL: SELECT `name` FROM `things_user` WHERE ( username="admin" ) LIMIT 1   [ RunTime:0.0003s ]
SQL: SELECT `picture` FROM `things_user` WHERE ( username="admin" ) LIMIT 1   [ RunTime:0.0003s ]
SQL: SELECT `name` FROM `things_user` WHERE ( username="admin" ) LIMIT 1   [ RunTime:0.0003s ]
SQL: SELECT `picture` FROM `things_user` WHERE ( username="admin" ) LIMIT 1   [ RunTime:0.0003s ]
INFO: [ app_end ] --START--
INFO: Run Behavior\ShowPageTraceBehavior [ RunTime:0.001161s ]
INFO: [ app_end ] --END-- [ RunTime:0.001261s ]

[ 2016-04-20T22:40:19+08:00 ] ::1 /things/IndexJson/index
INFO: [ app_init ] --START--
INFO: Run Behavior\BuildLiteBehavior [ RunTime:0.000028s ]
INFO: [ app_init ] --END-- [ RunTime:0.000804s ]
INFO: [ app_begin ] --START--
INFO: Run Behavior\ReadHtmlCacheBehavior [ RunTime:0.001005s ]
INFO: [ app_begin ] --END-- [ RunTime:0.001123s ]
SQL: SHOW COLUMNS FROM `things_message` [ RunTime:0.0041s ]
SQL: SELECT COUNT(*) AS tp_count FROM `things_message` WHERE ( action="招领" ) LIMIT 1   [ RunTime:0.0004s ]
ERR: 1064:You have an error in your SQL syntax; check the manual that corresponds to your MySQL server version for the right syntax to use near '-2,2' at line 1
 [ SQL语句 ] : SELECT * FROM `things_message` WHERE ( action="招领" ) ORDER BY id desc LIMIT -2,2  
ERR: 1064:You have an error in your SQL syntax; check the manual that corresponds to your MySQL server version for the right syntax to use near '-2,2' at line 1
 [ SQL语句 ] : SELECT * FROM `things_message` WHERE ( action="招领" ) ORDER BY id desc LIMIT -2,2  

[ 2016-04-20T22:41:03+08:00 ] ::1 /things/index/index.html
INFO: [ app_init ] --START--
INFO: Run Behavior\BuildLiteBehavior [ RunTime:0.000027s ]
INFO: [ app_init ] --END-- [ RunTime:0.000766s ]
INFO: [ app_begin ] --START--
INFO: Run Behavior\ReadHtmlCacheBehavior [ RunTime:0.001163s ]
INFO: [ app_begin ] --END-- [ RunTime:0.001305s ]
INFO: [ view_parse ] --START--
INFO: [ template_filter ] --START--
INFO: Run Behavior\ContentReplaceBehavior [ RunTime:0.000073s ]
INFO: [ template_filter ] --END-- [ RunTime:0.000190s ]
INFO: Run Behavior\ParseTemplateBehavior [ RunTime:0.009163s ]
INFO: [ view_parse ] --END-- [ RunTime:0.009288s ]
INFO: [ view_filter ] --START--
INFO: Run Behavior\WriteHtmlCacheBehavior [ RunTime:0.000719s ]
INFO: [ view_filter ] --END-- [ RunTime:0.000823s ]
INFO: [ app_end ] --START--
INFO: Run Behavior\ShowPageTraceBehavior [ RunTime:0.001050s ]
INFO: [ app_end ] --END-- [ RunTime:0.001158s ]

[ 2016-04-20T22:41:04+08:00 ] ::1 /things/IndexJson/index
INFO: [ app_init ] --START--
INFO: Run Behavior\BuildLiteBehavior [ RunTime:0.000028s ]
INFO: [ app_init ] --END-- [ RunTime:0.000770s ]
INFO: [ app_begin ] --START--
INFO: Run Behavior\ReadHtmlCacheBehavior [ RunTime:0.001321s ]
INFO: [ app_begin ] --END-- [ RunTime:0.001487s ]
SQL: SHOW COLUMNS FROM `things_message` [ RunTime:0.0039s ]
SQL: SELECT COUNT(*) AS tp_count FROM `things_message` WHERE ( action="招领" ) LIMIT 1   [ RunTime:0.0005s ]
SQL: SELECT * FROM `things_message` WHERE ( action="招领" ) ORDER BY id desc  [ RunTime:0.0004s ]
SQL: SHOW COLUMNS FROM `things_user` [ RunTime:0.0043s ]
SQL: SELECT `name` FROM `things_user` WHERE ( username="biao" ) LIMIT 1   [ RunTime:0.0004s ]
SQL: SELECT `picture` FROM `things_user` WHERE ( username="biao" ) LIMIT 1   [ RunTime:0.0003s ]
SQL: SELECT `name` FROM `things_user` WHERE ( username="biao" ) LIMIT 1   [ RunTime:0.0003s ]
SQL: SELECT `picture` FROM `things_user` WHERE ( username="biao" ) LIMIT 1   [ RunTime:0.0003s ]
SQL: SELECT `name` FROM `things_user` WHERE ( username="admin" ) LIMIT 1   [ RunTime:0.0003s ]
SQL: SELECT `picture` FROM `things_user` WHERE ( username="admin" ) LIMIT 1   [ RunTime:0.0003s ]
SQL: SELECT `name` FROM `things_user` WHERE ( username="biao" ) LIMIT 1   [ RunTime:0.0003s ]
SQL: SELECT `picture` FROM `things_user` WHERE ( username="biao" ) LIMIT 1   [ RunTime:0.0003s ]
SQL: SELECT `name` FROM `things_user` WHERE ( username="biao" ) LIMIT 1   [ RunTime:0.0003s ]
SQL: SELECT `picture` FROM `things_user` WHERE ( username="biao" ) LIMIT 1   [ RunTime:0.0003s ]
SQL: SELECT `name` FROM `things_user` WHERE ( username="admin" ) LIMIT 1   [ RunTime:0.0003s ]
SQL: SELECT `picture` FROM `things_user` WHERE ( username="admin" ) LIMIT 1   [ RunTime:0.0003s ]
SQL: SELECT `name` FROM `things_user` WHERE ( username="admin" ) LIMIT 1   [ RunTime:0.0003s ]
SQL: SELECT `picture` FROM `things_user` WHERE ( username="admin" ) LIMIT 1   [ RunTime:0.0003s ]
INFO: [ app_end ] --START--
INFO: Run Behavior\ShowPageTraceBehavior [ RunTime:0.001230s ]
INFO: [ app_end ] --END-- [ RunTime:0.001328s ]

[ 2016-04-20T22:41:12+08:00 ] ::1 /things/IndexJson/index
INFO: [ app_init ] --START--
INFO: Run Behavior\BuildLiteBehavior [ RunTime:0.000029s ]
INFO: [ app_init ] --END-- [ RunTime:0.000782s ]
INFO: [ app_begin ] --START--
INFO: Run Behavior\ReadHtmlCacheBehavior [ RunTime:0.000980s ]
INFO: [ app_begin ] --END-- [ RunTime:0.001086s ]
SQL: SHOW COLUMNS FROM `things_message` [ RunTime:0.0044s ]
SQL: SELECT COUNT(*) AS tp_count FROM `things_message` WHERE ( action="招领" ) LIMIT 1   [ RunTime:0.0004s ]
SQL: SELECT * FROM `things_message` WHERE ( action="招领" ) ORDER BY id desc  [ RunTime:0.0004s ]
SQL: SHOW COLUMNS FROM `things_user` [ RunTime:0.0037s ]
SQL: SELECT `name` FROM `things_user` WHERE ( username="biao" ) LIMIT 1   [ RunTime:0.0004s ]
SQL: SELECT `picture` FROM `things_user` WHERE ( username="biao" ) LIMIT 1   [ RunTime:0.0003s ]
SQL: SELECT `name` FROM `things_user` WHERE ( username="biao" ) LIMIT 1   [ RunTime:0.0003s ]
SQL: SELECT `picture` FROM `things_user` WHERE ( username="biao" ) LIMIT 1   [ RunTime:0.0003s ]
SQL: SELECT `name` FROM `things_user` WHERE ( username="admin" ) LIMIT 1   [ RunTime:0.0002s ]
SQL: SELECT `picture` FROM `things_user` WHERE ( username="admin" ) LIMIT 1   [ RunTime:0.0003s ]
SQL: SELECT `name` FROM `things_user` WHERE ( username="biao" ) LIMIT 1   [ RunTime:0.0003s ]
SQL: SELECT `picture` FROM `things_user` WHERE ( username="biao" ) LIMIT 1   [ RunTime:0.0003s ]
SQL: SELECT `name` FROM `things_user` WHERE ( username="biao" ) LIMIT 1   [ RunTime:0.0003s ]
SQL: SELECT `picture` FROM `things_user` WHERE ( username="biao" ) LIMIT 1   [ RunTime:0.0003s ]
SQL: SELECT `name` FROM `things_user` WHERE ( username="admin" ) LIMIT 1   [ RunTime:0.0003s ]
SQL: SELECT `picture` FROM `things_user` WHERE ( username="admin" ) LIMIT 1   [ RunTime:0.0003s ]
SQL: SELECT `name` FROM `things_user` WHERE ( username="admin" ) LIMIT 1   [ RunTime:0.0003s ]
SQL: SELECT `picture` FROM `things_user` WHERE ( username="admin" ) LIMIT 1   [ RunTime:0.0003s ]
INFO: [ app_end ] --START--
INFO: Run Behavior\ShowPageTraceBehavior [ RunTime:0.001175s ]
INFO: [ app_end ] --END-- [ RunTime:0.001273s ]

[ 2016-04-20T22:41:16+08:00 ] ::1 /things/IndexJson/index
INFO: [ app_init ] --START--
INFO: Run Behavior\BuildLiteBehavior [ RunTime:0.000029s ]
INFO: [ app_init ] --END-- [ RunTime:0.000741s ]
INFO: [ app_begin ] --START--
INFO: Run Behavior\ReadHtmlCacheBehavior [ RunTime:0.000976s ]
INFO: [ app_begin ] --END-- [ RunTime:0.001082s ]
SQL: SHOW COLUMNS FROM `things_message` [ RunTime:0.0040s ]
SQL: SELECT COUNT(*) AS tp_count FROM `things_message` WHERE ( action="招领" ) LIMIT 1   [ RunTime:0.0004s ]
SQL: SELECT * FROM `things_message` WHERE ( action="招领" ) ORDER BY id desc  [ RunTime:0.0004s ]
SQL: SHOW COLUMNS FROM `things_user` [ RunTime:0.0044s ]
SQL: SELECT `name` FROM `things_user` WHERE ( username="biao" ) LIMIT 1   [ RunTime:0.0004s ]
SQL: SELECT `picture` FROM `things_user` WHERE ( username="biao" ) LIMIT 1   [ RunTime:0.0003s ]
SQL: SELECT `name` FROM `things_user` WHERE ( username="biao" ) LIMIT 1   [ RunTime:0.0003s ]
SQL: SELECT `picture` FROM `things_user` WHERE ( username="biao" ) LIMIT 1   [ RunTime:0.0003s ]
SQL: SELECT `name` FROM `things_user` WHERE ( username="admin" ) LIMIT 1   [ RunTime:0.0003s ]
SQL: SELECT `picture` FROM `things_user` WHERE ( username="admin" ) LIMIT 1   [ RunTime:0.0003s ]
SQL: SELECT `name` FROM `things_user` WHERE ( username="biao" ) LIMIT 1   [ RunTime:0.0003s ]
SQL: SELECT `picture` FROM `things_user` WHERE ( username="biao" ) LIMIT 1   [ RunTime:0.0003s ]
SQL: SELECT `name` FROM `things_user` WHERE ( username="biao" ) LIMIT 1   [ RunTime:0.0003s ]
SQL: SELECT `picture` FROM `things_user` WHERE ( username="biao" ) LIMIT 1   [ RunTime:0.0003s ]
SQL: SELECT `name` FROM `things_user` WHERE ( username="admin" ) LIMIT 1   [ RunTime:0.0003s ]
SQL: SELECT `picture` FROM `things_user` WHERE ( username="admin" ) LIMIT 1   [ RunTime:0.0003s ]
SQL: SELECT `name` FROM `things_user` WHERE ( username="admin" ) LIMIT 1   [ RunTime:0.0003s ]
SQL: SELECT `picture` FROM `things_user` WHERE ( username="admin" ) LIMIT 1   [ RunTime:0.0003s ]
INFO: [ app_end ] --START--
INFO: Run Behavior\ShowPageTraceBehavior [ RunTime:0.001197s ]
INFO: [ app_end ] --END-- [ RunTime:0.001295s ]

[ 2016-04-20T22:41:22+08:00 ] ::1 /things/IndexJson/index
INFO: [ app_init ] --START--
INFO: Run Behavior\BuildLiteBehavior [ RunTime:0.000028s ]
INFO: [ app_init ] --END-- [ RunTime:0.000677s ]
INFO: [ app_begin ] --START--
INFO: Run Behavior\ReadHtmlCacheBehavior [ RunTime:0.000902s ]
INFO: [ app_begin ] --END-- [ RunTime:0.001002s ]
SQL: SHOW COLUMNS FROM `things_message` [ RunTime:0.0037s ]
SQL: SELECT COUNT(*) AS tp_count FROM `things_message` WHERE ( action="招领" ) LIMIT 1   [ RunTime:0.0003s ]
ERR: 1064:You have an error in your SQL syntax; check the manual that corresponds to your MySQL server version for the right syntax to use near '-2,2' at line 1
 [ SQL语句 ] : SELECT * FROM `things_message` WHERE ( action="招领" ) ORDER BY id desc LIMIT -2,2  
ERR: 1064:You have an error in your SQL syntax; check the manual that corresponds to your MySQL server version for the right syntax to use near '-2,2' at line 1
 [ SQL语句 ] : SELECT * FROM `things_message` WHERE ( action="招领" ) ORDER BY id desc LIMIT -2,2  

